163:/usr/share/lua/5.1/busted/block.lua
0 0 0 0 0 0 0 0 0 0 0 0 0 0 0 11 11 0 11 748 0 748 759 0 11 44 44 792 748 704 0 0 55 0 0 0 0 0 0 11 0 11 132 0 132 88 88 0 0 0 0 132 33 0 132 132 99 0 0 33 33 0 0 0 0 0 0 33 0 33 11 0 11 165 0 165 88 88 0 0 0 0 165 0 165 165 0 0 0 0 0 165 11 0 11 198 198 0 198 198 0 0 0 0 0 0 198 88 0 0 0 198 11 0 11 44 11 0 11 33 33 33 0 44 0 11 33 11 0 11 33 11 0 11 22 0 22 22 22 0 0 0 0 22 0 22 22 0 22 0 0 0 0 22 22 0 0 22 22 0 33 0 11 
38:/usr/share/lua/5.1/busted/compatibility.lua
0 0 0 0 0 0 0 0 0 0 0 0 0 0 0 0 0 0 0 0 0 0 0 0 0 0 0 0 0 0 0 0 0 0 0 0 9 9 
124:/usr/share/lua/5.1/busted/context.lua
0 0 0 11 462 451 0 11 11 11 11 11 0 0 0 11 462 451 0 979 968 0 11 0 0 0 0 0 0 0 0 0 0 0 0 0 0 0 0 0 0 0 0 0 0 0 0 0 0 0 0 0 0 0 0 0 0 0 66 66 11 55 0 55 0 0 66 66 0 0 66 66 0 0 66 11 0 66 0 0 1041 0 0 0 0 0 0 0 0 0 0 0 0 0 0 0 0 0 66 66 66 66 0 0 44 0 0 0 3553 0 0 0 286 286 286 286 286 0 0 286 286 286 286 286 
315:/usr/share/lua/5.1/busted/core.lua
0 0 0 0 0 0 0 0 0 0 7 0 0 0 0 0 0 0 0 0 0 0 0 0 0 0 31 31 7 24 0 0 24 0 0 0 38 0 0 0 11 0 0 0 0 0 0 0 0 0 0 0 0 0 0 0 0 0 0 0 0 0 0 0 0 0 0 0 0 86 86 0 86 86 119 93 33 33 0 0 86 86 0 86 86 0 0 0 31 31 31 31 0 31 31 0 0 0 0 0 31 0 0 0 262 0 0 0 385 0 0 0 0 0 0 0 117 0 179 179 11 11 11 11 11 11 0 0 168 106 106 106 106 106 0 0 62 0 0 0 0 0 0 7 7 7 7 7 7 0 0 0 0 0 0 0 0 0 0 0 0 0 0 0 0 0 11 0 11 0 11 0 0 286 286 286 0 572 31 31 31 603 0 286 31 0 0 0 31 0 0 0 0 0 0 0 0 0 0 0 31 0 286 0 286 286 0 0 0 154 154 154 77 77 77 77 77 77 0 308 154 308 154 0 0 0 0 0 0 0 0 0 0 0 0 0 0 0 0 0 0 0 0 0 0 0 0 0 0 0 0 0 0 0 0 0 0 0 66 0 0 0 0 66 0 66 66 55 0 0 0 66 132 0 66 66 0 0 0 0 0 0 66 66 66 66 66 66 66 66 66 66 66 66 0 0 66 0 66 33 0 33 0 66 0 0 0 33 99 66 66 132 66 0 33 
31:/usr/share/lua/5.1/busted/environment.lua
0 0 0 0 0 0 0 3251 0 3240 2419 3240 0 0 0 0 0 0 0 0 832 0 0 0 0 0 0 0 0 0 11 
72:/usr/share/lua/5.1/busted/execute.lua
11 11 11 0 0 0 0 0 0 0 0 0 11 0 0 11 0 0 11 11 0 0 0 0 0 0 0 0 0 0 0 0 0 0 0 0 0 0 11 0 22 11 0 0 0 0 0 11 0 11 0 0 0 0 11 11 11 11 0 11 11 0 11 0 11 0 0 0 22 0 11 11 
127:/usr/share/lua/5.1/busted/init.lua
0 0 0 0 11 11 11 0 11 11 0 0 11 11 11 0 11 11 0 0 44 44 0 44 0 0 0 0 44 0 44 44 44 0 44 0 44 44 44 44 44 0 0 0 0 0 0 44 0 0 44 44 0 0 0 0 0 0 0 0 0 0 0 0 0 0 0 0 0 0 0 0 0 0 0 0 0 0 0 0 0 0 0 0 0 0 0 0 0 0 0 0 0 0 0 0 0 0 0 0 0 0 0 0 0 0 0 0 0 0 0 0 0 0 0 0 0 0 0 0 0 0 0 0 0 0 495 
50:/usr/share/lua/5.1/busted/languages/en.lua
11 0 11 0 0 11 11 11 11 0 11 11 11 11 0 11 11 11 11 0 11 11 11 11 0 11 0 11 11 0 0 11 11 11 11 11 11 11 11 11 0 11 11 11 11 11 11 0 11 11 
23:/usr/share/lua/5.1/busted/modules/files/lua.lua
11 0 11 0 0 86 86 86 11 0 0 11 11 0 0 11 11 0 0 11 11 0 11 
107:/usr/share/lua/5.1/busted/modules/files/moonscript.lua
11 0 22 11 11 0 11 0 0 0 0 0 0 0 0 0 0 11 0 0 0 0 0 0 0 0 0 0 0 0 11 0 0 0 0 0 11 0 0 0 0 0 0 0 0 0 0 0 0 0 0 0 0 0 0 0 0 0 0 0 0 0 0 0 0 0 11 0 11 0 0 0 0 0 0 0 0 0 0 0 11 0 0 0 0 0 0 0 0 0 0 0 11 0 0 0 11 0 0 0 0 0 0 0 11 0 11 
129:/usr/share/lua/5.1/busted/modules/filter_loader.lua
0 0 0 44 44 0 88 88 44 44 0 0 44 11 0 0 0 0 11 0 0 55 0 0 0 0 55 11 0 0 44 44 0 0 0 0 44 11 0 0 55 0 0 0 0 55 11 0 0 44 0 0 0 0 44 11 0 0 0 0 0 0 0 0 0 0 0 11 0 0 0 11 0 11 0 0 0 0 0 0 11 0 0 0 11 0 0 88 154 110 0 0 99 0 0 0 0 0 0 0 0 11 0 11 0 0 0 0 0 0 0 0 0 0 0 0 0 0 11 11 11 11 0 0 11 11 11 11 11 
34:/usr/share/lua/5.1/busted/modules/output_handler_loader.lua
0 0 0 0 0 0 0 0 11 22 11 0 11 0 0 11 0 22 0 11 0 0 0 11 0 0 0 0 11 0 0 0 11 11 
101:/usr/share/lua/5.1/busted/modules/test_file_loader.lua
11 0 0 11 11 11 11 0 33 22 22 0 0 0 0 0 11 0 11 11 11 0 22 108 108 0 0 0 0 195 108 21 0 0 87 22 0 22 21 0 0 21 0 22 0 0 0 0 0 11 11 11 0 0 11 22 11 0 11 11 0 0 0 11 11 11 0 0 11 0 0 11 0 22 11 0 11 22 11 11 11 11 0 0 11 0 0 0 11 0 0 0 0 0 0 0 11 11 0 11 11 
179:/usr/share/lua/5.1/busted/outputHandlers/base.lua
0 11 11 11 11 11 11 11 11 11 11 11 0 0 0 176 11 0 0 11 11 0 11 0 0 0 11 11 11 11 11 11 11 11 11 11 22 0 0 132 132 0 264 264 0 132 132 0 0 132 11 0 0 0 44 435 391 303 0 0 44 44 0 44 44 44 44 44 44 44 0 44 0 44 11 0 0 0 0 0 0 0 11 0 0 11 11 11 11 0 0 0 0 0 0 0 0 0 0 0 0 0 11 0 0 11 11 11 11 0 0 44 44 11 0 0 0 0 44 13 13 31 0 0 31 0 7 7 24 0 24 24 0 0 13 0 13 13 13 0 0 0 13 0 0 13 0 13 11 0 0 0 0 0 0 11 0 0 7 7 11 0 0 24 24 24 11 0 0 31 0 0 0 0 31 11 0 11 11 
286:/usr/share/lua/5.1/busted/outputHandlers/gtest.lua
11 11 11 11 0 11 0 11 11 0 11 87 0 10 0 0 0 11 11 0 11 11 11 11 11 11 11 11 11 11 11 11 11 11 0 11 11 11 11 11 11 0 11 11 11 11 11 0 11 11 11 11 11 0 0 11 11 11 11 11 11 11 0 0 0 0 0 0 0 0 0 0 0 0 11 0 0 31 31 31 0 0 0 0 0 0 31 0 31 0 0 0 31 11 0 0 119 119 119 119 0 119 11 0 0 33 33 33 9 9 9 0 9 9 40 31 31 31 0 0 0 0 0 33 11 0 0 33 33 33 9 9 9 0 33 11 0 0 11 11 0 11 11 11 0 11 11 11 11 0 11 11 0 0 88 11 0 0 0 0 0 0 0 0 0 0 0 11 0 0 11 0 0 11 0 0 11 11 11 0 11 11 0 0 11 11 11 11 11 11 11 0 11 11 0 0 11 11 11 11 11 0 0 11 11 11 11 11 11 11 0 0 44 44 0 44 11 0 0 44 44 0 44 44 44 13 13 31 0 0 31 7 7 24 24 24 0 0 44 44 0 44 11 0 0 7 7 7 0 7 11 0 0 24 24 24 0 24 11 0 0 31 0 0 0 0 0 0 0 31 11 0 11 11 11 11 11 11 11 11 11 11 11 0 11 11 
208:/usr/share/lua/5.1/busted/runner.lua
0 0 0 0 0 0 0 0 0 0 0 0 0 0 0 0 0 0 0 0 0 0 0 0 0 0 0 0 0 0 0 0 0 0 0 0 0 0 0 0 0 0 0 0 0 0 0 0 0 0 0 0 0 0 0 0 0 0 0 11 0 0 0 0 0 0 11 0 0 0 0 11 0 0 0 0 0 11 11 0 0 11 11 0 0 0 11 11 0 0 0 0 0 11 11 11 0 22 0 0 11 0 22 0 0 11 0 22 24 24 24 11 0 22 7 7 0 0 0 7 7 11 0 0 11 11 11 0 0 22 11 11 11 11 11 11 11 0 0 0 11 11 0 0 0 0 0 0 0 0 0 0 0 0 0 0 0 0 0 11 0 0 0 0 0 0 0 0 22 11 11 11 11 11 11 11 0 0 11 0 11 11 11 22 11 11 11 11 0 0 0 0 0 0 11 11 22 11 11 11 0 0 11 0 11 9 0 2 
42:/usr/share/lua/5.1/busted/status.lua
0 374 374 374 374 374 374 374 374 0 374 0 0 0 330 330 506 330 330 330 0 0 0 330 0 0 0 330 0 0 0 44 44 44 0 374 0 0 660 330 418 330 
35:/usr/share/lua/5.1/busted/utils.lua
0 0 0 11 11 33 22 22 0 0 11 0 0 0 0 0 0 0 0 0 0 0 0 0 0 0 11 11 11 11 11 55 44 0 11 
177:/usr/share/lua/5.1/luassert/assert.lua
0 0 0 0 0 0 0 0 0 0 0 7 0 7 0 0 7 7 0 0 7 0 0 0 0 0 38 0 38 0 76 38 0 0 38 76 38 0 0 0 0 38 38 38 0 38 7 7 0 0 7 7 0 0 31 0 0 31 0 0 0 0 0 0 0 0 0 0 0 0 0 0 0 0 124 62 0 0 62 0 0 0 0 62 0 0 0 0 0 0 0 0 0 0 0 0 0 0 0 0 0 0 0 0 0 0 0 0 0 0 0 0 0 0 0 0 0 0 0 0 0 7 7 21 14 14 14 14 14 0 0 7 0 0 0 0 0 0 0 0 0 0 0 0 0 0 0 0 0 0 0 0 0 0 0 0 0 0 0 0 0 0 0 0 0 0 0 0 38 0 0 0 38 0 0 0 62 
141:/usr/share/lua/5.1/luassert/assertions.lua
0 0 0 0 0 0 0 0 0 0 0 0 0 0 0 0 0 0 38 0 0 38 0 0 0 0 0 0 0 0 0 0 0 0 0 0 0 0 0 0 0 0 0 0 0 0 0 0 0 0 0 0 0 0 0 0 0 0 0 0 0 0 0 0 0 0 0 0 0 0 0 0 0 0 0 0 0 0 0 0 0 0 0 0 0 0 0 0 0 0 0 0 0 0 0 0 0 0 0 0 0 0 0 0 0 0 0 0 0 0 0 0 0 0 0 0 0 0 0 0 0 0 0 38 38 38 38 0 0 0 0 0 0 0 0 0 38 0 38 38 38 
202:/usr/share/lua/5.1/luassert/formatters/init.lua
0 0 0 0 0 0 0 0 0 0 0 0 0 0 0 0 0 0 0 0 0 0 0 0 0 0 0 0 14 0 0 0 14 0 14 0 14 0 0 0 14 0 14 0 0 0 0 0 14 0 0 0 14 14 0 0 0 0 14 0 0 14 0 0 14 0 0 14 0 0 0 0 0 0 0 0 0 0 0 0 0 0 0 0 0 0 0 0 0 0 0 0 0 0 0 0 0 0 0 0 0 0 0 0 0 0 0 0 0 0 0 0 0 0 0 14 14 0 0 0 0 0 0 0 0 0 0 0 0 0 0 0 0 0 0 0 0 0 0 0 0 0 0 0 0 0 0 0 0 0 0 0 0 0 0 0 0 0 0 0 0 0 0 0 0 0 0 0 0 0 0 0 0 0 0 0 0 0 0 0 0 0 0 0 0 14 0 0 0 14 0 0 14 0 0 14 0 0 14 0 0 14 
92:/usr/share/lua/5.1/luassert/state.lua
0 0 0 0 0 0 0 0 0 0 0 0 0 0 0 0 0 0 0 0 0 0 0 0 0 0 0 0 0 0 0 0 0 0 0 0 0 0 0 0 0 0 0 0 0 0 0 0 0 0 0 0 0 0 0 0 0 0 0 0 0 0 0 0 0 0 0 0 0 0 0 0 0 0 0 0 0 0 0 0 0 0 0 0 0 0 0 0 14 98 98 98 
283:/usr/share/lua/5.1/luassert/util.lua
0 0 0 0 0 0 0 0 0 0 0 0 0 0 0 0 0 0 0 0 0 0 0 0 0 0 0 0 0 0 0 0 0 0 0 0 0 0 0 0 0 0 0 0 0 0 0 0 0 0 0 0 0 0 0 0 0 0 0 0 0 0 0 0 0 0 0 0 0 0 0 0 0 0 0 0 0 0 0 0 0 0 0 0 0 0 0 0 0 0 0 0 0 0 0 0 0 0 0 0 0 0 0 0 0 0 0 0 0 0 0 0 0 0 0 0 0 0 0 0 0 0 0 0 0 0 0 0 0 0 0 0 0 0 0 0 0 0 0 0 0 0 0 0 0 0 0 0 0 0 0 0 0 38 38 38 38 38 38 0 0 0 0 38 38 0 38 0 0 0 0 0 76 38 0 0 38 38 0 0 0 0 0 0 0 0 0 38 38 0 38 0 0 0 0 0 38 0 76 38 0 0 38 38 38 0 0 0 0 0 0 0 0 0 0 0 0 0 0 0 0 0 0 7 0 0 0 0 0 0 0 0 45 45 45 45 90 45 45 45 0 45 45 0 0 0 0 0 0 0 0 38 0 0 38 38 38 76 38 38 0 0 38 38 0 0 0 0 0 0 38 38 38 0 38 0 0 0 38 0 0 0 38 
154:/usr/share/lua/5.1/mediator.lua
0 385 0 0 0 385 385 385 385 0 0 0 0 0 385 0 385 385 0 0 0 0 0 231 231 231 231 231 231 0 0 385 385 0 385 0 385 220 220 0 209 0 0 385 0 385 231 0 0 0 0 0 0 0 0 0 0 0 0 231 0 0 0 0 0 0 0 0 231 0 0 231 231 231 0 0 0 231 0 0 1206 231 0 0 0 0 0 0 0 0 0 0 0 231 0 0 1238 661 0 0 661 0 661 0 661 661 0 0 0 577 381 0 196 0 231 231 0 0 0 0 0 0 0 0 0 0 0 0 0 0 0 647 0 1853 1206 0 0 647 0 0 0 385 0 0 0 0 0 0 0 0 0 0 0 262 
476:/usr/share/lua/5.1/pl/dir.lua
0 0 0 0 0 0 11 11 11 11 11 11 11 11 11 11 11 11 11 11 11 11 0 11 0 0 11 22 0 0 0 11 0 0 108 108 11 0 0 0 0 0 0 0 11 0 0 0 11 0 0 0 0 0 0 0 11 0 0 0 0 0 0 0 0 11 0 0 0 0 0 0 0 0 0 0 0 0 0 0 11 0 0 0 0 0 0 11 0 0 0 0 0 0 0 0 0 0 11 0 0 0 0 0 11 0 0 11 0 0 0 0 0 0 0 0 11 0 0 11 0 0 0 0 0 0 0 0 0 0 0 11 0 0 0 0 0 0 0 0 0 0 0 0 0 0 0 0 0 0 0 0 0 0 0 0 0 0 0 0 0 0 0 0 0 0 0 0 0 0 0 0 0 0 0 0 0 0 0 0 0 0 0 0 0 0 0 0 0 11 0 0 0 11 0 0 0 0 0 0 0 0 0 0 0 0 0 0 0 0 0 0 0 0 0 0 0 0 0 0 0 0 0 0 0 0 0 0 0 0 0 0 0 0 11 0 0 0 0 0 0 0 11 0 0 0 0 11 0 0 0 0 0 0 11 0 0 0 11 0 0 0 0 0 0 0 0 0 0 0 0 0 0 0 0 11 0 0 0 0 0 0 0 0 0 11 0 0 0 0 0 0 0 0 0 0 0 0 0 0 11 0 0 0 0 0 0 0 0 11 0 0 0 0 0 0 11 0 0 0 0 0 0 0 0 0 11 0 11 11 0 0 11 0 0 11 0 0 0 0 0 0 0 0 0 0 0 0 0 11 0 0 0 0 0 0 11 0 0 11 0 0 0 0 0 0 0 0 0 0 0 0 0 0 11 0 0 0 0 0 0 0 0 0 0 0 0 0 0 0 0 0 0 0 0 0 0 0 0 0 0 0 0 0 0 0 0 0 0 0 0 0 0 0 0 0 11 0 0 0 0 0 11 11 11 11 0 11 11 0 0 0 0 185 163 119 119 119 119 119 11 0 0 0 0 33 0 22 11 0 0 0 0 0 0 0 0 11 11 11 0 11 11 130 119 108 108 108 0 0 0 0 11 11 0 11 
276:/usr/share/lua/5.1/pl/path.lua
0 0 0 0 0 0 0 0 0 0 0 0 0 0 0 0 0 0 0 0 0 0 0 0 0 0 0 0 0 0 0 0 0 0 0 0 0 0 0 0 0 0 0 0 0 0 0 0 0 0 0 0 0 0 0 0 141 141 0 0 141 0 0 0 0 0 11 11 0 0 0 0 0 0 0 0 0 0 0 0 0 0 0 0 0 0 0 0 0 0 0 0 119 119 0 0 0 0 0 0 0 0 0 0 0 0 0 0 0 0 0 0 0 0 0 0 0 0 4844 0 0 0 0 0 0 0 0 0 0 0 0 0 0 0 0 0 0 0 0 0 0 0 0 0 0 0 0 0 0 0 287 287 287 4800 4513 4513 0 287 0 0 287 0 0 0 0 0 0 0 0 0 0 0 0 0 0 0 0 0 0 0 0 0 0 0 0 0 0 0 11 11 11 44 33 0 0 33 33 0 11 0 0 11 0 0 0 0 0 0 179 179 179 0 0 0 0 0 108 108 108 0 0 0 0 0 11 11 11 0 0 0 0 0 0 0 0 0 0 0 0 0 0 0 0 0 0 0 0 0 0 0 0 0 0 0 0 0 0 0 0 0 0 0 0 0 0 0 0 0 0 0 0 108 108 0 0 108 
793:/usr/share/lua/5.1/pl/tablex.lua
0 0 0 0 0 0 0 0 0 0 0 0 0 0 0 0 0 0 0 0 0 0 0 0 22 22 0 0 0 0 0 0 0 0 0 0 0 22 0 0 22 0 0 22 0 0 22 0 0 0 0 0 0 0 0 0 0 0 0 0 0 0 0 0 0 0 0 0 0 0 0 0 0 0 0 0 0 0 0 0 0 0 0 0 0 0 0 0 22 22 990 968 0 22 0 0 0 0 0 0 0 0 0 0 0 0 0 0 0 0 0 0 0 0 0 0 0 0 0 0 0 0 0 0 0 0 0 0 0 0 0 0 0 0 0 0 0 0 0 0 0 0 0 0 0 0 0 0 0 0 0 0 0 0 0 0 0 0 0 0 0 0 0 0 0 0 0 0 0 0 0 0 0 0 0 0 0 0 0 0 0 0 0 0 0 0 0 0 0 0 0 0 0 0 0 0 0 0 0 0 0 0 0 0 0 0 0 0 0 0 0 0 0 0 0 0 0 0 0 0 0 0 0 0 0 0 0 0 0 0 0 0 0 0 0 0 0 0 0 0 0 0 0 0 0 0 0 0 0 0 0 0 0 0 0 0 0 0 0 0 0 0 0 0 0 0 0 0 0 0 0 0 0 0 0 0 0 0 0 0 0 0 0 0 0 0 0 0 0 0 0 0 0 0 0 0 0 0 0 0 0 0 0 0 0 0 0 0 0 0 0 0 0 0 0 0 0 0 0 0 0 0 0 0 0 0 0 0 0 0 0 0 0 0 0 0 0 0 0 0 0 0 0 0 0 0 0 0 0 0 0 0 0 0 0 0 0 0 0 0 0 0 0 0 0 0 0 0 0 0 0 0 0 0 0 0 0 0 0 0 0 0 0 0 0 0 0 0 0 0 0 0 0 0 0 0 0 0 0 0 0 0 0 0 0 0 0 0 0 0 0 0 0 0 0 0 0 0 0 0 0 0 0 0 0 0 0 0 0 0 0 0 0 0 0 0 0 0 0 0 0 0 0 0 0 0 0 0 0 0 0 0 0 0 0 0 0 0 0 0 0 0 0 0 0 0 0 0 0 0 0 0 0 0 0 0 0 0 0 0 0 0 0 0 0 0 0 0 0 0 0 0 0 0 0 0 0 0 0 0 0 0 0 0 0 0 0 0 0 0 0 0 0 0 0 0 0 0 0 0 0 0 0 0 0 0 0 0 0 0 0 0 0 0 0 0 0 0 0 0 0 0 0 0 0 0 0 0 0 0 0 0 0 0 0 0 0 0 0 0 0 0 0 0 0 0 0 0 0 0 0 0 0 0 0 0 0 0 0 0 0 0 0 0 0 0 0 0 0 0 0 0 0 0 0 0 0 0 0 0 0 0 0 0 0 0 0 0 0 0 0 0 0 0 0 0 0 0 0 0 0 0 0 0 0 0 0 0 22 22 22 151 129 129 32 32 0 0 22 0 0 0 0 0 0 0 0 0 0 0 0 0 0 0 0 0 0 0 0 0 0 0 0 0 0 0 0 0 0 0 0 0 0 0 0 0 0 0 0 0 0 0 0 0 0 0 0 0 0 0 0 0 0 0 0 0 0 0 0 0 0 0 0 0 0 0 0 0 0 0 0 0 0 0 0 0 0 0 0 0 0 0 0 0 0 0 0 0 0 0 0 0 0 0 0 0 0 0 0 0 0 0 0 0 0 0 0 0 0 0 0 0 0 0 0 0 0 0 0 0 0 0 0 0 0 0 0 0 0 0 0 0 0 0 0 0 11 11 11 11 0 0 0 11 11 0 0 11 22 11 0 0 11 
81:/usr/share/lua/5.1/pl/types.lua
0 0 0 0 0 0 0 0 0 0 0 0 0 0 0 0 0 0 0 0 0 0 0 0 0 0 0 0 0 0 0 0 0 0 0 0 0 0 0 0 0 0 0 0 0 0 0 0 0 0 0 0 0 0 0 0 0 0 0 0 0 0 0 0 44 0 0 0 0 0 0 22 22 0 0 0 0 0 0 22 22 
401:/usr/share/lua/5.1/pl/utils.lua
0 0 0 0 0 0 0 0 0 0 0 0 0 0 0 0 0 0 0 0 0 0 0 0 0 0 0 0 0 0 0 0 0 0 0 0 0 0 0 0 0 0 0 0 0 0 0 0 0 0 0 0 0 0 0 0 0 0 0 0 0 0 0 0 0 0 0 0 0 0 0 0 0 0 0 0 0 0 0 0 0 0 0 0 0 0 0 0 0 0 0 0 0 0 0 0 0 0 0 0 0 108 108 0 0 0 0 0 0 0 0 0 0 0 0 0 0 0 0 0 0 0 0 0 0 0 0 0 0 0 0 0 0 0 0 0 0 0 0 0 0 0 0 0 0 0 0 0 0 0 0 0 0 0 0 0 0 0 0 0 0 0 0 0 0 0 0 0 0 0 0 0 0 0 0 0 0 0 0 0 0 0 0 0 0 0 0 0 0 0 0 0 0 0 0 0 0 0 0 0 0 0 0 0 0 0 0 0 0 0 0 0 0 0 0 0 0 0 0 0 0 0 0 0 0 0 0 0 0 0 0 0 0 0 0 0 0 0 0 0 0 0 0 0 0 0 0 0 0 0 0 0 0 0 0 0 0 0 0 0 0 0 0 0 0 0 0 0 0 0 0 0 0 0 0 0 0 0 0 0 0 0 0 0 0 0 0 0 0 0 0 0 0 0 0 0 0 0 0 0 0 0 0 0 0 0 0 0 0 0 0 0 0 0 0 0 0 0 0 0 0 0 0 22 22 22 0 0 0 0 0 0 0 0 0 0 0 0 0 0 0 0 0 0 0 0 0 0 0 0 0 0 0 0 0 0 0 0 0 0 0 0 0 0 0 0 0 0 0 0 0 0 0 0 0 0 0 0 0 0 0 0 0 0 0 0 1127 0 0 1127 0 0 1127 0 0 0 0 0 0 1083 1083 
48:/usr/share/lua/5.1/say/init.lua
0 0 0 0 0 0 0 0 0 0 0 0 0 11 11 0 0 11 0 0 0 0 0 0 0 0 0 209 209 0 0 0 0 45 0 45 0 45 0 0 45 45 0 173 128 0 0 45 
39:/usr/share/lua/5.1/term/colors.lua
0 0 0 0 0 0 0 0 0 0 0 0 0 0 0 0 0 0 0 0 0 0 0 0 0 0 0 0 0 0 1046 0 0 0 1046 0 0 0 523 
47:sum-of-multiples.lua
0 0 95 0 1269 1174 307 0 4 24 83 53 12 0 61 0 49 0 12 12 79 85 55 78 98 273 220 16 4 28 258 232 14 12 228 188 0 0 201 0 29 37 0 37 37 37 5 
24:sum-of-multiples_spec.lua
11 0 22 22 11 5 16 0 22 11 5 3 14 0 22 11 2 13 0 22 11 3 14 33 
