163:/usr/share/lua/5.1/busted/block.lua
0 0 0 0 0 0 0 0 0 0 0 0 0 0 0 9 9 0 9 2142 0 2142 2151 0 9 126 126 2268 2142 2016 0 0 135 0 0 0 0 0 0 9 0 9 378 0 378 252 252 0 0 0 0 378 27 0 378 378 351 0 0 27 27 0 0 0 0 0 0 27 0 27 9 0 9 405 0 405 252 252 0 0 0 0 405 0 405 405 0 0 0 0 0 405 9 0 9 432 432 0 432 432 0 0 0 0 0 0 432 252 0 0 0 432 9 0 9 126 9 0 9 27 27 27 0 36 0 9 27 9 0 9 27 9 0 9 18 0 18 18 18 0 0 0 0 18 0 18 18 0 18 0 0 0 0 18 18 0 0 18 18 0 27 0 9 
38:/usr/share/lua/5.1/busted/compatibility.lua
0 0 0 0 0 0 0 0 0 0 0 0 0 0 0 0 0 0 0 0 0 0 0 0 0 0 0 0 0 0 0 0 0 0 0 0 8 8 
124:/usr/share/lua/5.1/busted/context.lua
0 0 0 9 378 369 0 9 9 9 9 9 0 0 0 9 378 369 0 801 792 0 9 0 0 0 0 0 0 0 0 0 0 0 0 0 0 0 0 0 0 0 0 0 0 0 0 0 0 0 0 0 0 0 0 0 0 0 144 144 9 135 0 135 0 0 144 144 0 0 144 144 0 0 144 9 0 144 0 0 2727 0 0 0 0 0 0 0 0 0 0 0 0 0 0 0 0 0 144 144 144 144 0 0 36 0 0 0 9376 0 0 0 594 594 594 594 594 0 0 594 594 594 594 594 
315:/usr/share/lua/5.1/busted/core.lua
0 0 0 0 0 0 0 0 0 0 32 0 0 0 0 0 0 0 0 0 0 0 0 0 0 0 32 32 32 0 0 0 0 0 0 0 64 0 0 0 9 0 0 0 0 0 0 0 0 0 0 0 0 0 0 0 0 0 0 0 0 0 0 0 0 0 0 0 0 167 167 0 167 167 263 199 96 96 0 0 167 167 0 167 167 0 0 0 32 32 32 32 0 32 32 0 0 0 0 0 32 0 0 0 491 0 0 0 315 0 0 0 0 0 0 0 199 0 263 263 9 9 9 9 9 9 0 0 254 190 190 190 190 190 0 0 64 0 0 0 0 0 0 32 32 32 32 32 32 0 0 0 0 0 0 0 0 0 0 0 0 0 0 0 0 0 9 0 9 0 9 0 0 594 594 594 0 1188 32 32 32 1220 0 594 32 0 0 0 32 0 0 0 0 0 0 0 0 0 0 0 32 0 594 0 594 594 0 0 0 306 306 306 153 153 153 153 153 153 0 612 306 612 306 0 0 0 0 0 0 0 0 0 0 0 0 0 0 0 0 0 0 0 0 0 0 0 0 0 0 0 0 0 0 0 0 0 0 0 144 0 0 0 0 144 0 144 144 135 0 0 0 144 288 0 144 144 0 0 0 0 0 0 144 144 144 144 144 144 144 144 144 144 144 144 0 0 144 0 144 27 0 117 0 144 0 0 0 27 171 144 144 288 144 0 27 
31:/usr/share/lua/5.1/busted/environment.lua
0 0 0 0 0 0 0 8991 0 8982 6705 8982 0 0 0 0 0 0 0 0 2286 0 0 0 0 0 0 0 0 0 9 
72:/usr/share/lua/5.1/busted/execute.lua
9 9 9 0 0 0 0 0 0 0 0 0 9 0 0 9 0 0 9 9 0 0 0 0 0 0 0 0 0 0 0 0 0 0 0 0 0 0 9 0 18 9 0 0 0 0 0 9 0 9 0 0 0 0 9 9 9 9 0 9 9 0 9 0 9 0 0 0 18 0 9 9 
127:/usr/share/lua/5.1/busted/init.lua
0 0 0 0 9 9 9 0 9 9 0 0 9 9 9 0 9 9 0 0 126 126 0 126 0 0 0 0 126 0 126 126 126 0 126 0 126 126 126 126 126 0 0 0 0 0 0 126 0 0 126 126 0 0 0 0 0 0 0 0 0 0 0 0 0 0 0 0 0 0 0 0 0 0 0 0 0 0 0 0 0 0 0 0 0 0 0 0 0 0 0 0 0 0 0 0 0 0 0 0 0 0 0 0 0 0 0 0 0 0 0 0 0 0 0 0 0 0 0 0 0 0 0 0 0 0 945 
50:/usr/share/lua/5.1/busted/languages/en.lua
9 0 9 0 0 9 9 9 9 0 9 9 9 9 0 9 9 9 9 0 9 9 9 9 0 9 0 9 9 0 0 9 9 9 9 9 9 9 9 9 0 9 9 9 9 9 9 0 9 9 
23:/usr/share/lua/5.1/busted/modules/files/lua.lua
9 0 9 0 0 167 167 167 9 0 0 9 9 0 0 9 9 0 0 9 9 0 9 
107:/usr/share/lua/5.1/busted/modules/files/moonscript.lua
9 0 18 9 9 0 9 0 0 0 0 0 0 0 0 0 0 9 0 0 0 0 0 0 0 0 0 0 0 0 9 0 0 0 0 0 9 0 0 0 0 0 0 0 0 0 0 0 0 0 0 0 0 0 0 0 0 0 0 0 0 0 0 0 0 0 9 0 9 0 0 0 0 0 0 0 0 0 0 0 9 0 0 0 0 0 0 0 0 0 0 0 9 0 0 0 9 0 0 0 0 0 0 0 9 0 9 
129:/usr/share/lua/5.1/busted/modules/filter_loader.lua
0 0 0 126 126 0 252 252 126 126 0 0 126 9 0 0 0 0 9 0 0 135 0 0 0 0 135 9 0 0 126 126 0 0 0 0 126 9 0 0 135 0 0 0 0 135 9 0 0 126 0 0 0 0 126 9 0 0 0 0 0 0 0 0 0 0 0 9 0 0 0 9 0 9 0 0 0 0 0 0 9 0 0 0 9 0 0 72 126 90 0 0 81 0 0 0 0 0 0 0 0 9 0 9 0 0 0 0 0 0 0 0 0 0 0 0 0 0 9 9 9 9 0 0 9 9 9 9 9 
34:/usr/share/lua/5.1/busted/modules/output_handler_loader.lua
0 0 0 0 0 0 0 0 9 18 9 0 9 0 0 9 0 18 0 9 0 0 0 9 0 0 0 0 9 0 0 0 9 9 
101:/usr/share/lua/5.1/busted/modules/test_file_loader.lua
9 0 0 9 9 9 9 0 27 18 18 0 0 0 0 0 9 0 9 9 9 0 18 100 100 0 0 0 0 189 100 11 0 0 89 18 0 18 11 0 0 11 0 18 0 0 0 0 0 9 9 9 0 0 9 18 9 0 9 9 0 0 0 9 9 9 0 0 9 0 0 9 0 18 9 0 9 18 9 9 9 9 0 0 9 0 0 0 9 0 0 0 0 0 0 0 9 9 0 9 9 
179:/usr/share/lua/5.1/busted/outputHandlers/base.lua
0 9 9 9 9 9 9 9 9 9 9 9 0 0 0 504 9 0 0 9 9 0 9 0 0 0 9 9 9 9 9 9 9 9 9 9 18 0 0 378 378 0 756 756 0 378 378 0 0 378 9 0 0 0 126 1416 1290 1038 0 0 126 126 0 126 126 126 126 126 126 126 0 126 0 126 9 0 0 0 0 0 0 0 9 0 0 9 9 9 9 0 0 0 0 0 0 0 0 0 0 0 0 0 9 0 0 9 9 9 9 0 0 126 126 9 0 0 0 0 126 94 94 32 0 0 32 0 32 32 0 0 0 0 0 0 94 0 94 94 94 0 0 0 94 0 0 94 0 94 9 0 0 0 0 0 0 9 0 0 32 32 9 0 0 0 0 0 9 0 0 32 0 0 0 0 32 9 0 9 9 
286:/usr/share/lua/5.1/busted/outputHandlers/gtest.lua
9 9 9 9 0 9 0 9 9 0 9 2055 0 0 0 0 0 9 9 0 9 9 9 9 9 9 9 9 9 9 9 9 9 9 0 9 9 9 9 9 9 0 9 9 9 9 9 0 9 9 9 9 9 0 0 9 9 9 9 9 9 9 0 0 0 0 0 0 0 0 0 0 0 0 9 0 0 32 32 32 0 0 0 0 0 0 32 0 32 0 0 0 32 9 0 0 284 284 284 284 0 284 9 0 0 27 27 27 8 8 8 0 8 8 40 32 32 32 0 0 0 0 0 27 9 0 0 27 27 27 8 8 8 0 27 9 0 0 9 9 0 9 9 9 0 9 9 9 9 0 9 9 0 0 252 9 0 0 0 0 0 0 0 0 0 0 0 9 0 0 9 0 0 9 0 0 9 9 9 0 9 9 0 0 9 9 9 9 9 9 9 0 9 9 0 0 9 9 9 9 9 0 0 9 9 9 9 9 9 9 0 0 126 126 0 126 9 0 0 126 126 0 126 126 126 94 94 32 0 0 32 32 32 0 0 0 0 0 126 126 0 126 9 0 0 32 32 32 0 32 9 0 0 0 0 0 0 0 9 0 0 32 0 0 0 0 0 0 0 32 9 0 9 9 9 9 9 9 9 9 9 9 9 0 9 9 
208:/usr/share/lua/5.1/busted/runner.lua
0 0 0 0 0 0 0 0 0 0 0 0 0 0 0 0 0 0 0 0 0 0 0 0 0 0 0 0 0 0 0 0 0 0 0 0 0 0 0 0 0 0 0 0 0 0 0 0 0 0 0 0 0 0 0 0 0 0 0 9 0 0 0 0 0 0 9 0 0 0 0 9 0 0 0 0 0 9 9 0 0 9 9 0 0 0 9 9 0 0 0 0 0 9 9 9 0 18 0 0 9 0 18 0 0 9 0 18 0 0 0 9 0 18 32 32 0 0 0 32 32 9 0 0 9 9 9 0 0 18 9 9 9 9 9 9 9 0 0 0 9 9 0 0 0 0 0 0 0 0 0 0 0 0 0 0 0 0 0 9 0 0 0 0 0 0 0 0 18 9 9 9 9 9 9 9 0 0 9 0 9 9 9 18 9 9 9 9 0 0 0 0 0 0 9 9 18 9 9 9 0 0 9 0 9 8 0 1 
42:/usr/share/lua/5.1/busted/status.lua
0 846 846 846 846 846 846 846 846 0 846 0 0 0 720 720 1044 720 720 720 0 0 0 720 0 0 0 720 0 0 0 126 126 126 0 846 0 0 1440 720 972 720 
35:/usr/share/lua/5.1/busted/utils.lua
0 0 0 9 9 27 18 18 0 0 9 0 0 0 0 0 0 0 0 0 0 0 0 0 0 0 9 9 9 9 9 45 36 0 9 
177:/usr/share/lua/5.1/luassert/assert.lua
0 0 0 0 0 0 0 0 0 0 0 32 0 32 0 0 32 32 0 0 32 0 0 0 0 0 126 0 126 0 378 252 0 0 126 378 252 126 0 0 0 126 126 126 0 126 32 32 0 0 32 32 0 0 94 4 0 90 0 0 0 0 0 0 0 0 0 0 0 0 0 0 0 0 468 252 0 0 216 0 0 0 0 126 0 0 0 0 0 0 0 0 0 0 0 0 0 0 0 0 0 0 0 0 0 0 0 0 0 0 0 0 0 0 0 0 0 0 0 0 0 32 32 96 64 32 32 32 32 0 0 32 0 0 0 0 0 0 0 0 0 0 0 0 0 0 0 0 0 0 0 0 0 0 0 0 0 0 0 0 0 0 0 0 0 0 0 0 126 0 0 0 126 0 0 0 126 
184:/usr/share/lua/5.1/luassert/assertions.lua
0 0 0 0 0 0 0 0 0 0 0 0 0 0 0 0 0 0 126 0 0 126 0 0 0 0 0 0 0 0 0 0 0 0 0 0 0 0 0 0 0 0 0 0 0 0 0 0 0 0 0 0 0 0 0 0 0 0 0 0 0 0 0 0 0 0 0 0 0 0 0 0 0 0 0 0 0 0 0 0 0 0 0 0 0 0 0 0 0 0 0 0 0 0 0 0 0 0 0 0 0 0 0 0 0 0 0 0 0 0 0 0 90 90 90 90 0 90 90 90 0 0 0 0 0 0 0 0 0 0 0 0 0 0 0 0 0 0 0 0 0 0 0 0 0 0 0 0 0 0 0 0 0 36 36 36 36 36 36 36 36 0 4 0 36 36 36 36 36 36 36 36 0 36 32 0 4 0 4 4 4 0 4 4 
202:/usr/share/lua/5.1/luassert/formatters/init.lua
0 0 0 0 0 0 0 0 0 0 0 0 0 0 0 0 0 0 0 0 0 32 32 0 0 0 0 0 0 0 0 0 0 0 0 0 0 0 0 0 0 0 0 0 0 0 0 0 0 0 0 0 32 0 0 32 0 0 32 0 0 32 0 0 32 0 0 32 0 0 0 0 0 0 0 0 0 0 0 0 0 0 0 0 0 0 0 0 0 0 0 0 0 0 0 0 0 0 0 0 0 0 0 0 0 0 0 0 0 0 0 0 0 0 0 32 32 0 0 0 0 0 0 0 0 0 0 0 0 0 0 0 0 0 0 0 0 0 0 0 0 0 0 0 0 0 0 0 0 0 0 0 0 0 0 0 0 0 0 0 0 0 0 0 0 0 0 0 0 0 0 0 0 0 0 0 0 0 0 0 0 0 0 0 0 32 0 0 0 32 0 0 32 0 0 32 0 0 32 0 0 32 
5:/usr/share/lua/5.1/luassert/modifiers.lua
0 0 0 0 126 
92:/usr/share/lua/5.1/luassert/state.lua
0 0 0 0 0 0 0 0 0 0 0 0 0 0 0 0 0 0 0 0 0 0 0 0 0 0 0 0 0 0 0 0 0 0 0 0 0 0 0 0 0 0 0 0 0 0 0 0 0 0 0 0 0 0 0 0 0 0 0 0 0 0 0 0 0 0 0 0 0 0 0 0 0 0 0 0 0 0 0 0 0 0 0 0 0 0 0 0 32 256 256 256 
283:/usr/share/lua/5.1/luassert/util.lua
0 0 0 0 0 0 0 0 0 0 0 0 0 0 0 0 0 0 0 0 0 0 0 0 0 0 0 0 0 0 0 0 0 0 0 0 0 0 0 0 0 0 0 0 0 0 0 0 0 0 0 0 0 0 0 0 0 0 36 36 144 108 0 36 0 0 0 0 0 0 0 0 0 0 0 0 0 0 0 0 0 0 0 0 0 0 0 0 0 0 0 0 0 0 0 0 0 0 0 0 0 0 0 0 0 0 0 0 0 0 0 0 0 0 0 0 0 0 0 0 0 0 0 0 0 0 0 0 0 0 0 0 0 0 0 0 0 0 0 0 0 0 0 0 0 0 0 0 0 0 0 0 0 90 90 90 90 90 90 0 0 0 0 90 90 0 90 0 0 0 0 0 180 90 0 0 90 90 0 0 0 0 0 0 0 0 0 90 90 0 90 0 0 0 0 0 90 0 180 90 0 0 90 90 90 0 0 0 0 0 0 0 0 0 36 0 0 0 0 0 0 0 0 36 0 0 0 0 0 0 0 0 158 158 158 158 316 158 158 158 0 158 158 0 0 0 0 0 0 0 0 126 0 0 126 126 126 378 252 252 0 0 252 252 0 0 0 0 0 0 252 252 252 0 252 0 0 0 126 0 0 0 126 
154:/usr/share/lua/5.1/mediator.lua
0 315 0 0 0 315 315 315 315 0 0 0 0 0 315 0 315 315 0 0 0 0 0 189 189 189 189 189 189 0 0 315 315 0 315 0 315 180 180 0 171 0 0 315 0 315 189 0 0 0 0 0 0 0 0 0 0 0 0 189 0 0 0 0 0 0 0 0 189 0 0 189 189 189 0 0 0 189 0 0 1540 189 0 0 0 0 0 0 0 0 0 0 0 189 0 0 2416 1384 0 0 1384 0 1384 0 1384 1384 0 0 0 1032 685 0 347 0 189 189 0 0 0 0 0 0 0 0 0 0 0 0 0 0 0 806 0 2346 1540 0 0 806 0 0 0 315 0 0 0 0 0 0 0 0 0 0 0 491 
476:/usr/share/lua/5.1/pl/dir.lua
0 0 0 0 0 0 9 9 9 9 9 9 9 9 9 9 9 9 9 9 9 9 0 9 0 0 9 18 0 0 0 9 0 0 100 100 9 0 0 0 0 0 0 0 9 0 0 0 9 0 0 0 0 0 0 0 9 0 0 0 0 0 0 0 0 9 0 0 0 0 0 0 0 0 0 0 0 0 0 0 9 0 0 0 0 0 0 9 0 0 0 0 0 0 0 0 0 0 9 0 0 0 0 0 9 0 0 9 0 0 0 0 0 0 0 0 9 0 0 9 0 0 0 0 0 0 0 0 0 0 0 9 0 0 0 0 0 0 0 0 0 0 0 0 0 0 0 0 0 0 0 0 0 0 0 0 0 0 0 0 0 0 0 0 0 0 0 0 0 0 0 0 0 0 0 0 0 0 0 0 0 0 0 0 0 0 0 0 0 9 0 0 0 9 0 0 0 0 0 0 0 0 0 0 0 0 0 0 0 0 0 0 0 0 0 0 0 0 0 0 0 0 0 0 0 0 0 0 0 0 0 0 0 0 9 0 0 0 0 0 0 0 9 0 0 0 0 9 0 0 0 0 0 0 9 0 0 0 9 0 0 0 0 0 0 0 0 0 0 0 0 0 0 0 0 9 0 0 0 0 0 0 0 0 0 9 0 0 0 0 0 0 0 0 0 0 0 0 0 0 9 0 0 0 0 0 0 0 0 9 0 0 0 0 0 0 9 0 0 0 0 0 0 0 0 0 9 0 9 9 0 0 9 0 0 9 0 0 0 0 0 0 0 0 0 0 0 0 0 9 0 0 0 0 0 0 9 0 0 9 0 0 0 0 0 0 0 0 0 0 0 0 0 0 9 0 0 0 0 0 0 0 0 0 0 0 0 0 0 0 0 0 0 0 0 0 0 0 0 0 0 0 0 0 0 0 0 0 0 0 0 0 0 0 0 0 9 0 0 0 0 0 9 9 9 9 0 9 9 0 0 0 0 163 145 109 109 109 109 109 9 0 0 0 0 27 0 18 9 0 0 0 0 0 0 0 0 9 9 9 0 9 9 118 109 100 100 100 0 0 0 0 9 9 0 9 
276:/usr/share/lua/5.1/pl/path.lua
0 0 0 0 0 0 0 0 0 0 0 0 0 0 0 0 0 0 0 0 0 0 0 0 0 0 0 0 0 0 0 0 0 0 0 0 0 0 0 0 0 0 0 0 0 0 0 0 0 0 0 0 0 0 0 0 127 127 0 0 127 0 0 0 0 0 9 9 0 0 0 0 0 0 0 0 0 0 0 0 0 0 0 0 0 0 0 0 0 0 0 0 109 109 0 0 0 0 0 0 0 0 0 0 0 0 0 0 0 0 0 0 0 0 0 0 0 0 6296 0 0 0 0 0 0 0 0 0 0 0 0 0 0 0 0 0 0 0 0 0 0 0 0 0 0 0 0 0 0 0 466 466 466 6260 5794 5794 0 466 0 0 466 0 0 0 0 0 0 0 0 0 0 0 0 0 0 0 0 0 0 0 0 0 0 0 0 0 0 0 9 9 9 36 27 0 0 27 27 0 9 0 0 9 0 0 0 0 0 0 366 366 366 0 0 0 0 0 100 100 100 0 0 0 0 0 9 9 9 0 0 0 0 0 0 0 0 0 0 0 0 0 0 0 0 0 0 0 0 0 0 0 0 0 0 0 0 0 0 0 0 0 0 0 0 0 0 0 0 0 0 0 0 100 100 0 0 100 
793:/usr/share/lua/5.1/pl/tablex.lua
0 0 0 0 0 0 0 0 0 0 0 0 0 0 0 0 0 0 0 0 0 0 0 0 18 18 0 0 0 0 0 0 0 0 0 0 0 18 0 0 18 0 0 18 0 0 18 0 0 0 0 0 0 0 0 0 0 0 0 0 0 0 0 0 0 0 0 0 0 0 0 0 0 0 0 0 0 0 0 0 0 0 0 0 0 0 0 0 18 18 810 792 0 18 0 0 0 0 0 0 0 0 0 0 0 0 0 0 0 0 0 0 0 0 0 0 0 0 0 0 0 0 0 0 0 0 0 0 0 0 0 0 0 0 0 0 0 0 0 0 0 0 0 0 0 0 0 0 0 0 0 0 0 0 0 0 0 0 0 0 0 0 0 0 0 0 0 0 0 0 0 0 0 0 0 0 0 0 0 0 0 0 0 0 0 0 0 0 0 0 0 0 0 0 0 0 0 0 0 0 0 0 0 0 0 0 0 0 0 0 0 0 0 0 0 0 0 0 0 0 0 0 0 0 0 0 0 0 0 0 0 0 0 0 0 0 0 0 0 0 0 0 0 0 0 0 0 0 0 0 0 0 0 0 0 0 0 0 0 0 0 0 0 0 0 0 0 0 0 0 0 0 0 0 0 0 0 0 0 0 0 0 0 0 0 0 0 0 0 0 0 0 0 0 0 0 0 0 0 0 0 0 0 0 0 0 0 0 0 0 0 0 0 0 0 0 0 0 0 0 0 0 0 0 0 0 0 0 0 0 0 0 0 0 0 0 0 0 0 0 0 0 0 0 0 0 0 0 0 0 0 0 0 0 0 0 0 0 0 0 0 0 0 0 0 0 0 0 0 0 0 0 0 0 0 0 0 0 0 0 0 0 0 0 0 0 0 0 0 0 0 0 0 0 0 0 0 0 0 0 0 0 0 0 0 0 0 0 0 0 0 0 0 0 0 0 0 0 0 0 0 0 0 0 0 0 0 0 0 0 0 0 0 0 0 0 0 0 0 0 0 0 0 0 0 0 0 0 0 0 0 0 0 0 0 0 0 0 0 0 0 0 0 0 0 0 0 0 0 0 0 0 0 0 0 0 0 0 0 0 0 0 0 0 0 0 0 0 0 0 0 0 0 0 0 0 0 0 0 0 0 0 0 0 0 0 0 0 0 0 0 0 0 0 0 0 0 0 0 0 0 0 0 0 0 0 0 0 0 0 0 0 0 0 0 0 0 0 0 0 0 0 0 0 0 0 0 0 0 0 0 0 0 0 0 0 0 0 0 0 0 0 0 0 0 0 0 0 0 0 0 0 0 0 0 0 0 0 0 0 0 0 0 0 0 0 0 0 0 0 0 0 0 0 0 0 0 0 0 0 0 0 0 0 0 0 0 0 0 0 0 0 0 0 0 0 0 0 0 0 0 0 0 0 0 0 0 0 18 18 18 129 111 111 20 20 0 0 18 0 0 0 0 0 0 0 0 0 0 0 0 0 0 0 0 0 0 0 0 0 0 0 0 0 0 0 0 0 0 0 0 0 0 0 0 0 0 0 0 0 0 0 0 0 0 0 0 0 0 0 0 0 0 0 0 0 0 0 0 0 0 0 0 0 0 0 0 0 0 0 0 0 0 0 0 0 0 0 0 0 0 0 0 0 0 0 0 0 0 0 0 0 0 0 0 0 0 0 0 0 0 0 0 0 0 0 0 0 0 0 0 0 0 0 0 0 0 0 0 0 0 0 0 0 0 0 0 0 0 0 0 0 0 0 0 0 9 9 9 9 0 0 0 9 9 0 0 9 18 9 0 0 9 
81:/usr/share/lua/5.1/pl/types.lua
0 0 0 0 0 0 0 0 0 0 0 0 0 0 0 0 0 0 0 0 0 0 0 0 0 0 0 0 0 0 0 0 0 0 0 0 0 0 0 0 0 0 0 0 0 0 0 0 0 0 0 0 0 0 0 0 0 0 0 0 0 0 0 0 36 0 0 0 0 0 0 18 18 0 0 0 0 0 0 18 18 
401:/usr/share/lua/5.1/pl/utils.lua
0 0 0 0 0 0 0 0 0 0 0 0 0 0 0 0 0 0 0 0 0 0 0 0 0 0 0 0 0 0 0 0 0 0 0 0 0 0 0 0 0 0 0 0 0 0 0 0 0 0 0 0 0 0 0 0 0 0 0 0 0 0 0 0 0 0 0 0 0 0 0 0 0 0 0 0 0 0 0 0 0 0 0 0 0 0 0 0 0 0 0 0 0 0 0 0 0 0 0 0 0 100 100 0 0 0 0 0 0 0 0 0 0 0 0 0 0 0 0 0 0 0 0 0 0 0 0 0 0 0 0 0 0 0 0 0 0 0 0 0 0 0 0 0 0 0 0 0 0 0 0 0 0 0 0 0 0 0 0 0 0 0 0 0 0 0 0 0 0 0 0 0 0 0 0 0 0 0 0 0 0 0 0 0 0 0 0 0 0 0 0 0 0 0 0 0 0 0 0 0 0 0 0 0 0 0 0 0 0 0 0 0 0 0 0 0 0 0 0 0 0 0 0 0 0 0 0 0 0 0 0 0 0 0 0 0 0 0 0 0 0 0 0 0 0 0 0 0 0 0 0 0 0 0 0 0 0 0 0 0 0 0 0 0 0 0 0 0 0 0 0 0 0 0 0 0 0 0 0 0 0 0 0 0 0 0 0 0 0 0 0 0 0 0 0 0 0 0 0 0 0 0 0 0 0 0 0 0 0 0 0 0 0 0 0 0 0 0 0 0 0 0 0 18 18 18 0 0 0 0 0 0 0 0 0 0 0 0 0 0 0 0 0 0 0 0 0 0 0 0 0 0 0 0 0 0 0 0 0 0 0 0 0 0 0 0 0 0 0 0 0 0 0 0 0 0 0 0 0 0 0 0 0 0 0 0 1431 0 0 1431 0 0 1431 0 0 0 0 0 0 1395 1395 
48:/usr/share/lua/5.1/say/init.lua
0 0 0 0 0 0 0 0 0 0 0 0 0 9 9 0 0 9 0 0 0 0 0 0 0 0 0 171 171 0 0 0 0 158 0 158 0 158 0 0 158 158 0 636 478 0 0 158 
47:triangle.lua
9 0 0 26 0 0 2 26 6 28 2 80 7 22 2 80 7 12 2 63 9 28 10 81 15 22 11 68 25 12 14 63 35 0 3 25 20 0 3 10 11 0 1 0 2 0 2 
67:triangle_spec.lua
9 0 18 18 9 18 0 18 9 18 0 18 9 18 0 18 9 18 0 18 9 18 0 18 9 18 0 18 9 18 0 18 9 18 0 18 9 18 0 18 9 18 0 18 18 9 13 12 4 16 14 11 17 10 0 18 18 9 19 8 0 14 14 7 13 8 21 
