163:/usr/share/lua/5.1/busted/block.lua
0 0 0 0 0 0 0 0 0 0 0 0 0 0 0 4 4 0 4 544 0 544 548 0 4 32 32 576 544 512 0 0 36 0 0 0 0 0 0 4 0 4 96 0 96 64 64 0 0 0 0 96 12 0 96 96 84 0 0 12 12 0 0 0 0 0 0 12 0 12 4 0 4 108 0 108 64 64 0 0 0 0 108 0 108 108 0 0 0 0 0 108 4 0 4 120 120 0 120 120 0 0 0 0 0 0 120 64 0 0 0 120 4 0 4 32 4 0 4 12 12 12 0 16 0 4 12 4 0 4 12 4 0 4 8 0 8 8 8 0 0 0 0 8 0 8 8 0 8 0 0 0 0 8 8 0 0 8 8 0 12 0 4 
38:/usr/share/lua/5.1/busted/compatibility.lua
0 0 0 0 0 0 0 0 0 0 0 0 0 0 0 0 0 0 0 0 0 0 0 0 0 0 0 0 0 0 0 0 0 0 0 0 2 2 
124:/usr/share/lua/5.1/busted/context.lua
0 0 0 4 168 164 0 4 4 4 4 4 0 0 0 4 168 164 0 356 352 0 4 0 0 0 0 0 0 0 0 0 0 0 0 0 0 0 0 0 0 0 0 0 0 0 0 0 0 0 0 0 0 0 0 0 0 0 40 40 4 36 0 36 0 0 40 40 0 0 40 40 0 0 40 4 0 40 0 0 708 0 0 0 0 0 0 0 0 0 0 0 0 0 0 0 0 0 40 40 40 40 0 0 16 0 0 0 2448 0 0 0 168 168 168 168 168 0 0 168 168 168 168 168 
315:/usr/share/lua/5.1/busted/core.lua
0 0 0 0 0 0 0 0 0 0 0 0 0 0 0 0 0 0 0 0 0 0 0 0 0 0 16 16 0 16 0 0 16 0 0 0 16 0 0 0 4 0 0 0 0 0 0 0 0 0 0 0 0 0 0 0 0 0 0 0 0 0 0 0 0 0 0 0 0 52 52 0 52 52 52 52 0 0 0 0 52 52 0 52 52 0 0 0 16 16 16 16 0 16 16 0 0 0 0 0 16 0 0 0 148 0 0 0 140 0 0 0 0 0 0 0 68 0 100 100 4 4 4 4 4 4 0 0 96 64 64 64 64 64 0 0 32 0 0 0 0 0 0 0 0 0 0 0 0 0 0 0 0 0 0 0 0 0 0 0 0 0 0 0 0 0 4 0 4 0 4 0 0 168 168 168 0 336 16 16 16 352 0 168 16 0 0 0 16 0 0 0 0 0 0 0 0 0 0 0 16 0 168 0 168 168 0 0 0 88 88 88 44 44 44 44 44 44 0 176 88 176 88 0 0 0 0 0 0 0 0 0 0 0 0 0 0 0 0 0 0 0 0 0 0 0 0 0 0 0 0 0 0 0 0 0 0 0 40 0 0 0 0 40 0 40 40 36 0 0 0 40 80 0 40 40 0 0 0 0 0 0 40 40 40 40 40 40 40 40 40 40 40 40 0 0 40 0 40 12 0 28 0 40 0 0 0 12 52 40 40 80 40 0 12 
31:/usr/share/lua/5.1/busted/environment.lua
0 0 0 0 0 0 0 2292 0 2288 1708 2288 0 0 0 0 0 0 0 0 584 0 0 0 0 0 0 0 0 0 4 
72:/usr/share/lua/5.1/busted/execute.lua
4 4 4 0 0 0 0 0 0 0 0 0 4 0 0 4 0 0 4 4 0 0 0 0 0 0 0 0 0 0 0 0 0 0 0 0 0 0 4 0 8 4 0 0 0 0 0 4 0 4 0 0 0 0 4 4 4 4 0 4 4 0 4 0 4 0 0 0 8 0 4 4 
127:/usr/share/lua/5.1/busted/init.lua
0 0 0 0 4 4 4 0 4 4 0 0 4 4 4 0 4 4 0 0 32 32 0 32 0 0 0 0 32 0 32 32 32 0 32 0 32 32 32 32 32 0 0 0 0 0 0 32 0 0 32 32 0 0 0 0 0 0 0 0 0 0 0 0 0 0 0 0 0 0 0 0 0 0 0 0 0 0 0 0 0 0 0 0 0 0 0 0 0 0 0 0 0 0 0 0 0 0 0 0 0 0 0 0 0 0 0 0 0 0 0 0 0 0 0 0 0 0 0 0 0 0 0 0 0 0 276 
50:/usr/share/lua/5.1/busted/languages/en.lua
4 0 4 0 0 4 4 4 4 0 4 4 4 4 0 4 4 4 4 0 4 4 4 4 0 4 0 4 4 0 0 4 4 4 4 4 4 4 4 4 0 4 4 4 4 4 4 0 4 4 
23:/usr/share/lua/5.1/busted/modules/files/lua.lua
4 0 4 0 0 52 52 52 4 0 0 4 4 0 0 4 4 0 0 4 4 0 4 
107:/usr/share/lua/5.1/busted/modules/files/moonscript.lua
4 0 8 4 4 0 4 0 0 0 0 0 0 0 0 0 0 4 0 0 0 0 0 0 0 0 0 0 0 0 4 0 0 0 0 0 4 0 0 0 0 0 0 0 0 0 0 0 0 0 0 0 0 0 0 0 0 0 0 0 0 0 0 0 0 0 4 0 4 0 0 0 0 0 0 0 0 0 0 0 4 0 0 0 0 0 0 0 0 0 0 0 4 0 0 0 4 0 0 0 0 0 0 0 4 0 4 
129:/usr/share/lua/5.1/busted/modules/filter_loader.lua
0 0 0 32 32 0 64 64 32 32 0 0 32 4 0 0 0 0 4 0 0 36 0 0 0 0 36 4 0 0 32 32 0 0 0 0 32 4 0 0 36 0 0 0 0 36 4 0 0 32 0 0 0 0 32 4 0 0 0 0 0 0 0 0 0 0 0 4 0 0 0 4 0 4 0 0 0 0 0 0 4 0 0 0 4 0 0 32 56 40 0 0 36 0 0 0 0 0 0 0 0 4 0 4 0 0 0 0 0 0 0 0 0 0 0 0 0 0 4 4 4 4 0 0 4 4 4 4 4 
34:/usr/share/lua/5.1/busted/modules/output_handler_loader.lua
0 0 0 0 0 0 0 0 4 8 4 0 4 0 0 4 0 8 0 4 0 0 0 4 0 0 0 0 4 0 0 0 4 4 
101:/usr/share/lua/5.1/busted/modules/test_file_loader.lua
4 0 0 4 4 4 4 0 12 8 8 0 0 0 0 0 4 0 4 4 4 0 8 35 35 0 0 0 0 66 35 4 0 0 31 8 0 8 4 0 0 4 0 8 0 0 0 0 0 4 4 4 0 0 4 8 4 0 4 4 0 0 0 4 4 4 0 0 4 0 0 4 0 8 4 0 4 8 4 4 4 4 0 0 4 0 0 0 4 0 0 0 0 0 0 0 4 4 0 4 4 
179:/usr/share/lua/5.1/busted/outputHandlers/base.lua
0 4 4 4 4 4 4 4 4 4 4 4 0 0 0 128 4 0 0 4 4 0 4 0 0 0 4 4 4 4 4 4 4 4 4 4 8 0 0 96 96 0 192 192 0 96 96 0 0 96 4 0 0 0 32 336 304 240 0 0 32 32 0 32 32 32 32 32 32 32 0 32 0 32 4 0 0 0 0 0 0 0 4 0 0 4 4 4 4 0 0 0 0 0 0 0 0 0 0 0 0 0 4 0 0 4 4 4 4 0 0 32 32 4 0 0 0 0 32 16 16 16 0 0 16 0 0 0 16 0 16 16 0 0 16 0 16 16 16 0 0 0 16 0 0 16 0 16 4 0 0 0 0 0 0 4 0 0 0 0 4 0 0 16 16 16 4 0 0 16 0 0 0 0 16 4 0 4 4 
286:/usr/share/lua/5.1/busted/outputHandlers/gtest.lua
4 4 4 4 0 4 0 4 4 0 4 135 0 3 0 0 0 4 4 0 4 4 4 4 4 4 4 4 4 4 4 4 4 4 0 4 4 4 4 4 4 0 4 4 4 4 4 0 4 4 4 4 4 0 0 4 4 4 4 4 4 4 0 0 0 0 0 0 0 0 0 0 0 0 4 0 0 16 16 16 0 0 0 0 0 0 16 0 16 0 0 0 16 4 0 0 80 80 80 80 0 80 4 0 0 12 12 12 2 2 2 0 2 2 18 16 16 16 0 0 0 0 0 12 4 0 0 12 12 12 2 2 2 0 12 4 0 0 4 4 0 4 4 4 0 4 4 4 4 0 4 4 0 0 64 4 0 0 0 0 0 0 0 0 0 0 0 4 0 0 4 0 0 4 0 0 4 4 4 0 4 4 0 0 4 4 4 4 4 4 4 0 4 4 0 0 4 4 4 4 4 0 0 4 4 4 4 4 4 4 0 0 32 32 0 32 4 0 0 32 32 0 32 32 32 16 16 16 0 0 16 0 0 16 16 16 0 0 32 32 0 32 4 0 0 0 0 0 0 0 4 0 0 16 16 16 0 16 4 0 0 16 0 0 0 0 0 0 0 16 4 0 4 4 4 4 4 4 4 4 4 4 4 0 4 4 
208:/usr/share/lua/5.1/busted/runner.lua
0 0 0 0 0 0 0 0 0 0 0 0 0 0 0 0 0 0 0 0 0 0 0 0 0 0 0 0 0 0 0 0 0 0 0 0 0 0 0 0 0 0 0 0 0 0 0 0 0 0 0 0 0 0 0 0 0 0 0 4 0 0 0 0 0 0 4 0 0 0 0 4 0 0 0 0 0 4 4 0 0 4 4 0 0 0 4 4 0 0 0 0 0 4 4 4 0 8 0 0 4 0 8 0 0 4 0 8 16 16 16 4 0 8 0 0 0 0 0 0 0 4 0 0 4 4 4 0 0 8 4 4 4 4 4 4 4 0 0 0 4 4 0 0 0 0 0 0 0 0 0 0 0 0 0 0 0 0 0 4 0 0 0 0 0 0 0 0 8 4 4 4 4 4 4 4 0 0 4 0 4 4 4 8 4 4 4 4 0 0 0 0 0 0 4 4 8 4 4 4 0 0 4 0 4 2 0 2 
42:/usr/share/lua/5.1/busted/status.lua
0 232 232 232 232 232 232 232 232 0 232 0 0 0 200 200 296 200 200 200 0 0 0 200 0 0 0 200 0 0 0 32 32 32 0 232 0 0 400 200 264 200 
35:/usr/share/lua/5.1/busted/utils.lua
0 0 0 4 4 12 8 8 0 0 4 0 0 0 0 0 0 0 0 0 0 0 0 0 0 0 4 4 4 4 4 20 16 0 4 
177:/usr/share/lua/5.1/luassert/assert.lua
0 0 0 0 0 0 0 0 0 0 0 0 0 0 0 0 0 0 0 0 0 0 0 0 0 0 16 0 16 0 48 32 0 0 16 48 32 16 0 0 0 16 16 16 0 16 0 0 0 0 0 0 0 0 16 0 0 16 0 0 0 0 0 0 0 0 0 0 0 0 0 0 0 0 128 64 0 0 64 0 0 0 0 32 0 0 0 0 0 0 0 0 0 0 0 0 0 0 0 0 0 0 0 0 0 0 0 0 0 0 0 0 0 0 0 0 0 0 0 0 0 0 0 0 0 0 0 0 0 0 0 0 0 0 0 0 0 0 0 0 0 0 0 0 0 0 0 0 0 0 0 0 0 0 0 0 0 0 0 0 0 0 0 0 0 0 0 0 16 0 0 0 16 0 0 0 32 
120:/usr/share/lua/5.1/luassert/assertions.lua
0 0 0 0 0 0 0 0 0 0 0 0 0 0 0 0 0 0 16 0 0 16 0 0 0 0 0 0 0 0 0 0 0 0 0 0 0 0 0 0 0 0 0 0 0 0 0 0 0 0 0 0 0 0 0 0 0 0 0 0 0 0 0 0 0 0 0 0 0 0 0 0 0 0 0 0 0 0 0 0 0 0 0 0 0 0 0 0 0 0 0 0 0 0 0 0 0 0 0 0 0 0 0 0 0 0 0 0 0 0 0 0 16 16 16 16 0 16 16 16 
5:/usr/share/lua/5.1/luassert/modifiers.lua
0 0 0 0 16 
283:/usr/share/lua/5.1/luassert/util.lua
0 0 0 0 0 0 0 0 0 0 0 0 0 0 0 0 0 0 0 0 0 0 0 0 0 0 0 0 0 0 0 0 0 0 0 0 0 0 0 0 0 0 0 0 0 0 0 0 0 0 0 0 0 0 0 0 0 0 0 0 0 0 0 0 0 0 0 0 0 0 0 0 0 0 0 0 0 0 0 0 0 0 0 0 0 0 0 0 0 0 0 0 0 0 0 0 0 0 0 0 0 0 0 0 0 0 0 0 0 0 0 0 0 0 0 0 0 0 0 0 0 0 0 0 0 0 0 0 0 0 0 0 0 0 0 0 0 0 0 0 0 0 0 0 0 0 0 0 0 0 0 0 0 16 16 16 16 16 16 0 0 0 0 16 16 0 16 0 0 0 0 0 32 16 0 0 16 16 0 0 0 0 0 0 0 0 0 16 16 0 16 0 0 0 0 0 16 0 32 16 0 0 16 16 16 0 0 0 0 0 0 0 0 0 0 0 0 0 0 0 0 0 0 0 0 0 0 0 0 0 0 0 16 16 16 16 32 16 16 16 0 16 16 0 0 0 0 0 0 0 0 16 0 0 16 16 16 48 32 32 0 0 32 32 0 0 0 0 0 0 32 32 32 0 32 0 0 0 16 0 0 0 16 
154:/usr/share/lua/5.1/mediator.lua
0 140 0 0 0 140 140 140 140 0 0 0 0 0 140 0 140 140 0 0 0 0 0 84 84 84 84 84 84 0 0 140 140 0 140 0 140 80 80 0 76 0 0 140 0 140 84 0 0 0 0 0 0 0 0 0 0 0 0 84 0 0 0 0 0 0 0 0 84 0 0 84 84 84 0 0 0 84 0 0 544 84 0 0 0 0 0 0 0 0 0 0 0 84 0 0 728 408 0 0 408 0 408 0 408 408 0 0 0 320 212 0 108 0 84 84 0 0 0 0 0 0 0 0 0 0 0 0 0 0 0 288 0 832 544 0 0 288 0 0 0 140 0 0 0 0 0 0 0 0 0 0 0 148 
476:/usr/share/lua/5.1/pl/dir.lua
0 0 0 0 0 0 4 4 4 4 4 4 4 4 4 4 4 4 4 4 4 4 0 4 0 0 4 8 0 0 0 4 0 0 35 35 4 0 0 0 0 0 0 0 4 0 0 0 4 0 0 0 0 0 0 0 4 0 0 0 0 0 0 0 0 4 0 0 0 0 0 0 0 0 0 0 0 0 0 0 4 0 0 0 0 0 0 4 0 0 0 0 0 0 0 0 0 0 4 0 0 0 0 0 4 0 0 4 0 0 0 0 0 0 0 0 4 0 0 4 0 0 0 0 0 0 0 0 0 0 0 4 0 0 0 0 0 0 0 0 0 0 0 0 0 0 0 0 0 0 0 0 0 0 0 0 0 0 0 0 0 0 0 0 0 0 0 0 0 0 0 0 0 0 0 0 0 0 0 0 0 0 0 0 0 0 0 0 0 4 0 0 0 4 0 0 0 0 0 0 0 0 0 0 0 0 0 0 0 0 0 0 0 0 0 0 0 0 0 0 0 0 0 0 0 0 0 0 0 0 0 0 0 0 4 0 0 0 0 0 0 0 4 0 0 0 0 4 0 0 0 0 0 0 4 0 0 0 4 0 0 0 0 0 0 0 0 0 0 0 0 0 0 0 0 4 0 0 0 0 0 0 0 0 0 4 0 0 0 0 0 0 0 0 0 0 0 0 0 0 4 0 0 0 0 0 0 0 0 4 0 0 0 0 0 0 4 0 0 0 0 0 0 0 0 0 4 0 4 4 0 0 4 0 0 4 0 0 0 0 0 0 0 0 0 0 0 0 0 4 0 0 0 0 0 0 4 0 0 4 0 0 0 0 0 0 0 0 0 0 0 0 0 0 4 0 0 0 0 0 0 0 0 0 0 0 0 0 0 0 0 0 0 0 0 0 0 0 0 0 0 0 0 0 0 0 0 0 0 0 0 0 0 0 0 0 4 0 0 0 0 0 4 4 4 4 0 4 4 0 0 0 0 63 55 39 39 39 39 39 4 0 0 0 0 12 0 8 4 0 0 0 0 0 0 0 0 4 4 4 0 4 4 43 39 35 35 35 0 0 0 0 4 4 0 4 
276:/usr/share/lua/5.1/pl/path.lua
0 0 0 0 0 0 0 0 0 0 0 0 0 0 0 0 0 0 0 0 0 0 0 0 0 0 0 0 0 0 0 0 0 0 0 0 0 0 0 0 0 0 0 0 0 0 0 0 0 0 0 0 0 0 0 0 47 47 0 0 47 0 0 0 0 0 4 4 0 0 0 0 0 0 0 0 0 0 0 0 0 0 0 0 0 0 0 0 0 0 0 0 39 39 0 0 0 0 0 0 0 0 0 0 0 0 0 0 0 0 0 0 0 0 0 0 0 0 1669 0 0 0 0 0 0 0 0 0 0 0 0 0 0 0 0 0 0 0 0 0 0 0 0 0 0 0 0 0 0 0 139 139 139 1653 1514 1514 0 139 0 0 139 0 0 0 0 0 0 0 0 0 0 0 0 0 0 0 0 0 0 0 0 0 0 0 0 0 0 0 4 4 4 16 12 0 0 12 12 0 4 0 0 4 0 0 0 0 0 0 104 104 104 0 0 0 0 0 35 35 35 0 0 0 0 0 4 4 4 0 0 0 0 0 0 0 0 0 0 0 0 0 0 0 0 0 0 0 0 0 0 0 0 0 0 0 0 0 0 0 0 0 0 0 0 0 0 0 0 0 0 0 0 35 35 0 0 35 
793:/usr/share/lua/5.1/pl/tablex.lua
0 0 0 0 0 0 0 0 0 0 0 0 0 0 0 0 0 0 0 0 0 0 0 0 8 8 0 0 0 0 0 0 0 0 0 0 0 8 0 0 8 0 0 8 0 0 8 0 0 0 0 0 0 0 0 0 0 0 0 0 0 0 0 0 0 0 0 0 0 0 0 0 0 0 0 0 0 0 0 0 0 0 0 0 0 0 0 0 8 8 360 352 0 8 0 0 0 0 0 0 0 0 0 0 0 0 0 0 0 0 0 0 0 0 0 0 0 0 0 0 0 0 0 0 0 0 0 0 0 0 0 0 0 0 0 0 0 0 0 0 0 0 0 0 0 0 0 0 0 0 0 0 0 0 0 0 0 0 0 0 0 0 0 0 0 0 0 0 0 0 0 0 0 0 0 0 0 0 0 0 0 0 0 0 0 0 0 0 0 0 0 0 0 0 0 0 0 0 0 0 0 0 0 0 0 0 0 0 0 0 0 0 0 0 0 0 0 0 0 0 0 0 0 0 0 0 0 0 0 0 0 0 0 0 0 0 0 0 0 0 0 0 0 0 0 0 0 0 0 0 0 0 0 0 0 0 0 0 0 0 0 0 0 0 0 0 0 0 0 0 0 0 0 0 0 0 0 0 0 0 0 0 0 0 0 0 0 0 0 0 0 0 0 0 0 0 0 0 0 0 0 0 0 0 0 0 0 0 0 0 0 0 0 0 0 0 0 0 0 0 0 0 0 0 0 0 0 0 0 0 0 0 0 0 0 0 0 0 0 0 0 0 0 0 0 0 0 0 0 0 0 0 0 0 0 0 0 0 0 0 0 0 0 0 0 0 0 0 0 0 0 0 0 0 0 0 0 0 0 0 0 0 0 0 0 0 0 0 0 0 0 0 0 0 0 0 0 0 0 0 0 0 0 0 0 0 0 0 0 0 0 0 0 0 0 0 0 0 0 0 0 0 0 0 0 0 0 0 0 0 0 0 0 0 0 0 0 0 0 0 0 0 0 0 0 0 0 0 0 0 0 0 0 0 0 0 0 0 0 0 0 0 0 0 0 0 0 0 0 0 0 0 0 0 0 0 0 0 0 0 0 0 0 0 0 0 0 0 0 0 0 0 0 0 0 0 0 0 0 0 0 0 0 0 0 0 0 0 0 0 0 0 0 0 0 0 0 0 0 0 0 0 0 0 0 0 0 0 0 0 0 0 0 0 0 0 0 0 0 0 0 0 0 0 0 0 0 0 0 0 0 0 0 0 0 0 0 0 0 0 0 0 0 0 0 0 0 0 0 0 0 0 0 0 0 0 0 0 0 0 0 0 0 0 0 0 0 0 0 0 0 0 0 0 0 0 0 0 0 0 0 0 0 0 0 0 0 0 0 0 0 0 0 0 0 0 0 0 0 0 0 0 0 0 0 0 0 0 8 8 8 47 39 39 8 8 0 0 8 0 0 0 0 0 0 0 0 0 0 0 0 0 0 0 0 0 0 0 0 0 0 0 0 0 0 0 0 0 0 0 0 0 0 0 0 0 0 0 0 0 0 0 0 0 0 0 0 0 0 0 0 0 0 0 0 0 0 0 0 0 0 0 0 0 0 0 0 0 0 0 0 0 0 0 0 0 0 0 0 0 0 0 0 0 0 0 0 0 0 0 0 0 0 0 0 0 0 0 0 0 0 0 0 0 0 0 0 0 0 0 0 0 0 0 0 0 0 0 0 0 0 0 0 0 0 0 0 0 0 0 0 0 0 0 0 0 4 4 4 4 0 0 0 4 4 0 0 4 8 4 0 0 4 
81:/usr/share/lua/5.1/pl/types.lua
0 0 0 0 0 0 0 0 0 0 0 0 0 0 0 0 0 0 0 0 0 0 0 0 0 0 0 0 0 0 0 0 0 0 0 0 0 0 0 0 0 0 0 0 0 0 0 0 0 0 0 0 0 0 0 0 0 0 0 0 0 0 0 0 16 0 0 0 0 0 0 8 8 0 0 0 0 0 0 8 8 
401:/usr/share/lua/5.1/pl/utils.lua
0 0 0 0 0 0 0 0 0 0 0 0 0 0 0 0 0 0 0 0 0 0 0 0 0 0 0 0 0 0 0 0 0 0 0 0 0 0 0 0 0 0 0 0 0 0 0 0 0 0 0 0 0 0 0 0 0 0 0 0 0 0 0 0 0 0 0 0 0 0 0 0 0 0 0 0 0 0 0 0 0 0 0 0 0 0 0 0 0 0 0 0 0 0 0 0 0 0 0 0 0 35 35 0 0 0 0 0 0 0 0 0 0 0 0 0 0 0 0 0 0 0 0 0 0 0 0 0 0 0 0 0 0 0 0 0 0 0 0 0 0 0 0 0 0 0 0 0 0 0 0 0 0 0 0 0 0 0 0 0 0 0 0 0 0 0 0 0 0 0 0 0 0 0 0 0 0 0 0 0 0 0 0 0 0 0 0 0 0 0 0 0 0 0 0 0 0 0 0 0 0 0 0 0 0 0 0 0 0 0 0 0 0 0 0 0 0 0 0 0 0 0 0 0 0 0 0 0 0 0 0 0 0 0 0 0 0 0 0 0 0 0 0 0 0 0 0 0 0 0 0 0 0 0 0 0 0 0 0 0 0 0 0 0 0 0 0 0 0 0 0 0 0 0 0 0 0 0 0 0 0 0 0 0 0 0 0 0 0 0 0 0 0 0 0 0 0 0 0 0 0 0 0 0 0 0 0 0 0 0 0 0 0 0 0 0 0 0 0 0 0 0 0 8 8 8 0 0 0 0 0 0 0 0 0 0 0 0 0 0 0 0 0 0 0 0 0 0 0 0 0 0 0 0 0 0 0 0 0 0 0 0 0 0 0 0 0 0 0 0 0 0 0 0 0 0 0 0 0 0 0 0 0 0 0 0 462 0 0 462 0 0 462 0 0 0 0 0 0 446 446 
48:/usr/share/lua/5.1/say/init.lua
0 0 0 0 0 0 0 0 0 0 0 0 0 4 4 0 0 4 0 0 0 0 0 0 0 0 0 76 76 0 0 0 0 16 0 16 0 16 0 0 16 16 0 64 48 0 0 16 
39:/usr/share/lua/5.1/term/colors.lua
0 0 0 0 0 0 0 0 0 0 0 0 0 0 0 0 0 0 0 0 0 0 0 0 0 0 0 0 0 0 498 0 0 0 498 0 0 0 249 
18:grains.lua
4 0 4 28 28 0 28 0 0 0 28 4 0 4 4 4 0 4 
35:grains_spec.lua
4 0 8 8 4 6 0 8 4 6 0 8 4 6 0 8 4 6 0 8 4 6 0 8 4 6 0 8 4 6 0 8 4 6 12 
