==============================================================================
grains_spec.lua
==============================================================================
* local grains = require('grains')

* describe('grains', function()
*   it('square 1', function()
*     assert.are.equals(1, grains.square(1))
    end)

*   it('square 2', function()
*     assert.are.equals(2, grains.square(2))
    end)

*   it('square 3', function()
*     assert.are.equals(4, grains.square(3))
    end)

*   it('square 4', function()
*     assert.are.equals(8, grains.square(4))
    end)

*   it('square 16', function()
*     assert.are.equals(32768, grains.square(16))
    end)

*   it('square 32', function()
*     assert.are.equals(2147483648, grains.square(32))
    end)

*   it('square 64', function()
*     assert.are.equals(9223372036854775808, grains.square(64))
    end)

*   it('total', function()
*     assert.are.equals(18446744073709551615, grains.total())
    end)
  end)

==============================================================================
grains.lua
==============================================================================
* local grains = {}

* function grains.square(index)
*     local index_min = 1
*     local index_max = 64

*     if index < index_min or index > index_max then
0         return 0
      end

*     return 2 ^ (index - 1)
  end

* function grains.total()
*     return 2 ^ 64
  end

* return grains

==============================================================================
Summary
==============================================================================

File            Hits Missed Coverage
------------------------------------
grains.lua      9    1      90.00%
grains_spec.lua 18   0      100.00%
------------------------------------
Total           27   1      96.43%
