mode: count
lasagna/lasagna_master.go:5.60,6.22 1 5
lasagna/lasagna_master.go:6.22,8.3 1 2
lasagna/lasagna_master.go:10.2,10.34 1 5
lasagna/lasagna_master.go:15.49,19.31 3 5
lasagna/lasagna_master.go:19.31,20.25 1 31
lasagna/lasagna_master.go:20.25,22.4 1 9
lasagna/lasagna_master.go:22.9,22.30 1 22
lasagna/lasagna_master.go:22.30,24.4 1 7
lasagna/lasagna_master.go:27.2,27.23 1 5
lasagna/lasagna_master.go:32.64,33.34 1 2
lasagna/lasagna_master.go:33.34,35.3 1 2
lasagna/lasagna_master.go:35.8,36.51 1 0
lasagna/lasagna_master.go:42.64,45.35 2 9
lasagna/lasagna_master.go:45.35,47.3 1 1
lasagna/lasagna_master.go:47.8,49.39 1 8
lasagna/lasagna_master.go:49.39,51.4 1 29
lasagna/lasagna_master.go:53.3,53.20 1 8
lasagna/lasagna_master.go:53.20,55.4 1 2
lasagna/lasagna_master.go:55.9,56.37 1 6
lasagna/lasagna_master.go:56.37,58.5 1 21
lasagna/lasagna_master.go:62.2,62.22 1 9
