163:/usr/share/lua/5.1/busted/block.lua
0 0 0 0 0 0 0 0 0 0 0 0 0 0 0 12 12 0 12 3366 0 3366 3378 0 12 198 198 3564 3366 3168 0 0 210 0 0 0 0 0 0 12 0 12 594 0 594 396 396 0 0 0 0 594 33 0 594 594 561 0 0 33 33 0 0 0 0 0 0 33 0 33 12 0 12 628 0 628 396 396 0 0 0 0 628 0 628 628 0 0 0 0 0 628 12 0 12 661 661 0 661 661 0 0 0 0 0 0 661 396 0 0 0 661 12 0 12 198 12 0 12 34 33 33 0 46 0 12 34 12 0 12 34 12 0 12 23 0 23 23 23 0 0 0 0 23 0 23 22 0 22 0 0 0 0 22 22 0 0 22 22 0 35 0 12 
38:/usr/share/lua/5.1/busted/compatibility.lua
0 0 0 0 0 0 0 0 0 0 0 0 0 0 0 0 0 0 0 0 0 0 0 0 0 0 0 0 0 0 0 0 0 0 0 0 5 5 
124:/usr/share/lua/5.1/busted/context.lua
0 0 0 12 504 492 0 12 12 12 12 12 0 0 0 12 504 492 0 1067 1055 0 12 0 0 0 0 0 0 0 0 0 0 0 0 0 0 0 0 0 0 0 0 0 0 0 0 0 0 0 0 0 0 0 0 0 0 0 221 221 12 209 0 209 0 0 221 221 0 0 221 221 0 0 221 12 0 221 0 0 4263 0 0 0 0 0 0 0 0 0 0 0 0 0 0 0 0 0 221 221 221 221 0 0 46 0 0 0 14707 0 0 0 908 908 908 908 908 0 0 908 908 908 908 908 
315:/usr/share/lua/5.1/busted/core.lua
0 0 0 0 0 0 0 0 0 0 53 0 0 0 0 0 0 0 0 0 0 0 0 0 0 0 54 54 53 1 0 0 1 0 0 0 107 0 0 0 12 0 0 0 0 0 0 0 0 0 0 0 0 0 0 0 0 0 0 0 0 0 0 0 0 0 0 0 0 263 263 0 263 263 424 316 161 161 0 0 263 263 0 263 263 0 0 0 54 54 54 54 0 54 54 1 1 1 0 0 54 0 0 0 753 0 0 0 420 0 0 0 0 0 0 0 317 0 423 423 13 13 13 13 13 13 0 0 410 304 304 304 304 304 0 0 106 0 0 0 0 0 0 53 53 53 53 53 53 0 0 0 0 0 0 0 0 0 0 0 0 0 0 0 0 0 12 0 12 0 12 0 0 908 908 908 0 1816 54 54 54 1870 0 908 54 0 0 0 54 0 0 0 0 0 0 0 0 0 0 0 54 0 908 0 908 908 0 0 0 466 466 466 233 233 233 233 233 233 0 932 466 932 466 0 0 0 0 0 0 0 0 0 0 0 0 0 0 0 0 0 0 0 0 0 0 0 0 0 0 0 0 0 0 0 0 0 0 0 221 0 0 0 0 221 0 221 221 209 0 0 0 221 442 0 221 221 0 0 0 0 0 0 221 221 221 221 221 221 221 221 221 221 221 221 0 0 221 0 221 34 0 187 0 221 0 0 0 34 255 221 221 442 221 0 34 
31:/usr/share/lua/5.1/busted/environment.lua
0 0 0 0 0 0 0 14116 0 14104 10529 14104 0 0 0 0 0 0 0 0 3587 0 0 0 0 0 0 0 0 0 12 
72:/usr/share/lua/5.1/busted/execute.lua
12 12 12 0 0 0 0 0 0 0 0 0 12 0 0 12 0 0 12 12 0 0 0 0 0 0 0 0 0 0 0 0 0 0 0 0 0 0 12 0 24 12 0 0 0 0 0 12 0 12 0 0 0 0 12 12 12 12 0 12 12 0 12 0 12 0 0 0 24 0 12 12 
127:/usr/share/lua/5.1/busted/init.lua
0 0 0 0 12 12 12 0 12 12 0 0 11 11 11 0 11 11 0 0 198 198 0 198 0 0 0 0 198 0 198 198 198 0 198 0 198 198 198 198 198 0 0 0 0 0 0 198 0 0 198 198 0 0 0 0 0 0 0 0 0 0 0 0 0 0 0 0 0 0 0 0 0 0 0 0 0 0 0 0 0 0 0 0 0 0 0 0 0 0 0 0 0 0 0 0 0 0 0 0 0 0 0 0 0 0 0 0 0 0 0 0 0 0 0 0 0 0 0 0 0 0 0 0 0 0 1442 
50:/usr/share/lua/5.1/busted/languages/en.lua
12 0 12 0 0 12 12 12 12 0 12 12 12 12 0 12 12 12 12 0 12 12 12 12 0 12 0 12 12 0 0 12 12 12 12 12 12 12 12 12 0 12 12 12 12 12 12 0 12 12 
23:/usr/share/lua/5.1/busted/modules/files/lua.lua
12 0 12 0 0 263 263 263 12 0 0 12 12 0 0 12 12 0 0 12 12 0 12 
107:/usr/share/lua/5.1/busted/modules/files/moonscript.lua
12 0 24 12 12 0 12 0 0 0 0 0 0 0 0 0 0 12 0 0 0 0 0 0 0 0 0 0 0 0 12 0 0 0 0 0 12 0 0 0 0 0 0 0 0 0 0 0 0 0 0 0 0 0 0 0 0 0 0 0 0 0 0 0 0 0 12 0 12 0 0 0 0 0 0 0 0 0 0 0 12 0 0 0 0 0 0 0 0 0 0 0 12 0 0 0 12 0 0 0 0 0 0 0 12 0 12 
129:/usr/share/lua/5.1/busted/modules/filter_loader.lua
0 0 0 198 198 0 396 396 198 198 0 0 198 12 0 0 0 0 12 0 0 209 0 0 0 0 209 12 0 0 198 198 0 0 0 0 198 12 0 0 209 0 0 0 0 209 12 0 0 198 0 0 0 0 198 12 0 0 0 0 0 0 0 0 0 0 0 12 0 0 0 12 0 12 0 0 0 0 0 0 12 0 0 0 12 0 0 96 168 120 0 0 108 0 0 0 0 0 0 0 0 12 0 12 0 0 0 0 0 0 0 0 0 0 0 0 0 0 12 12 12 12 0 0 12 12 12 12 12 
34:/usr/share/lua/5.1/busted/modules/output_handler_loader.lua
0 0 0 0 0 0 0 0 12 24 12 0 12 0 0 12 0 24 0 12 0 0 0 12 0 0 0 0 12 0 0 0 12 12 
101:/usr/share/lua/5.1/busted/modules/test_file_loader.lua
12 0 0 12 12 12 12 0 36 24 24 0 0 0 0 0 12 0 12 12 12 0 24 128 128 0 0 0 0 244 128 12 0 0 116 24 0 24 12 0 0 12 0 24 0 0 0 0 0 12 12 12 0 0 12 24 12 0 12 12 0 0 0 12 12 12 0 0 12 0 0 12 0 24 12 0 12 24 12 12 12 12 0 0 12 0 0 0 12 0 0 0 0 0 0 0 12 12 0 12 12 
179:/usr/share/lua/5.1/busted/outputHandlers/base.lua
0 12 12 12 12 12 12 12 12 12 12 12 0 0 0 792 12 0 0 12 12 0 12 0 0 0 12 12 12 12 12 12 12 12 12 12 24 0 0 595 595 0 1190 1189 0 595 595 0 0 595 12 0 0 0 199 2225 2026 1629 0 0 199 199 0 199 199 199 199 199 199 199 0 199 0 199 12 0 0 0 0 0 0 0 12 0 0 12 12 12 12 0 0 0 0 0 0 0 0 0 0 0 0 0 12 0 0 12 12 12 12 0 0 198 198 12 0 0 0 0 198 145 145 53 0 0 53 0 53 53 0 0 0 0 0 0 145 0 145 145 145 0 0 0 145 0 0 145 0 145 12 0 0 0 0 0 0 12 0 0 53 53 12 0 0 0 0 0 12 0 0 54 1 1 0 0 54 12 0 12 12 
286:/usr/share/lua/5.1/busted/outputHandlers/gtest.lua
12 12 12 12 0 12 0 12 12 0 12 3168 0 0 0 0 0 12 12 0 12 12 12 12 12 12 12 12 12 12 12 12 12 12 0 12 12 12 12 12 12 0 12 12 12 12 12 0 12 12 12 12 12 0 0 12 12 12 12 12 12 12 0 0 0 0 0 0 0 0 0 0 0 0 12 0 0 54 54 54 0 0 0 0 0 0 54 0 54 0 0 0 54 12 0 0 450 450 450 450 0 450 12 0 0 36 36 36 5 5 5 0 5 5 59 54 54 54 0 0 0 0 0 36 12 0 0 36 36 36 5 5 5 0 36 12 0 0 12 12 0 12 12 12 0 12 12 12 12 0 12 12 0 0 396 12 0 0 0 0 0 0 0 0 0 0 0 12 0 0 12 0 0 12 0 0 12 12 12 0 12 12 0 0 12 12 12 12 12 12 12 0 12 12 0 0 12 12 12 12 12 0 0 12 12 12 12 12 12 12 0 0 198 198 0 198 12 0 0 198 198 0 198 198 198 145 145 53 0 0 53 53 53 0 0 0 0 0 198 198 0 198 12 0 0 53 53 53 0 53 12 0 0 0 0 0 0 0 12 0 0 54 1 1 1 0 1 0 0 54 12 0 12 12 12 12 12 12 12 12 12 12 12 0 12 12 
208:/usr/share/lua/5.1/busted/runner.lua
0 0 0 0 0 0 0 0 0 0 0 0 0 0 0 0 0 0 0 0 0 0 0 0 0 0 0 0 0 0 0 0 0 0 0 0 0 0 0 0 0 0 0 0 0 0 0 0 0 0 0 0 0 0 0 0 0 0 0 12 0 0 0 0 0 0 12 0 0 0 0 12 0 0 0 0 0 12 12 0 0 12 12 0 0 0 12 12 0 0 0 0 0 12 12 12 0 24 0 0 12 0 24 0 0 12 0 24 1 1 1 12 0 24 53 53 0 0 0 53 53 12 0 0 12 12 12 0 0 24 12 12 12 12 12 12 12 0 0 0 12 12 0 0 0 0 0 0 0 0 0 0 0 0 0 0 0 0 0 12 0 0 0 0 0 0 0 0 24 12 12 12 12 12 12 12 0 0 12 0 12 12 12 24 12 12 12 12 0 0 0 0 0 0 12 12 24 12 12 12 0 0 12 0 12 5 0 7 
42:/usr/share/lua/5.1/busted/status.lua
0 1304 1304 1304 1304 1304 1304 1304 1304 0 1304 0 0 0 1106 1106 1595 1106 1106 1106 0 0 0 1106 0 0 0 1106 0 0 0 198 198 198 0 1304 0 0 2212 1106 1502 1106 
35:/usr/share/lua/5.1/busted/utils.lua
0 0 0 12 12 36 24 24 0 0 12 0 0 0 0 0 0 0 0 0 0 0 0 0 0 0 12 12 12 12 12 60 48 0 12 
177:/usr/share/lua/5.1/luassert/assert.lua
0 0 0 0 0 0 0 0 0 0 0 53 0 53 0 0 53 53 0 0 53 0 0 0 0 0 198 0 198 0 396 198 0 0 198 396 198 0 0 0 0 198 198 198 0 198 53 53 0 0 53 53 0 0 145 0 0 145 0 0 0 0 0 0 0 0 0 0 0 0 0 0 0 0 396 198 0 0 198 0 0 0 0 198 0 0 0 0 0 0 0 0 0 0 0 0 0 0 0 0 0 0 0 0 0 0 0 0 0 0 0 0 0 0 0 0 0 0 0 0 0 53 53 159 106 106 106 106 106 0 0 53 0 0 0 0 0 0 0 0 0 0 0 0 0 0 0 0 0 0 0 0 0 0 0 0 0 0 0 0 0 0 0 0 0 0 0 0 198 0 0 0 198 0 0 0 198 
120:/usr/share/lua/5.1/luassert/assertions.lua
0 0 0 0 0 0 0 0 0 0 0 0 0 0 0 0 0 0 198 0 0 198 0 0 0 0 0 0 0 0 0 0 0 0 0 0 0 0 0 0 0 0 0 0 0 0 0 0 0 0 0 0 0 0 0 0 0 0 0 0 0 0 0 0 0 0 0 0 0 0 0 0 0 0 0 0 0 0 0 0 0 0 0 0 0 0 0 0 0 0 0 0 0 0 0 0 0 0 0 0 0 0 0 0 0 0 0 0 0 0 0 0 198 198 198 198 0 198 198 198 
202:/usr/share/lua/5.1/luassert/formatters/init.lua
0 0 0 0 0 0 0 0 0 0 0 0 0 0 0 0 0 0 0 0 0 78 78 0 0 0 0 0 28 0 0 0 28 0 28 0 28 0 0 0 28 0 28 0 0 0 0 0 28 0 0 0 106 28 0 78 0 0 106 0 0 106 0 0 106 0 0 106 0 0 0 0 0 0 0 0 0 0 0 0 0 0 0 0 0 0 0 0 0 0 0 0 0 0 0 0 0 0 0 0 0 0 0 0 0 0 0 0 0 0 0 0 0 0 0 106 106 0 0 0 0 0 0 0 0 0 0 0 0 0 0 0 0 0 0 0 0 0 0 0 0 0 0 0 0 0 0 0 0 0 0 0 0 0 0 0 0 0 0 0 0 0 0 0 0 0 0 0 0 0 0 0 0 0 0 0 0 0 0 0 0 0 0 0 0 106 0 0 0 106 0 0 106 0 0 106 0 0 106 0 0 106 
92:/usr/share/lua/5.1/luassert/state.lua
0 0 0 0 0 0 0 0 0 0 0 0 0 0 0 0 0 0 0 0 0 0 0 0 0 0 0 0 0 0 0 0 0 0 0 0 0 0 0 0 0 0 0 0 0 0 0 0 0 0 0 0 0 0 0 0 0 0 0 0 0 0 0 0 0 0 0 0 0 0 0 0 0 0 0 0 0 0 0 0 0 0 0 0 0 0 0 0 106 820 820 820 
283:/usr/share/lua/5.1/luassert/util.lua
0 0 0 0 0 0 0 0 0 0 0 0 0 0 0 0 0 0 0 0 0 0 0 0 0 0 0 0 0 0 0 0 0 0 0 0 0 0 0 0 0 0 0 0 0 0 0 0 0 0 0 0 0 0 0 0 0 0 0 0 0 0 0 0 0 0 0 0 0 0 0 0 0 0 0 0 0 0 0 0 0 0 0 0 0 0 0 0 0 0 0 0 0 0 0 0 0 0 0 0 0 0 0 0 0 0 0 0 0 0 0 0 0 0 0 0 0 0 0 0 0 0 0 0 0 0 0 0 0 0 0 0 0 0 0 0 0 0 0 0 0 0 0 0 0 0 0 0 0 0 0 0 0 198 198 198 198 198 198 0 0 0 0 198 198 0 198 0 0 0 0 0 396 198 0 0 198 198 0 0 0 0 0 0 0 0 0 198 198 0 198 0 0 0 0 0 198 0 396 198 0 0 198 198 198 0 0 0 0 0 0 0 0 0 0 0 0 0 0 0 0 0 0 53 0 0 0 0 0 0 0 0 251 251 251 251 502 251 251 251 0 251 251 0 0 0 0 0 0 0 0 198 0 0 198 198 198 396 198 198 0 0 198 198 0 0 0 0 0 0 198 198 198 0 198 0 0 0 198 0 0 0 198 
154:/usr/share/lua/5.1/mediator.lua
0 420 0 0 0 420 420 420 420 0 0 0 0 0 420 0 420 420 0 0 0 0 0 250 250 250 250 250 250 0 0 420 420 0 420 0 420 240 240 0 228 0 0 420 0 420 250 0 0 0 0 0 0 0 0 0 0 0 0 250 0 0 0 0 0 0 0 0 250 0 0 250 250 250 0 0 0 250 0 0 2250 250 0 0 0 0 0 0 0 0 0 0 0 250 0 0 3751 2167 0 0 2167 0 2167 0 2167 2167 0 0 0 1584 1052 0 532 0 250 250 0 0 0 0 0 0 0 0 0 0 0 0 0 0 0 1173 0 3423 2250 0 0 1173 0 0 0 420 0 0 0 0 0 0 0 0 0 0 0 753 
476:/usr/share/lua/5.1/pl/dir.lua
0 0 0 0 0 0 12 12 12 12 12 12 12 12 12 12 12 12 12 12 12 12 0 12 0 0 12 24 0 0 0 12 0 0 128 128 12 0 0 0 0 0 0 0 12 0 0 0 12 0 0 0 0 0 0 0 12 0 0 0 0 0 0 0 0 12 0 0 0 0 0 0 0 0 0 0 0 0 0 0 12 0 0 0 0 0 0 12 0 0 0 0 0 0 0 0 0 0 12 0 0 0 0 0 12 0 0 12 0 0 0 0 0 0 0 0 12 0 0 12 0 0 0 0 0 0 0 0 0 0 0 12 0 0 0 0 0 0 0 0 0 0 0 0 0 0 0 0 0 0 0 0 0 0 0 0 0 0 0 0 0 0 0 0 0 0 0 0 0 0 0 0 0 0 0 0 0 0 0 0 0 0 0 0 0 0 0 0 0 12 0 0 0 12 0 0 0 0 0 0 0 0 0 0 0 0 0 0 0 0 0 0 0 0 0 0 0 0 0 0 0 0 0 0 0 0 0 0 0 0 0 0 0 0 12 0 0 0 0 0 0 0 12 0 0 0 0 12 0 0 0 0 0 0 12 0 0 0 12 0 0 0 0 0 0 0 0 0 0 0 0 0 0 0 0 12 0 0 0 0 0 0 0 0 0 12 0 0 0 0 0 0 0 0 0 0 0 0 0 0 12 0 0 0 0 0 0 0 0 12 0 0 0 0 0 0 12 0 0 0 0 0 0 0 0 0 12 0 12 12 0 0 12 0 0 12 0 0 0 0 0 0 0 0 0 0 0 0 0 12 0 0 0 0 0 0 12 0 0 12 0 0 0 0 0 0 0 0 0 0 0 0 0 0 12 0 0 0 0 0 0 0 0 0 0 0 0 0 0 0 0 0 0 0 0 0 0 0 0 0 0 0 0 0 0 0 0 0 0 0 0 0 0 0 0 0 12 0 0 0 0 0 12 12 12 12 0 12 12 0 0 0 0 212 188 140 140 140 140 140 12 0 0 0 0 36 0 24 12 0 0 0 0 0 0 0 0 12 12 12 0 12 12 152 140 128 128 128 0 0 0 0 12 12 0 12 
276:/usr/share/lua/5.1/pl/path.lua
0 0 0 0 0 0 0 0 0 0 0 0 0 0 0 0 0 0 0 0 0 0 0 0 0 0 0 0 0 0 0 0 0 0 0 0 0 0 0 0 0 0 0 0 0 0 0 0 0 0 0 0 0 0 0 0 164 164 0 0 164 0 0 0 0 0 12 12 0 0 0 0 0 0 0 0 0 0 0 0 0 0 0 0 0 0 0 0 0 0 0 0 140 140 0 0 0 0 0 0 0 0 0 0 0 0 0 0 0 0 0 0 0 0 0 0 0 0 9750 0 0 0 0 0 0 0 0 0 0 0 0 0 0 0 0 0 0 0 0 0 0 0 0 0 0 0 0 0 0 0 707 707 707 9702 8995 8995 0 707 0 0 707 0 0 0 0 0 0 0 0 0 0 0 0 0 0 0 0 0 0 0 0 0 0 0 0 0 0 0 12 12 12 48 36 0 0 36 36 0 12 0 0 12 0 0 0 0 0 0 579 579 579 0 0 0 0 0 128 128 128 0 0 0 0 0 12 12 12 0 0 0 0 0 0 0 0 0 0 0 0 0 0 0 0 0 0 0 0 0 0 0 0 0 0 0 0 0 0 0 0 0 0 0 0 0 0 0 0 0 0 0 0 128 128 0 0 128 
793:/usr/share/lua/5.1/pl/tablex.lua
0 0 0 0 0 0 0 0 0 0 0 0 0 0 0 0 0 0 0 0 0 0 0 0 24 24 0 0 0 0 0 0 0 0 0 0 0 24 0 0 24 0 0 24 0 0 24 0 0 0 0 0 0 0 0 0 0 0 0 0 0 0 0 0 0 0 0 0 0 0 0 0 0 0 0 0 0 0 0 0 0 0 0 0 0 0 0 0 24 24 1080 1056 0 24 0 0 0 0 0 0 0 0 0 0 0 0 0 0 0 0 0 0 0 0 0 0 0 0 0 0 0 0 0 0 0 0 0 0 0 0 0 0 0 0 0 0 0 0 0 0 0 0 0 0 0 0 0 0 0 0 0 0 0 0 0 0 0 0 0 0 0 0 0 0 0 0 0 0 0 0 0 0 0 0 0 0 0 0 0 0 0 0 0 0 0 0 0 0 0 0 0 0 0 0 0 0 0 0 0 0 0 0 0 0 0 0 0 0 0 0 0 0 0 0 0 0 0 0 0 0 0 0 0 0 0 0 0 0 0 0 0 0 0 0 0 0 0 0 0 0 0 0 0 0 0 0 0 0 0 0 0 0 0 0 0 0 0 0 0 0 0 0 0 0 0 0 0 0 0 0 0 0 0 0 0 0 0 0 0 0 0 0 0 0 0 0 0 0 0 0 0 0 0 0 0 0 0 0 0 0 0 0 0 0 0 0 0 0 0 0 0 0 0 0 0 0 0 0 0 0 0 0 0 0 0 0 0 0 0 0 0 0 0 0 0 0 0 0 0 0 0 0 0 0 0 0 0 0 0 0 0 0 0 0 0 0 0 0 0 0 0 0 0 0 0 0 0 0 0 0 0 0 0 0 0 0 0 0 0 0 0 0 0 0 0 0 0 0 0 0 0 0 0 0 0 0 0 0 0 0 0 0 0 0 0 0 0 0 0 0 0 0 0 0 0 0 0 0 0 0 0 0 0 0 0 0 0 0 0 0 0 0 0 0 0 0 0 0 0 0 0 0 0 0 0 0 0 0 0 0 0 0 0 0 0 0 0 0 0 0 0 0 0 0 0 0 0 0 0 0 0 0 0 0 0 0 0 0 0 0 0 0 0 0 0 0 0 0 0 0 0 0 0 0 0 0 0 0 0 0 0 0 0 0 0 0 0 0 0 0 0 0 0 0 0 0 0 0 0 0 0 0 0 0 0 0 0 0 0 0 0 0 0 0 0 0 0 0 0 0 0 0 0 0 0 0 0 0 0 0 0 0 0 0 0 0 0 0 0 0 0 0 0 0 0 0 0 0 0 0 0 0 0 0 0 0 0 0 0 0 0 0 0 0 0 0 0 0 0 0 0 0 0 0 0 0 0 0 0 0 0 0 0 0 0 0 0 0 0 0 0 0 0 0 0 0 0 0 0 0 0 0 0 0 0 0 0 0 24 24 24 164 140 140 24 24 0 0 24 0 0 0 0 0 0 0 0 0 0 0 0 0 0 0 0 0 0 0 0 0 0 0 0 0 0 0 0 0 0 0 0 0 0 0 0 0 0 0 0 0 0 0 0 0 0 0 0 0 0 0 0 0 0 0 0 0 0 0 0 0 0 0 0 0 0 0 0 0 0 0 0 0 0 0 0 0 0 0 0 0 0 0 0 0 0 0 0 0 0 0 0 0 0 0 0 0 0 0 0 0 0 0 0 0 0 0 0 0 0 0 0 0 0 0 0 0 0 0 0 0 0 0 0 0 0 0 0 0 0 0 0 0 0 0 0 0 12 12 12 12 0 0 0 12 12 0 0 12 24 12 0 0 12 
81:/usr/share/lua/5.1/pl/types.lua
0 0 0 0 0 0 0 0 0 0 0 0 0 0 0 0 0 0 0 0 0 0 0 0 0 0 0 0 0 0 0 0 0 0 0 0 0 0 0 0 0 0 0 0 0 0 0 0 0 0 0 0 0 0 0 0 0 0 0 0 0 0 0 0 48 0 0 0 0 0 0 24 24 0 0 0 0 0 0 24 24 
401:/usr/share/lua/5.1/pl/utils.lua
0 0 0 0 0 0 0 0 0 0 0 0 0 0 0 0 0 0 0 0 0 0 0 0 0 0 0 0 0 0 0 0 0 0 0 0 0 0 0 0 0 0 0 0 0 0 0 0 0 0 0 0 0 0 0 0 0 0 0 0 0 0 0 0 0 0 0 0 0 0 0 0 0 0 0 0 0 0 0 0 0 0 0 0 0 0 0 0 0 0 0 0 0 0 0 0 0 0 0 0 0 128 128 0 0 0 0 0 0 0 0 0 0 0 0 0 0 0 0 0 0 0 0 0 0 0 0 0 0 0 0 0 0 0 0 0 0 0 0 0 0 0 0 0 0 0 0 0 0 0 0 0 0 0 0 0 0 0 0 0 0 0 0 0 0 0 0 0 0 0 0 0 0 0 0 0 0 0 0 0 0 0 0 0 0 0 0 0 0 0 0 0 0 0 0 0 0 0 0 0 0 0 0 0 0 0 0 0 0 0 0 0 0 0 0 0 0 0 0 0 0 0 0 0 0 0 0 0 0 0 0 0 0 0 0 0 0 0 0 0 0 0 0 0 0 0 0 0 0 0 0 0 0 0 0 0 0 0 0 0 0 0 0 0 0 0 0 0 0 0 0 0 0 0 0 0 0 0 0 0 0 0 0 0 0 0 0 0 0 0 0 0 0 0 0 0 0 0 0 0 0 0 0 0 0 0 0 0 0 0 0 0 0 0 0 0 0 0 0 0 0 0 0 24 24 24 0 0 0 0 0 0 0 0 0 0 0 0 0 0 0 0 0 0 0 0 0 0 0 0 0 0 0 0 0 0 0 0 0 0 0 0 0 0 0 0 0 0 0 0 0 0 0 0 0 0 0 0 0 0 0 0 0 0 0 0 2058 0 0 2058 0 0 2058 0 0 0 0 0 0 2010 2010 
48:/usr/share/lua/5.1/say/init.lua
0 0 0 0 0 0 0 0 0 0 0 0 0 12 12 0 0 12 0 0 0 0 0 0 0 0 0 228 228 0 0 0 0 251 0 251 0 251 0 0 251 251 0 951 700 0 0 251 
21:raindrops.lua
0 216 0 198 72 18 0 156 50 18 3 126 44 18 1 126 37 0 0 126 7 
75:raindrops_spec.lua
12 0 22 22 11 18 0 22 11 20 0 22 11 19 0 22 11 19 0 22 11 20 0 22 11 18 0 22 11 20 0 22 11 19 0 22 11 19 0 22 11 19 0 22 11 19 0 22 11 19 0 22 11 20 0 22 11 19 0 22 11 19 0 22 11 18 0 22 11 19 0 22 11 19 33 
