163:/usr/share/lua/5.1/busted/block.lua
0 0 0 0 0 0 0 0 0 0 0 0 0 0 0 9 9 0 9 459 0 459 468 0 9 27 27 486 459 432 0 0 36 0 0 0 0 0 0 9 0 9 81 0 81 54 54 0 0 0 0 81 27 0 81 81 54 0 0 27 27 0 0 0 0 0 0 27 0 27 9 0 9 108 0 108 54 54 0 0 0 0 108 0 108 108 0 0 0 0 0 108 9 0 9 135 135 0 135 135 0 0 0 0 0 0 135 54 0 0 0 135 9 0 9 27 9 0 9 27 27 27 0 36 0 9 27 9 0 9 27 9 0 9 18 0 18 18 18 0 0 0 0 18 0 18 18 0 18 0 0 0 0 18 18 0 0 18 18 0 27 0 9 
38:/usr/share/lua/5.1/busted/compatibility.lua
0 0 0 0 0 0 0 0 0 0 0 0 0 0 0 0 0 0 0 0 0 0 0 0 0 0 0 0 0 0 0 0 0 0 0 0 6 6 
124:/usr/share/lua/5.1/busted/context.lua
0 0 0 9 378 369 0 9 9 9 9 9 0 0 0 9 378 369 0 801 792 0 9 0 0 0 0 0 0 0 0 0 0 0 0 0 0 0 0 0 0 0 0 0 0 0 0 0 0 0 0 0 0 0 0 0 0 0 45 45 9 36 0 36 0 0 45 45 0 0 45 45 0 0 45 9 0 45 0 0 648 0 0 0 0 0 0 0 0 0 0 0 0 0 0 0 0 0 45 45 45 45 0 0 36 0 0 0 2128 0 0 0 198 198 198 198 198 0 0 198 198 198 198 198 
315:/usr/share/lua/5.1/busted/core.lua
0 0 0 0 0 0 0 0 0 0 3 0 0 0 0 0 0 0 0 0 0 0 0 0 0 0 8 8 3 5 0 0 5 0 0 0 11 0 0 0 9 0 0 0 0 0 0 0 0 0 0 0 0 0 0 0 0 0 0 0 0 0 0 0 0 0 0 0 0 44 44 0 44 44 53 47 9 9 0 0 44 44 0 44 44 0 0 0 8 8 8 8 0 8 8 0 0 0 0 0 8 0 0 0 170 0 0 0 315 0 0 0 0 0 0 0 52 0 68 68 9 9 9 9 9 9 0 0 59 43 43 43 43 43 0 0 16 0 0 0 0 0 0 3 3 3 3 3 3 0 0 0 0 0 0 0 0 0 0 0 0 0 0 0 0 0 9 0 9 0 9 0 0 198 198 198 0 396 8 8 8 404 0 198 8 0 0 0 8 0 0 0 0 0 0 0 0 0 0 0 8 0 198 0 198 198 0 0 0 108 108 108 54 54 54 54 54 54 0 216 108 216 108 0 0 0 0 0 0 0 0 0 0 0 0 0 0 0 0 0 0 0 0 0 0 0 0 0 0 0 0 0 0 0 0 0 0 0 45 0 0 0 0 45 0 45 45 36 0 0 0 45 90 0 45 45 0 0 0 0 0 0 45 45 45 45 45 45 45 45 45 45 45 45 0 0 45 0 45 27 0 18 0 45 0 0 0 27 72 45 45 90 45 0 27 
31:/usr/share/lua/5.1/busted/environment.lua
0 0 0 0 0 0 0 1962 0 1953 1458 1953 0 0 0 0 0 0 0 0 504 0 0 0 0 0 0 0 0 0 9 
72:/usr/share/lua/5.1/busted/execute.lua
9 9 9 0 0 0 0 0 0 0 0 0 9 0 0 9 0 0 9 9 0 0 0 0 0 0 0 0 0 0 0 0 0 0 0 0 0 0 9 0 18 9 0 0 0 0 0 9 0 9 0 0 0 0 9 9 9 9 0 9 9 0 9 0 9 0 0 0 18 0 9 9 
127:/usr/share/lua/5.1/busted/init.lua
0 0 0 0 9 9 9 0 9 9 0 0 9 9 9 0 9 9 0 0 27 27 0 27 0 0 0 0 27 0 27 27 27 0 27 0 27 27 27 27 27 0 0 0 0 0 0 27 0 0 27 27 0 0 0 0 0 0 0 0 0 0 0 0 0 0 0 0 0 0 0 0 0 0 0 0 0 0 0 0 0 0 0 0 0 0 0 0 0 0 0 0 0 0 0 0 0 0 0 0 0 0 0 0 0 0 0 0 0 0 0 0 0 0 0 0 0 0 0 0 0 0 0 0 0 0 351 
50:/usr/share/lua/5.1/busted/languages/en.lua
9 0 9 0 0 9 9 9 9 0 9 9 9 9 0 9 9 9 9 0 9 9 9 9 0 9 0 9 9 0 0 9 9 9 9 9 9 9 9 9 0 9 9 9 9 9 9 0 9 9 
23:/usr/share/lua/5.1/busted/modules/files/lua.lua
9 0 9 0 0 44 44 44 9 0 0 9 9 0 0 9 9 0 0 9 9 0 9 
107:/usr/share/lua/5.1/busted/modules/files/moonscript.lua
9 0 18 9 9 0 9 0 0 0 0 0 0 0 0 0 0 9 0 0 0 0 0 0 0 0 0 0 0 0 9 0 0 0 0 0 9 0 0 0 0 0 0 0 0 0 0 0 0 0 0 0 0 0 0 0 0 0 0 0 0 0 0 0 0 0 9 0 9 0 0 0 0 0 0 0 0 0 0 0 9 0 0 0 0 0 0 0 0 0 0 0 9 0 0 0 9 0 0 0 0 0 0 0 9 0 9 
129:/usr/share/lua/5.1/busted/modules/filter_loader.lua
0 0 0 27 27 0 54 54 27 27 0 0 27 9 0 0 0 0 9 0 0 36 0 0 0 0 36 9 0 0 27 27 0 0 0 0 27 9 0 0 36 0 0 0 0 36 9 0 0 27 0 0 0 0 27 9 0 0 0 0 0 0 0 0 0 0 0 9 0 0 0 9 0 9 0 0 0 0 0 0 9 0 0 0 9 0 0 72 126 90 0 0 81 0 0 0 0 0 0 0 0 9 0 9 0 0 0 0 0 0 0 0 0 0 0 0 0 0 9 9 9 9 0 0 9 9 9 9 9 
34:/usr/share/lua/5.1/busted/modules/output_handler_loader.lua
0 0 0 0 0 0 0 0 9 18 9 0 9 0 0 9 0 18 0 9 0 0 0 9 0 0 0 0 9 0 0 0 9 9 
101:/usr/share/lua/5.1/busted/modules/test_file_loader.lua
9 0 0 9 9 9 9 0 27 18 18 0 0 0 0 0 9 0 9 9 9 0 18 99 99 0 0 0 0 189 99 9 0 0 90 18 0 18 9 0 0 9 0 18 0 0 0 0 0 9 9 9 0 0 9 18 9 0 9 9 0 0 0 9 9 9 0 0 9 0 0 9 0 18 9 0 9 18 9 9 9 9 0 0 9 0 0 0 9 0 0 0 0 0 0 0 9 9 0 9 9 
179:/usr/share/lua/5.1/busted/outputHandlers/base.lua
0 9 9 9 9 9 9 9 9 9 9 9 0 0 0 108 9 0 0 9 9 0 9 0 0 0 9 9 9 9 9 9 9 9 9 9 18 0 0 81 81 0 162 162 0 81 81 0 0 81 9 0 0 0 27 300 273 219 0 0 27 27 0 27 27 27 27 27 27 27 0 27 0 27 9 0 0 0 0 0 0 0 9 0 0 9 9 9 9 0 0 0 0 0 0 0 0 0 0 0 0 0 9 0 0 9 9 9 9 0 0 27 27 9 0 0 0 0 27 19 19 8 0 0 8 0 3 3 5 0 5 5 0 0 19 0 19 19 19 0 0 0 19 0 0 19 0 19 9 0 0 0 0 0 0 9 0 0 3 3 9 0 0 5 5 5 9 0 0 8 0 0 0 0 8 9 0 9 9 
286:/usr/share/lua/5.1/busted/outputHandlers/gtest.lua
9 9 9 9 0 9 0 9 9 0 9 237 0 6 0 0 0 9 9 0 9 9 9 9 9 9 9 9 9 9 9 9 9 9 0 9 9 9 9 9 9 0 9 9 9 9 9 0 9 9 9 9 9 0 0 9 9 9 9 9 9 9 0 0 0 0 0 0 0 0 0 0 0 0 9 0 0 8 8 8 0 0 0 0 0 0 8 0 8 0 0 0 8 9 0 0 62 62 62 62 0 62 9 0 0 27 27 27 7 7 7 0 7 7 15 8 8 8 0 0 0 0 0 27 9 0 0 27 27 27 7 7 7 0 27 9 0 0 9 9 0 9 9 9 0 9 9 9 9 0 9 9 0 0 54 9 0 0 0 0 0 0 0 0 0 0 0 9 0 0 9 0 0 9 0 0 9 9 9 0 9 9 0 0 9 9 9 9 9 9 9 0 9 9 0 0 9 9 9 9 9 0 0 9 9 9 9 9 9 9 0 0 27 27 0 27 9 0 0 27 27 0 27 27 27 19 19 8 0 0 8 3 3 5 5 5 0 0 27 27 0 27 9 0 0 3 3 3 0 3 9 0 0 5 5 5 0 5 9 0 0 8 0 0 0 0 0 0 0 8 9 0 9 9 9 9 9 9 9 9 9 9 9 0 9 9 
208:/usr/share/lua/5.1/busted/runner.lua
0 0 0 0 0 0 0 0 0 0 0 0 0 0 0 0 0 0 0 0 0 0 0 0 0 0 0 0 0 0 0 0 0 0 0 0 0 0 0 0 0 0 0 0 0 0 0 0 0 0 0 0 0 0 0 0 0 0 0 9 0 0 0 0 0 0 9 0 0 0 0 9 0 0 0 0 0 9 9 0 0 9 9 0 0 0 9 9 0 0 0 0 0 9 9 9 0 18 0 0 9 0 18 0 0 9 0 18 5 5 5 9 0 18 3 3 0 0 0 3 3 9 0 0 9 9 9 0 0 18 9 9 9 9 9 9 9 0 0 0 9 9 0 0 0 0 0 0 0 0 0 0 0 0 0 0 0 0 0 9 0 0 0 0 0 0 0 0 18 9 9 9 9 9 9 9 0 0 9 0 9 9 9 18 9 9 9 9 0 0 0 0 0 0 9 9 18 9 9 9 0 0 9 0 9 6 0 3 
42:/usr/share/lua/5.1/busted/status.lua
0 252 252 252 252 252 252 252 252 0 252 0 0 0 225 225 351 225 225 225 0 0 0 225 0 0 0 225 0 0 0 27 27 27 0 252 0 0 450 225 279 225 
35:/usr/share/lua/5.1/busted/utils.lua
0 0 0 9 9 27 18 18 0 0 9 0 0 0 0 0 0 0 0 0 0 0 0 0 0 0 9 9 9 9 9 45 36 0 9 
177:/usr/share/lua/5.1/luassert/assert.lua
0 0 0 0 0 0 0 0 0 0 0 3 0 3 0 0 3 3 0 0 3 0 0 0 0 0 22 0 22 0 44 22 0 0 22 44 22 0 0 0 0 22 22 22 0 22 3 3 0 0 3 3 0 0 19 0 0 19 0 0 0 0 0 0 0 0 0 0 0 0 0 0 0 0 54 27 0 0 27 0 0 0 0 27 0 0 0 0 0 0 0 0 0 0 0 0 0 0 0 0 0 0 0 0 0 0 0 0 0 0 0 0 0 0 0 0 0 0 0 0 0 3 3 9 6 6 6 6 6 0 0 3 0 0 0 0 0 0 0 0 0 0 0 0 0 0 0 0 0 0 0 0 0 0 0 0 0 0 0 0 0 0 0 0 0 0 0 0 22 0 0 0 22 0 0 0 27 
120:/usr/share/lua/5.1/luassert/assertions.lua
0 0 0 0 0 0 0 0 0 0 0 0 0 0 0 0 0 0 22 0 0 22 0 0 0 0 0 0 0 0 0 0 0 0 0 0 0 0 0 0 0 0 0 0 0 0 0 0 0 0 0 0 0 0 0 0 0 0 0 0 0 0 0 0 0 0 0 0 0 0 0 0 0 0 0 0 0 0 0 0 0 0 0 0 0 0 0 0 0 0 0 0 0 0 0 0 0 0 0 0 0 0 0 0 0 0 0 0 0 0 0 0 22 22 22 22 0 22 22 22 
202:/usr/share/lua/5.1/luassert/formatters/init.lua
0 0 0 0 0 0 0 0 0 0 0 0 0 0 0 0 0 0 0 0 0 6 6 0 0 0 0 0 0 0 0 0 0 0 0 0 0 0 0 0 0 0 0 0 0 0 0 0 0 0 0 0 6 0 0 6 0 0 6 0 0 6 0 0 6 0 0 6 0 0 0 0 0 0 0 0 0 0 0 0 0 0 0 0 0 0 0 0 0 0 0 0 0 0 0 0 0 0 0 0 0 0 0 0 0 0 0 0 0 0 0 0 0 0 0 6 6 0 0 0 0 0 0 0 0 0 0 0 0 0 0 0 0 0 0 0 0 0 0 0 0 0 0 0 0 0 0 0 0 0 0 0 0 0 0 0 0 0 0 0 0 0 0 0 0 0 0 0 0 0 0 0 0 0 0 0 0 0 0 0 0 0 0 0 0 6 0 0 0 6 0 0 6 0 0 6 0 0 6 0 0 6 
92:/usr/share/lua/5.1/luassert/state.lua
0 0 0 0 0 0 0 0 0 0 0 0 0 0 0 0 0 0 0 0 0 0 0 0 0 0 0 0 0 0 0 0 0 0 0 0 0 0 0 0 0 0 0 0 0 0 0 0 0 0 0 0 0 0 0 0 0 0 0 0 0 0 0 0 0 0 0 0 0 0 0 0 0 0 0 0 0 0 0 0 0 0 0 0 0 0 0 0 6 48 48 48 
283:/usr/share/lua/5.1/luassert/util.lua
0 0 0 0 0 0 0 0 0 0 0 0 0 0 0 0 0 0 0 0 0 0 0 0 0 0 0 0 0 0 0 0 0 0 0 0 0 0 0 0 0 0 0 0 0 0 0 0 0 0 0 0 0 0 0 0 0 0 0 0 0 0 0 0 0 0 0 0 0 0 0 0 0 0 0 0 0 0 0 0 0 0 0 0 0 0 0 0 0 0 0 0 0 0 0 0 0 0 0 0 0 0 0 0 0 0 0 0 0 0 0 0 0 0 0 0 0 0 0 0 0 0 0 0 0 0 0 0 0 0 0 0 0 0 0 0 0 0 0 0 0 0 0 0 0 0 0 0 0 0 0 0 0 22 22 22 22 22 22 0 0 0 0 22 22 0 22 0 0 0 0 0 44 22 0 0 22 22 0 0 0 0 0 0 0 0 0 22 22 0 22 0 0 0 0 0 22 0 44 22 0 0 22 22 22 0 0 0 0 0 0 0 0 0 0 0 0 0 0 0 0 0 0 3 0 0 0 0 0 0 0 0 25 25 25 25 50 25 25 25 0 25 25 0 0 0 0 0 0 0 0 22 0 0 22 22 22 44 22 22 0 0 22 22 0 0 0 0 0 0 22 22 22 0 22 0 0 0 22 0 0 0 22 
154:/usr/share/lua/5.1/mediator.lua
0 315 0 0 0 315 315 315 315 0 0 0 0 0 315 0 315 315 0 0 0 0 0 189 189 189 189 189 189 0 0 315 315 0 315 0 315 180 180 0 171 0 0 315 0 315 189 0 0 0 0 0 0 0 0 0 0 0 0 189 0 0 0 0 0 0 0 0 189 0 0 189 189 189 0 0 0 189 0 0 898 189 0 0 0 0 0 0 0 0 0 0 0 189 0 0 739 373 0 0 373 0 373 0 373 373 0 0 0 366 241 0 125 0 189 189 0 0 0 0 0 0 0 0 0 0 0 0 0 0 0 485 0 1383 898 0 0 485 0 0 0 315 0 0 0 0 0 0 0 0 0 0 0 170 
476:/usr/share/lua/5.1/pl/dir.lua
0 0 0 0 0 0 9 9 9 9 9 9 9 9 9 9 9 9 9 9 9 9 0 9 0 0 9 18 0 0 0 9 0 0 99 99 9 0 0 0 0 0 0 0 9 0 0 0 9 0 0 0 0 0 0 0 9 0 0 0 0 0 0 0 0 9 0 0 0 0 0 0 0 0 0 0 0 0 0 0 9 0 0 0 0 0 0 9 0 0 0 0 0 0 0 0 0 0 9 0 0 0 0 0 9 0 0 9 0 0 0 0 0 0 0 0 9 0 0 9 0 0 0 0 0 0 0 0 0 0 0 9 0 0 0 0 0 0 0 0 0 0 0 0 0 0 0 0 0 0 0 0 0 0 0 0 0 0 0 0 0 0 0 0 0 0 0 0 0 0 0 0 0 0 0 0 0 0 0 0 0 0 0 0 0 0 0 0 0 9 0 0 0 9 0 0 0 0 0 0 0 0 0 0 0 0 0 0 0 0 0 0 0 0 0 0 0 0 0 0 0 0 0 0 0 0 0 0 0 0 0 0 0 0 9 0 0 0 0 0 0 0 9 0 0 0 0 9 0 0 0 0 0 0 9 0 0 0 9 0 0 0 0 0 0 0 0 0 0 0 0 0 0 0 0 9 0 0 0 0 0 0 0 0 0 9 0 0 0 0 0 0 0 0 0 0 0 0 0 0 9 0 0 0 0 0 0 0 0 9 0 0 0 0 0 0 9 0 0 0 0 0 0 0 0 0 9 0 9 9 0 0 9 0 0 9 0 0 0 0 0 0 0 0 0 0 0 0 0 9 0 0 0 0 0 0 9 0 0 9 0 0 0 0 0 0 0 0 0 0 0 0 0 0 9 0 0 0 0 0 0 0 0 0 0 0 0 0 0 0 0 0 0 0 0 0 0 0 0 0 0 0 0 0 0 0 0 0 0 0 0 0 0 0 0 0 9 0 0 0 0 0 9 9 9 9 0 9 9 0 0 0 0 162 144 108 108 108 108 108 9 0 0 0 0 27 0 18 9 0 0 0 0 0 0 0 0 9 9 9 0 9 9 117 108 99 99 99 0 0 0 0 9 9 0 9 
276:/usr/share/lua/5.1/pl/path.lua
0 0 0 0 0 0 0 0 0 0 0 0 0 0 0 0 0 0 0 0 0 0 0 0 0 0 0 0 0 0 0 0 0 0 0 0 0 0 0 0 0 0 0 0 0 0 0 0 0 0 0 0 0 0 0 0 126 126 0 0 126 0 0 0 0 0 9 9 0 0 0 0 0 0 0 0 0 0 0 0 0 0 0 0 0 0 0 0 0 0 0 0 108 108 0 0 0 0 0 0 0 0 0 0 0 0 0 0 0 0 0 0 0 0 0 0 0 0 2587 0 0 0 0 0 0 0 0 0 0 0 0 0 0 0 0 0 0 0 0 0 0 0 0 0 0 0 0 0 0 0 190 190 190 2551 2361 2361 0 190 0 0 190 0 0 0 0 0 0 0 0 0 0 0 0 0 0 0 0 0 0 0 0 0 0 0 0 0 0 0 9 9 9 36 27 0 0 27 27 0 9 0 0 9 0 0 0 0 0 0 91 91 91 0 0 0 0 0 99 99 99 0 0 0 0 0 9 9 9 0 0 0 0 0 0 0 0 0 0 0 0 0 0 0 0 0 0 0 0 0 0 0 0 0 0 0 0 0 0 0 0 0 0 0 0 0 0 0 0 0 0 0 0 99 99 0 0 99 
793:/usr/share/lua/5.1/pl/tablex.lua
0 0 0 0 0 0 0 0 0 0 0 0 0 0 0 0 0 0 0 0 0 0 0 0 18 18 0 0 0 0 0 0 0 0 0 0 0 18 0 0 18 0 0 18 0 0 18 0 0 0 0 0 0 0 0 0 0 0 0 0 0 0 0 0 0 0 0 0 0 0 0 0 0 0 0 0 0 0 0 0 0 0 0 0 0 0 0 0 18 18 810 792 0 18 0 0 0 0 0 0 0 0 0 0 0 0 0 0 0 0 0 0 0 0 0 0 0 0 0 0 0 0 0 0 0 0 0 0 0 0 0 0 0 0 0 0 0 0 0 0 0 0 0 0 0 0 0 0 0 0 0 0 0 0 0 0 0 0 0 0 0 0 0 0 0 0 0 0 0 0 0 0 0 0 0 0 0 0 0 0 0 0 0 0 0 0 0 0 0 0 0 0 0 0 0 0 0 0 0 0 0 0 0 0 0 0 0 0 0 0 0 0 0 0 0 0 0 0 0 0 0 0 0 0 0 0 0 0 0 0 0 0 0 0 0 0 0 0 0 0 0 0 0 0 0 0 0 0 0 0 0 0 0 0 0 0 0 0 0 0 0 0 0 0 0 0 0 0 0 0 0 0 0 0 0 0 0 0 0 0 0 0 0 0 0 0 0 0 0 0 0 0 0 0 0 0 0 0 0 0 0 0 0 0 0 0 0 0 0 0 0 0 0 0 0 0 0 0 0 0 0 0 0 0 0 0 0 0 0 0 0 0 0 0 0 0 0 0 0 0 0 0 0 0 0 0 0 0 0 0 0 0 0 0 0 0 0 0 0 0 0 0 0 0 0 0 0 0 0 0 0 0 0 0 0 0 0 0 0 0 0 0 0 0 0 0 0 0 0 0 0 0 0 0 0 0 0 0 0 0 0 0 0 0 0 0 0 0 0 0 0 0 0 0 0 0 0 0 0 0 0 0 0 0 0 0 0 0 0 0 0 0 0 0 0 0 0 0 0 0 0 0 0 0 0 0 0 0 0 0 0 0 0 0 0 0 0 0 0 0 0 0 0 0 0 0 0 0 0 0 0 0 0 0 0 0 0 0 0 0 0 0 0 0 0 0 0 0 0 0 0 0 0 0 0 0 0 0 0 0 0 0 0 0 0 0 0 0 0 0 0 0 0 0 0 0 0 0 0 0 0 0 0 0 0 0 0 0 0 0 0 0 0 0 0 0 0 0 0 0 0 0 0 0 0 0 0 0 0 0 0 0 0 0 0 0 0 0 0 0 0 0 0 0 0 0 0 0 0 0 0 0 0 0 0 0 0 0 0 0 0 0 0 0 0 0 0 0 0 0 0 0 0 0 0 0 0 0 0 0 0 0 0 0 0 0 0 0 0 0 0 0 0 0 0 0 0 0 0 0 0 0 0 0 0 0 0 0 18 18 18 126 108 108 18 18 0 0 18 0 0 0 0 0 0 0 0 0 0 0 0 0 0 0 0 0 0 0 0 0 0 0 0 0 0 0 0 0 0 0 0 0 0 0 0 0 0 0 0 0 0 0 0 0 0 0 0 0 0 0 0 0 0 0 0 0 0 0 0 0 0 0 0 0 0 0 0 0 0 0 0 0 0 0 0 0 0 0 0 0 0 0 0 0 0 0 0 0 0 0 0 0 0 0 0 0 0 0 0 0 0 0 0 0 0 0 0 0 0 0 0 0 0 0 0 0 0 0 0 0 0 0 0 0 0 0 0 0 0 0 0 0 0 0 0 0 9 9 9 9 0 0 0 9 9 0 0 9 18 9 0 0 9 
81:/usr/share/lua/5.1/pl/types.lua
0 0 0 0 0 0 0 0 0 0 0 0 0 0 0 0 0 0 0 0 0 0 0 0 0 0 0 0 0 0 0 0 0 0 0 0 0 0 0 0 0 0 0 0 0 0 0 0 0 0 0 0 0 0 0 0 0 0 0 0 0 0 0 0 36 0 0 0 0 0 0 18 18 0 0 0 0 0 0 18 18 
401:/usr/share/lua/5.1/pl/utils.lua
0 0 0 0 0 0 0 0 0 0 0 0 0 0 0 0 0 0 0 0 0 0 0 0 0 0 0 0 0 0 0 0 0 0 0 0 0 0 0 0 0 0 0 0 0 0 0 0 0 0 0 0 0 0 0 0 0 0 0 0 0 0 0 0 0 0 0 0 0 0 0 0 0 0 0 0 0 0 0 0 0 0 0 0 0 0 0 0 0 0 0 0 0 0 0 0 0 0 0 0 0 99 99 0 0 0 0 0 0 0 0 0 0 0 0 0 0 0 0 0 0 0 0 0 0 0 0 0 0 0 0 0 0 0 0 0 0 0 0 0 0 0 0 0 0 0 0 0 0 0 0 0 0 0 0 0 0 0 0 0 0 0 0 0 0 0 0 0 0 0 0 0 0 0 0 0 0 0 0 0 0 0 0 0 0 0 0 0 0 0 0 0 0 0 0 0 0 0 0 0 0 0 0 0 0 0 0 0 0 0 0 0 0 0 0 0 0 0 0 0 0 0 0 0 0 0 0 0 0 0 0 0 0 0 0 0 0 0 0 0 0 0 0 0 0 0 0 0 0 0 0 0 0 0 0 0 0 0 0 0 0 0 0 0 0 0 0 0 0 0 0 0 0 0 0 0 0 0 0 0 0 0 0 0 0 0 0 0 0 0 0 0 0 0 0 0 0 0 0 0 0 0 0 0 0 0 0 0 0 0 0 0 0 0 0 0 0 0 0 0 0 0 0 18 18 18 0 0 0 0 0 0 0 0 0 0 0 0 0 0 0 0 0 0 0 0 0 0 0 0 0 0 0 0 0 0 0 0 0 0 0 0 0 0 0 0 0 0 0 0 0 0 0 0 0 0 0 0 0 0 0 0 0 0 0 0 875 0 0 875 0 0 875 0 0 0 0 0 0 839 839 
48:/usr/share/lua/5.1/say/init.lua
0 0 0 0 0 0 0 0 0 0 0 0 0 9 9 0 0 9 0 0 0 0 0 0 0 0 0 171 171 0 0 0 0 25 0 25 0 25 0 0 25 25 0 97 72 0 0 25 
39:/usr/share/lua/5.1/term/colors.lua
0 0 0 0 0 0 0 0 0 0 0 0 0 0 0 0 0 0 0 0 0 0 0 0 0 0 0 0 0 0 480 0 0 0 480 0 0 0 240 
13:two-fer.lua
9 0 9 27 2 12 2 16 7 0 7 0 2 
15:two-fer_spec.lua
9 0 18 18 9 12 0 18 9 17 0 18 9 17 27 
