163:/usr/share/lua/5.1/busted/block.lua
0 0 0 0 0 0 0 0 0 0 0 0 0 0 0 44 44 0 44 5236 0 5236 5280 0 44 308 308 5544 5236 4928 0 0 352 0 0 0 0 0 0 44 0 44 924 0 924 616 616 0 0 0 0 924 132 0 924 924 792 0 0 132 132 0 0 0 0 0 0 132 0 132 44 0 44 1056 0 1056 616 616 0 0 0 0 1056 0 1056 1056 0 0 0 0 0 1056 44 0 44 1188 1188 0 1188 1188 0 0 0 0 0 0 1188 616 0 0 0 1188 44 0 44 308 44 0 44 132 132 132 0 176 0 44 132 44 0 44 132 44 0 44 88 0 88 88 88 0 0 0 0 88 0 88 88 0 88 0 0 0 0 88 88 0 0 88 88 0 132 0 44 
38:/usr/share/lua/5.1/busted/compatibility.lua
0 0 0 0 0 0 0 0 0 0 0 0 0 0 0 0 0 0 0 0 0 0 0 0 0 0 0 0 0 0 0 0 0 0 0 0 40 40 
124:/usr/share/lua/5.1/busted/context.lua
0 0 0 44 1848 1804 0 44 44 44 44 44 0 0 0 44 1848 1804 0 3916 3872 0 44 0 0 0 0 0 0 0 0 0 0 0 0 0 0 0 0 0 0 0 0 0 0 0 0 0 0 0 0 0 0 0 0 0 0 0 396 396 44 352 0 352 0 0 396 396 0 0 396 396 0 0 396 44 0 396 0 0 6864 0 0 0 0 0 0 0 0 0 0 0 0 0 0 0 0 0 396 396 396 396 0 0 176 0 0 0 23610 0 0 0 1672 1672 1672 1672 1672 0 0 1672 1672 1672 1672 1672 
315:/usr/share/lua/5.1/busted/core.lua
0 0 0 0 0 0 0 0 0 0 129 0 0 0 0 0 0 0 0 0 0 0 0 0 0 0 146 146 129 17 0 0 17 0 0 0 275 0 0 0 44 0 0 0 0 0 0 0 0 0 0 0 0 0 0 0 0 0 0 0 0 0 0 0 0 0 0 0 0 498 498 0 498 498 923 627 425 425 0 0 498 498 0 498 498 0 0 0 146 146 146 146 0 146 146 0 0 0 0 0 146 0 0 0 1466 0 0 0 1540 0 0 0 0 0 0 0 644 0 936 936 44 44 44 44 44 44 0 0 892 600 600 600 600 600 0 0 292 0 0 0 0 0 0 129 129 129 129 129 129 0 0 0 0 0 0 0 0 0 0 0 0 0 0 0 0 0 44 0 44 0 44 0 0 1672 1672 1672 0 3344 146 146 146 3490 0 1672 146 0 0 0 146 0 0 0 0 0 0 0 0 0 0 0 146 0 1672 0 1672 1672 0 0 0 880 880 880 440 440 440 440 440 440 0 1760 880 1760 880 0 0 0 0 0 0 0 0 0 0 0 0 0 0 0 0 0 0 0 0 0 0 0 0 0 0 0 0 0 0 0 0 0 0 0 396 0 0 0 0 396 0 396 396 352 0 0 0 396 792 0 396 396 0 0 0 0 0 0 396 396 396 396 396 396 396 396 396 396 396 396 0 0 396 0 396 132 0 264 0 396 0 0 0 132 528 396 396 792 396 0 132 
31:/usr/share/lua/5.1/busted/environment.lua
0 0 0 0 0 0 0 22088 0 22044 16456 22044 0 0 0 0 0 0 0 0 5632 0 0 0 0 0 0 0 0 0 44 
72:/usr/share/lua/5.1/busted/execute.lua
44 44 44 0 0 0 0 0 0 0 0 0 44 0 0 44 0 0 44 44 0 0 0 0 0 0 0 0 0 0 0 0 0 0 0 0 0 0 44 0 88 44 0 0 0 0 0 44 0 44 0 0 0 0 44 44 44 44 0 44 44 0 44 0 44 0 0 0 88 0 44 44 
127:/usr/share/lua/5.1/busted/init.lua
0 0 0 0 44 44 44 0 44 44 0 0 44 44 44 0 44 44 0 0 308 308 0 308 0 0 0 0 308 0 308 308 308 0 308 0 308 308 308 308 308 0 0 0 0 0 0 308 0 0 308 308 0 0 0 0 0 0 0 0 0 0 0 0 0 0 0 0 0 0 0 0 0 0 0 0 0 0 0 0 0 0 0 0 0 0 0 0 0 0 0 0 0 0 0 0 0 0 0 0 0 0 0 0 0 0 0 0 0 0 0 0 0 0 0 0 0 0 0 0 0 0 0 0 0 0 2772 
50:/usr/share/lua/5.1/busted/languages/en.lua
44 0 44 0 0 44 44 44 44 0 44 44 44 44 0 44 44 44 44 0 44 44 44 44 0 44 0 44 44 0 0 44 44 44 44 44 44 44 44 44 0 44 44 44 44 44 44 0 44 44 
23:/usr/share/lua/5.1/busted/modules/files/lua.lua
44 0 44 0 0 498 498 498 44 0 0 44 44 0 0 44 44 0 0 44 44 0 44 
107:/usr/share/lua/5.1/busted/modules/files/moonscript.lua
44 0 88 44 44 0 44 0 0 0 0 0 0 0 0 0 0 44 0 0 0 0 0 0 0 0 0 0 0 0 44 0 0 0 0 0 44 0 0 0 0 0 0 0 0 0 0 0 0 0 0 0 0 0 0 0 0 0 0 0 0 0 0 0 0 0 44 0 44 0 0 0 0 0 0 0 0 0 0 0 44 0 0 0 0 0 0 0 0 0 0 0 44 0 0 0 44 0 0 0 0 0 0 0 44 0 44 
129:/usr/share/lua/5.1/busted/modules/filter_loader.lua
0 0 0 308 308 0 616 616 308 308 0 0 308 44 0 0 0 0 44 0 0 352 0 0 0 0 352 44 0 0 308 308 0 0 0 0 308 44 0 0 352 0 0 0 0 352 44 0 0 308 0 0 0 0 308 44 0 0 0 0 0 0 0 0 0 0 0 44 0 0 0 44 0 44 0 0 0 0 0 0 44 0 0 0 44 0 0 352 616 440 0 0 396 0 0 0 0 0 0 0 0 44 0 44 0 0 0 0 0 0 0 0 0 0 0 0 0 0 44 44 44 44 0 0 44 44 44 44 44 
34:/usr/share/lua/5.1/busted/modules/output_handler_loader.lua
0 0 0 0 0 0 0 0 44 88 44 0 44 0 0 44 0 88 0 44 0 0 0 44 0 0 0 0 44 0 0 0 44 44 
101:/usr/share/lua/5.1/busted/modules/test_file_loader.lua
44 0 0 44 44 44 44 0 132 88 88 0 0 0 0 0 44 0 44 44 44 0 88 434 434 0 0 0 0 785 434 83 0 0 351 88 0 88 83 0 0 83 0 88 0 0 0 0 0 44 44 44 0 0 44 88 44 0 44 44 0 0 0 44 44 44 0 0 44 0 0 44 0 88 44 0 44 88 44 44 44 44 0 0 44 0 0 0 44 0 0 0 0 0 0 0 44 44 0 44 44 
179:/usr/share/lua/5.1/busted/outputHandlers/base.lua
0 44 44 44 44 44 44 44 44 44 44 44 0 0 0 1232 44 0 0 44 44 0 44 0 0 0 44 44 44 44 44 44 44 44 44 44 88 0 0 924 924 0 1848 1848 0 924 924 0 0 924 44 0 0 0 308 3258 2950 2334 0 0 308 308 0 308 308 308 308 308 308 308 0 308 0 308 44 0 0 0 0 0 0 0 44 0 0 44 44 44 44 0 0 0 0 0 0 0 0 0 0 0 0 0 44 0 0 44 44 44 44 0 0 308 308 44 0 0 0 0 308 162 162 146 0 0 146 0 129 129 17 0 17 17 0 0 162 0 162 162 162 0 0 0 162 0 0 162 0 162 44 0 0 0 0 0 0 44 0 0 129 129 44 0 0 17 17 17 44 0 0 146 0 0 0 0 146 44 0 44 44 
286:/usr/share/lua/5.1/busted/outputHandlers/gtest.lua
44 44 44 44 0 44 0 44 44 0 44 123 0 43 0 0 0 44 44 0 44 44 44 44 44 44 44 44 44 44 44 44 44 44 0 44 44 44 44 44 44 0 44 44 44 44 44 0 44 44 44 44 44 0 0 44 44 44 44 44 44 44 0 0 0 0 0 0 0 0 0 0 0 0 44 0 0 146 146 146 0 0 0 0 0 0 146 0 146 0 0 0 146 44 0 0 762 762 762 762 0 762 44 0 0 132 132 132 43 43 43 0 43 43 189 146 146 146 0 0 0 0 0 132 44 0 0 132 132 132 43 43 43 0 132 44 0 0 44 44 0 44 44 44 0 44 44 44 44 0 44 44 0 0 616 44 0 0 0 0 0 0 0 0 0 0 0 44 0 0 44 0 0 44 0 0 44 44 44 0 44 44 0 0 44 44 44 44 44 44 44 0 44 44 0 0 44 44 44 44 44 0 0 44 44 44 44 44 44 44 0 0 308 308 0 308 44 0 0 308 308 0 308 308 308 162 162 146 0 0 146 129 129 17 17 17 0 0 308 308 0 308 44 0 0 129 129 129 0 129 44 0 0 17 17 17 0 17 44 0 0 146 0 0 0 0 0 0 0 146 44 0 44 44 44 44 44 44 44 44 44 44 44 0 44 44 
208:/usr/share/lua/5.1/busted/runner.lua
0 0 0 0 0 0 0 0 0 0 0 0 0 0 0 0 0 0 0 0 0 0 0 0 0 0 0 0 0 0 0 0 0 0 0 0 0 0 0 0 0 0 0 0 0 0 0 0 0 0 0 0 0 0 0 0 0 0 0 44 0 0 0 0 0 0 44 0 0 0 0 44 0 0 0 0 0 44 44 0 0 44 44 0 0 0 44 44 0 0 0 0 0 44 44 44 0 88 0 0 44 0 88 0 0 44 0 88 17 17 17 44 0 88 129 129 0 0 0 129 129 44 0 0 44 44 44 0 0 88 44 44 44 44 44 44 44 0 0 0 44 44 0 0 0 0 0 0 0 0 0 0 0 0 0 0 0 0 0 44 0 0 0 0 0 0 0 0 88 44 44 44 44 44 44 44 0 0 44 0 44 44 44 88 44 44 44 44 0 0 0 0 0 0 44 44 88 44 44 44 0 0 44 0 44 40 0 4 
42:/usr/share/lua/5.1/busted/status.lua
0 2288 2288 2288 2288 2288 2288 2288 2288 0 2288 0 0 0 1980 1980 2948 1980 1980 1980 0 0 0 1980 0 0 0 1980 0 0 0 308 308 308 0 2288 0 0 3960 1980 2596 1980 
35:/usr/share/lua/5.1/busted/utils.lua
0 0 0 44 44 132 88 88 0 0 44 0 0 0 0 0 0 0 0 0 0 0 0 0 0 0 44 44 44 44 44 220 176 0 44 
177:/usr/share/lua/5.1/luassert/assert.lua
0 0 0 0 0 0 0 0 0 0 0 113 0 113 0 0 113 113 0 0 113 0 0 0 0 0 291 0 291 0 582 291 0 0 291 582 291 0 0 0 0 291 291 291 0 275 113 113 0 0 113 113 0 0 162 0 0 162 0 0 0 0 0 0 0 0 0 0 0 0 0 0 0 0 616 308 0 0 308 0 0 0 0 308 0 0 0 0 0 0 0 0 0 0 0 0 0 0 0 0 0 0 0 0 0 0 0 0 0 0 0 0 0 0 0 0 0 0 0 0 0 113 113 339 226 226 226 226 226 0 0 113 0 0 0 0 0 0 0 0 0 0 0 0 0 0 0 0 0 0 0 0 0 0 0 0 0 0 16 16 0 0 0 0 0 0 0 0 291 16 16 0 275 0 0 0 308 
120:/usr/share/lua/5.1/luassert/assertions.lua
0 0 0 0 0 0 0 0 0 0 0 0 0 0 0 0 0 0 275 0 0 275 0 0 0 0 0 0 0 0 0 0 0 0 0 0 0 0 0 0 0 0 0 0 0 0 0 0 0 0 0 0 0 0 0 0 0 0 0 0 0 0 0 0 0 0 0 0 0 0 0 0 0 0 0 0 0 0 0 0 0 0 0 0 0 0 0 0 0 0 0 0 0 0 0 0 0 0 0 0 0 0 0 0 0 0 0 0 0 0 0 0 291 291 291 275 0 275 275 275 
202:/usr/share/lua/5.1/luassert/formatters/init.lua
0 0 0 0 0 0 0 0 0 0 0 0 0 0 0 0 0 0 0 0 0 226 226 0 0 0 0 0 0 0 0 0 0 0 0 0 0 0 0 0 0 0 0 0 0 0 0 0 0 0 0 0 226 0 0 226 0 0 226 0 0 226 0 0 226 0 0 226 0 0 0 0 0 0 0 0 0 0 0 0 0 0 0 0 0 0 0 0 0 0 0 0 0 0 0 0 0 0 0 0 0 0 0 0 0 0 0 0 0 0 0 0 0 0 0 226 226 0 0 0 0 0 0 0 0 0 0 0 0 0 0 0 0 0 0 0 0 0 0 0 0 0 0 0 0 0 0 0 0 0 0 0 0 0 0 0 0 0 0 0 0 0 0 0 0 0 0 0 0 0 0 0 0 0 0 0 0 0 0 0 0 0 0 0 0 226 0 0 0 226 0 0 226 0 0 226 0 0 226 0 0 226 
92:/usr/share/lua/5.1/luassert/state.lua
0 0 0 0 0 0 0 0 0 0 0 0 0 0 0 0 0 0 0 0 0 0 0 0 0 0 0 0 0 0 0 0 0 0 0 0 0 0 0 0 0 0 0 0 0 0 0 0 0 0 0 0 0 0 0 0 0 0 0 0 0 0 0 0 0 0 0 0 0 0 0 0 0 0 0 0 0 0 0 0 0 0 0 0 0 0 0 0 226 1808 1808 1808 
283:/usr/share/lua/5.1/luassert/util.lua
0 0 0 0 0 0 0 0 0 0 0 0 0 0 0 0 0 0 0 0 0 0 0 0 0 0 0 0 0 0 0 0 0 0 0 0 0 0 0 0 0 0 0 0 0 0 0 0 0 0 0 0 0 0 0 0 0 0 0 0 0 0 0 0 0 0 0 0 0 0 0 0 0 0 0 0 0 0 0 0 0 0 0 0 0 0 0 0 0 0 0 0 0 0 0 0 0 0 0 0 0 0 0 0 0 0 0 0 0 0 0 0 0 0 0 0 0 0 0 0 0 0 0 0 0 0 0 0 0 0 0 0 0 0 0 0 0 0 0 0 0 0 0 0 0 0 0 0 0 0 0 0 0 275 275 275 275 275 275 0 0 0 0 275 275 0 275 0 0 0 0 0 550 275 0 0 275 275 0 0 0 0 0 0 0 0 0 275 275 0 275 0 0 0 0 0 275 0 550 275 0 0 275 275 275 0 0 0 0 0 0 0 0 0 0 0 0 0 0 0 0 0 0 113 0 0 0 0 0 0 0 0 404 404 404 404 808 404 404 404 0 404 404 0 0 0 0 0 0 0 0 291 0 0 291 291 291 582 291 291 0 0 291 291 0 0 0 0 0 0 291 291 291 0 291 0 0 0 291 0 0 0 291 
154:/usr/share/lua/5.1/mediator.lua
0 1540 0 0 0 1540 1540 1540 1540 0 0 0 0 0 1540 0 1540 1540 0 0 0 0 0 924 924 924 924 924 924 0 0 1540 1540 0 1540 0 1540 880 880 0 836 0 0 1540 0 1540 924 0 0 0 0 0 0 0 0 0 0 0 0 924 0 0 0 0 0 0 0 0 924 0 0 924 924 924 0 0 0 924 0 0 5660 924 0 0 0 0 0 0 0 0 0 0 0 924 0 0 7108 3942 0 0 3942 0 3942 0 3942 3942 0 0 0 3166 2096 0 1070 0 924 924 0 0 0 0 0 0 0 0 0 0 0 0 0 0 0 3006 0 8666 5660 0 0 3006 0 0 0 1540 0 0 0 0 0 0 0 0 0 0 0 1466 
476:/usr/share/lua/5.1/pl/dir.lua
0 0 0 0 0 0 44 44 44 44 44 44 44 44 44 44 44 44 44 44 44 44 0 44 0 0 44 88 0 0 0 44 0 0 434 434 44 0 0 0 0 0 0 0 44 0 0 0 44 0 0 0 0 0 0 0 44 0 0 0 0 0 0 0 0 44 0 0 0 0 0 0 0 0 0 0 0 0 0 0 44 0 0 0 0 0 0 44 0 0 0 0 0 0 0 0 0 0 44 0 0 0 0 0 44 0 0 44 0 0 0 0 0 0 0 0 44 0 0 44 0 0 0 0 0 0 0 0 0 0 0 44 0 0 0 0 0 0 0 0 0 0 0 0 0 0 0 0 0 0 0 0 0 0 0 0 0 0 0 0 0 0 0 0 0 0 0 0 0 0 0 0 0 0 0 0 0 0 0 0 0 0 0 0 0 0 0 0 0 44 0 0 0 44 0 0 0 0 0 0 0 0 0 0 0 0 0 0 0 0 0 0 0 0 0 0 0 0 0 0 0 0 0 0 0 0 0 0 0 0 0 0 0 0 44 0 0 0 0 0 0 0 44 0 0 0 0 44 0 0 0 0 0 0 44 0 0 0 44 0 0 0 0 0 0 0 0 0 0 0 0 0 0 0 0 44 0 0 0 0 0 0 0 0 0 44 0 0 0 0 0 0 0 0 0 0 0 0 0 0 44 0 0 0 0 0 0 0 0 44 0 0 0 0 0 0 44 0 0 0 0 0 0 0 0 0 44 0 44 44 0 0 44 0 0 44 0 0 0 0 0 0 0 0 0 0 0 0 0 44 0 0 0 0 0 0 44 0 0 44 0 0 0 0 0 0 0 0 0 0 0 0 0 0 44 0 0 0 0 0 0 0 0 0 0 0 0 0 0 0 0 0 0 0 0 0 0 0 0 0 0 0 0 0 0 0 0 0 0 0 0 0 0 0 0 0 44 0 0 0 0 0 44 44 44 44 0 44 44 0 0 0 0 742 654 478 478 478 478 478 44 0 0 0 0 132 0 88 44 0 0 0 0 0 0 0 0 44 44 44 0 44 44 522 478 434 434 434 0 0 0 0 44 44 0 44 
276:/usr/share/lua/5.1/pl/path.lua
0 0 0 0 0 0 0 0 0 0 0 0 0 0 0 0 0 0 0 0 0 0 0 0 0 0 0 0 0 0 0 0 0 0 0 0 0 0 0 0 0 0 0 0 0 0 0 0 0 0 0 0 0 0 0 0 566 566 0 0 566 0 0 0 0 0 44 44 0 0 0 0 0 0 0 0 0 0 0 0 0 0 0 0 0 0 0 0 0 0 0 0 478 478 0 0 0 0 0 0 0 0 0 0 0 0 0 0 0 0 0 0 0 0 0 0 0 0 28118 0 0 0 0 0 0 0 0 0 0 0 0 0 0 0 0 0 0 0 0 0 0 0 0 0 0 0 0 0 0 0 1559 1559 1559 27942 26383 26383 0 1559 0 0 1559 0 0 0 0 0 0 0 0 0 0 0 0 0 0 0 0 0 0 0 0 0 0 0 0 0 0 0 44 44 44 176 132 0 0 132 132 0 44 0 0 44 0 0 0 0 0 0 1125 1125 1125 0 0 0 0 0 434 434 434 0 0 0 0 0 44 44 44 0 0 0 0 0 0 0 0 0 0 0 0 0 0 0 0 0 0 0 0 0 0 0 0 0 0 0 0 0 0 0 0 0 0 0 0 0 0 0 0 0 0 0 0 434 434 0 0 434 
793:/usr/share/lua/5.1/pl/tablex.lua
0 0 0 0 0 0 0 0 0 0 0 0 0 0 0 0 0 0 0 0 0 0 0 0 88 88 0 0 0 0 0 0 0 0 0 0 0 88 0 0 88 0 0 88 0 0 88 0 0 0 0 0 0 0 0 0 0 0 0 0 0 0 0 0 0 0 0 0 0 0 0 0 0 0 0 0 0 0 0 0 0 0 0 0 0 0 0 0 88 88 3960 3872 0 88 0 0 0 0 0 0 0 0 0 0 0 0 0 0 0 0 0 0 0 0 0 0 0 0 0 0 0 0 0 0 0 0 0 0 0 0 0 0 0 0 0 0 0 0 0 0 0 0 0 0 0 0 0 0 0 0 0 0 0 0 0 0 0 0 0 0 0 0 0 0 0 0 0 0 0 0 0 0 0 0 0 0 0 0 0 0 0 0 0 0 0 0 0 0 0 0 0 0 0 0 0 0 0 0 0 0 0 0 0 0 0 0 0 0 0 0 0 0 0 0 0 0 0 0 0 0 0 0 0 0 0 0 0 0 0 0 0 0 0 0 0 0 0 0 0 0 0 0 0 0 0 0 0 0 0 0 0 0 0 0 0 0 0 0 0 0 0 0 0 0 0 0 0 0 0 0 0 0 0 0 0 0 0 0 0 0 0 0 0 0 0 0 0 0 0 0 0 0 0 0 0 0 0 0 0 0 0 0 0 0 0 0 0 0 0 0 0 0 0 0 0 0 0 0 0 0 0 0 0 0 0 0 0 0 0 0 0 0 0 0 0 0 0 0 0 0 0 0 0 0 0 0 0 0 0 0 0 0 0 0 0 0 0 0 0 0 0 0 0 0 0 0 0 0 0 0 0 0 0 0 0 0 0 0 0 0 0 0 0 0 0 0 0 0 0 0 0 0 0 0 0 0 0 0 0 0 0 0 0 0 0 0 0 0 0 0 0 0 0 0 0 0 0 0 0 0 0 0 0 0 0 0 0 0 0 0 0 0 0 0 0 0 0 0 0 0 0 0 0 0 0 0 0 0 0 0 0 0 0 0 0 0 0 0 0 0 0 0 0 0 0 0 0 0 0 0 0 0 0 0 0 0 0 0 0 0 0 0 0 0 0 0 0 0 0 0 0 0 0 0 0 0 0 0 0 0 0 0 0 0 0 0 0 0 0 0 0 0 0 0 0 0 0 0 0 0 0 0 0 0 0 0 0 0 0 0 0 0 0 0 0 0 0 0 0 0 0 0 0 0 0 0 0 0 0 0 0 0 0 0 0 0 0 0 0 0 0 0 0 0 0 0 0 0 0 0 0 0 0 0 0 0 0 0 0 0 0 0 0 0 0 0 0 0 0 0 0 0 0 0 0 0 0 0 0 0 0 0 0 0 0 0 0 0 0 0 0 0 0 0 0 0 0 0 0 0 0 0 0 0 0 0 0 0 88 88 88 605 517 517 127 127 0 0 88 0 0 0 0 0 0 0 0 0 0 0 0 0 0 0 0 0 0 0 0 0 0 0 0 0 0 0 0 0 0 0 0 0 0 0 0 0 0 0 0 0 0 0 0 0 0 0 0 0 0 0 0 0 0 0 0 0 0 0 0 0 0 0 0 0 0 0 0 0 0 0 0 0 0 0 0 0 0 0 0 0 0 0 0 0 0 0 0 0 0 0 0 0 0 0 0 0 0 0 0 0 0 0 0 0 0 0 0 0 0 0 0 0 0 0 0 0 0 0 0 0 0 0 0 0 0 0 0 0 0 0 0 0 0 0 0 0 44 44 44 44 0 0 0 44 44 0 0 44 88 44 0 0 44 
81:/usr/share/lua/5.1/pl/types.lua
0 0 0 0 0 0 0 0 0 0 0 0 0 0 0 0 0 0 0 0 0 0 0 0 0 0 0 0 0 0 0 0 0 0 0 0 0 0 0 0 0 0 0 0 0 0 0 0 0 0 0 0 0 0 0 0 0 0 0 0 0 0 0 0 176 0 0 0 0 0 0 88 88 0 0 0 0 0 0 88 88 
401:/usr/share/lua/5.1/pl/utils.lua
0 0 0 0 0 0 0 0 0 0 0 0 0 0 0 0 0 0 0 0 0 0 0 0 0 0 0 0 0 0 0 0 0 0 0 0 0 0 0 0 0 0 0 0 0 0 0 0 0 0 0 0 0 0 0 0 0 0 0 0 0 0 0 0 0 0 0 0 0 0 0 0 0 0 0 0 0 0 0 0 0 0 0 0 0 0 0 0 0 0 0 0 0 0 0 0 0 0 0 0 0 434 434 0 0 0 0 0 0 0 0 0 0 0 0 0 0 0 0 0 0 0 0 0 0 0 0 0 0 0 0 0 0 0 0 0 0 0 0 0 0 0 0 0 0 0 0 0 0 0 0 0 0 0 0 0 0 0 0 0 0 0 0 0 0 0 0 0 0 0 0 0 0 0 0 0 0 0 0 0 0 0 0 0 0 0 0 0 0 0 0 0 0 0 0 0 0 0 0 0 0 0 0 0 0 0 0 0 0 0 0 0 0 0 0 0 0 0 0 0 0 0 0 0 0 0 0 0 0 0 0 0 0 0 0 0 0 0 0 0 0 0 0 0 0 0 0 0 0 0 0 0 0 0 0 0 0 0 0 0 0 0 0 0 0 0 0 0 0 0 0 0 0 0 0 0 0 0 0 0 0 0 0 0 0 0 0 0 0 0 0 0 0 0 0 0 0 0 0 0 0 0 0 0 0 0 0 0 0 0 0 0 0 0 0 0 0 0 0 0 0 0 0 88 88 88 0 0 0 0 0 0 0 0 0 0 0 0 0 0 0 0 0 0 0 0 0 0 0 0 0 0 0 0 0 0 0 0 0 0 0 0 0 0 0 0 0 0 0 0 0 0 0 0 0 0 0 0 0 0 0 0 0 0 0 0 5338 0 0 5338 0 0 5338 0 0 0 0 0 0 5162 5162 
48:/usr/share/lua/5.1/say/init.lua
0 0 0 0 0 0 0 0 0 0 0 0 0 44 44 0 0 44 0 0 0 0 0 0 0 0 0 836 836 0 0 0 0 404 0 404 0 404 0 0 404 404 0 1503 1099 0 0 404 
39:/usr/share/lua/5.1/term/colors.lua
0 0 0 0 0 0 0 0 0 0 0 0 0 0 0 0 0 0 0 0 0 0 0 0 0 0 0 0 0 0 6122 0 0 0 6122 0 0 0 3061 
84:run-length-encoding.lua
0 180 24 160 41 0 295 409 153 395 170 1603 1559 44 1465 975 3 545 334 96 306 0 0 568 556 0 12 0 136 92 6 68 0 24 136 102 44 63 147 11 152 7 9 11 170 40 633 586 505 422 480 532 360 236 248 392 364 104 261 328 67 65 107 79 22 12 16 52 32 52 18 10 7 8 7 5 11 9 2 0 2 2 2 2 
31:run-length-encoding_spec.lua
44 0 88 88 44 84 0 88 44 84 0 88 44 65 0 88 44 49 0 88 44 84 0 88 44 52 0 88 44 52 132 
