==============================================================================
./hello-world.lua
==============================================================================
  --- hello_world
  -- @module hello_world

* local hello_world = {}

  --- hello says hello to all.
  -- @return the string that says hello world
* function hello_world.hello()
*   return 'Hello, World!'
  end

* return hello_world

==============================================================================
./hello-world_spec.lua
==============================================================================
  -- Require the hello-world module
* local hello_world = require('hello-world')

  -- Define a module named hello-world. This module should return a single
  -- function named hello that takes no arguments and returns a string.

* describe('hello-world', function()
*   it('says hello world', function()
*     local result = hello_world.hello()
*     assert.are.equal('Hello, World!', result)
    end)
  end)

==============================================================================
Summary
==============================================================================

File                   Hits Missed Coverage
-------------------------------------------
./hello-world.lua      4    0      100.00%
./hello-world_spec.lua 5    0      100.00%
-------------------------------------------
Total                  9    0      100.00%
