mode: count
listops/list_ops.go:8.60,11.22 1 4
listops/list_ops.go:11.22,13.3 1 10
listops/list_ops.go:15.2,15.12 1 4
listops/list_ops.go:19.60,24.22 2 4
listops/list_ops.go:24.22,26.3 1 10
listops/list_ops.go:28.2,28.12 1 4
listops/list_ops.go:32.52,37.22 2 3
listops/list_ops.go:37.22,38.12 1 9
listops/list_ops.go:38.12,40.4 1 5
listops/list_ops.go:43.2,43.10 1 3
listops/list_ops.go:47.31,51.2 1 3
listops/list_ops.go:54.48,59.22 2 3
listops/list_ops.go:59.22,61.3 1 8
listops/list_ops.go:63.2,63.10 1 3
listops/list_ops.go:67.36,72.19 2 7
listops/list_ops.go:72.19,74.3 1 18
listops/list_ops.go:78.2,78.10 1 7
listops/list_ops.go:82.46,86.2 1 4
listops/list_ops.go:89.50,94.26 2 3
listops/list_ops.go:94.26,95.23 1 7
listops/list_ops.go:95.23,97.4 1 9
listops/list_ops.go:100.2,100.10 1 3
