163:/usr/share/lua/5.1/busted/block.lua
0 0 0 0 0 0 0 0 0 0 0 0 0 0 0 8 8 0 8 4080 0 4080 4088 0 8 240 240 4320 4080 3840 0 0 248 0 0 0 0 0 0 8 0 8 960 0 960 720 720 0 0 0 0 960 56 0 960 960 904 0 0 56 56 0 0 0 0 0 0 56 0 56 8 0 8 1016 0 1016 720 720 0 0 0 0 1016 0 1016 1016 0 0 0 0 0 1016 8 0 8 1072 1072 0 1072 1072 0 0 0 0 0 0 1072 720 0 0 0 1072 8 0 8 240 8 0 8 56 56 56 0 64 0 8 56 8 0 8 56 8 0 8 48 0 48 48 48 0 0 0 0 48 0 48 48 0 48 0 0 0 0 48 48 0 0 48 48 0 56 0 8 
38:/usr/share/lua/5.1/busted/compatibility.lua
0 0 0 0 0 0 0 0 0 0 0 0 0 0 0 0 0 0 0 0 0 0 0 0 0 0 0 0 0 0 0 0 0 0 0 0 8 8 
124:/usr/share/lua/5.1/busted/context.lua
0 0 0 8 336 328 0 8 8 8 8 8 0 0 0 8 336 328 0 720 712 0 8 0 0 0 0 0 0 0 0 0 0 0 0 0 0 0 0 0 0 0 0 0 0 0 0 0 0 0 0 0 0 0 0 0 0 0 288 288 8 280 0 280 0 0 288 288 0 0 288 288 0 0 288 8 0 288 0 0 5494 0 0 0 0 0 0 0 0 0 0 0 0 0 0 0 0 0 288 288 288 288 0 0 64 0 0 0 25596 0 0 0 1168 1168 1168 1168 1168 0 0 1168 1168 1168 1168 1168 
315:/usr/share/lua/5.1/busted/core.lua
0 0 0 0 0 0 0 0 0 0 3 0 0 0 0 0 0 0 0 0 0 0 0 0 0 0 61 61 3 58 0 0 58 0 0 0 64 0 0 0 8 0 0 0 0 0 0 0 0 0 0 0 0 0 0 0 0 0 0 0 0 0 0 0 0 0 0 0 0 341 341 0 341 341 350 344 9 9 0 0 341 341 0 341 341 0 0 0 61 61 61 61 0 61 61 0 0 0 0 0 61 0 0 0 949 0 0 0 280 0 0 0 0 0 0 0 402 0 886 886 8 8 8 8 8 8 0 0 878 394 394 394 394 394 0 0 484 0 0 0 0 0 0 3 3 3 3 3 3 0 0 0 0 0 0 0 0 0 0 0 0 0 0 0 0 0 8 0 8 0 8 0 0 1168 1168 1168 0 2336 61 61 61 2397 0 1168 61 0 0 0 61 0 0 0 0 0 0 0 0 0 0 0 61 0 1168 0 1168 1168 0 0 0 592 592 592 296 296 296 296 296 296 0 1184 592 1184 592 0 0 0 0 0 0 0 0 0 0 0 0 0 0 0 0 0 0 0 0 0 0 0 0 0 0 0 0 0 0 0 0 0 0 0 288 0 0 0 0 288 0 288 288 280 0 0 0 288 576 0 288 288 0 0 0 0 0 0 288 288 288 288 288 288 288 288 288 288 288 288 0 0 288 0 288 56 0 232 0 288 0 0 0 56 344 288 288 576 288 0 56 
31:/usr/share/lua/5.1/busted/environment.lua
0 0 0 0 0 0 0 23047 0 22894 18393 22894 0 0 0 0 0 0 0 0 4654 0 0 0 0 0 0 0 0 0 8 
72:/usr/share/lua/5.1/busted/execute.lua
8 8 8 0 0 0 0 0 0 0 0 0 8 0 0 8 0 0 8 8 0 0 0 0 0 0 0 0 0 0 0 0 0 0 0 0 0 0 8 0 16 8 0 0 0 0 0 8 0 8 0 0 0 0 8 8 8 8 0 8 8 0 8 0 8 0 0 0 16 0 8 8 
127:/usr/share/lua/5.1/busted/init.lua
0 0 0 0 8 8 8 0 8 8 0 0 40 40 40 0 40 40 0 0 240 240 0 240 0 0 0 0 240 0 240 240 240 0 240 0 240 240 240 240 240 0 0 0 0 0 0 240 0 0 240 240 0 0 0 0 0 0 0 0 0 0 0 0 0 0 0 0 0 0 0 0 0 0 0 0 0 0 0 0 0 0 0 0 0 0 0 0 0 0 0 0 0 0 0 0 0 0 0 0 0 0 0 0 0 0 0 0 0 0 0 0 0 0 0 0 0 0 0 0 0 0 0 0 0 0 2328 
50:/usr/share/lua/5.1/busted/languages/en.lua
8 0 8 0 0 8 8 8 8 0 8 8 8 8 0 8 8 8 8 0 8 8 8 8 0 8 0 8 8 0 0 8 8 8 8 8 8 8 8 8 0 8 8 8 8 8 8 0 8 8 
23:/usr/share/lua/5.1/busted/modules/files/lua.lua
8 0 8 0 0 341 341 341 8 0 0 8 8 0 0 8 8 0 0 8 8 0 8 
107:/usr/share/lua/5.1/busted/modules/files/moonscript.lua
8 0 16 8 8 0 8 0 0 0 0 0 0 0 0 0 0 8 0 0 0 0 0 0 0 0 0 0 0 0 8 0 0 0 0 0 8 0 0 0 0 0 0 0 0 0 0 0 0 0 0 0 0 0 0 0 0 0 0 0 0 0 0 0 0 0 8 0 8 0 0 0 0 0 0 0 0 0 0 0 8 0 0 0 0 0 0 0 0 0 0 0 8 0 0 0 8 0 0 0 0 0 0 0 8 0 8 
129:/usr/share/lua/5.1/busted/modules/filter_loader.lua
0 0 0 240 240 0 720 720 480 480 0 0 240 8 0 0 0 0 8 0 0 280 0 0 0 0 280 8 0 0 240 240 0 0 0 0 240 8 0 0 280 0 0 0 0 280 8 0 0 240 0 0 0 0 240 8 0 0 0 0 0 0 0 0 0 0 0 8 0 0 0 8 0 8 0 0 0 0 0 0 8 0 0 0 8 0 0 64 112 80 0 0 72 0 0 0 0 0 0 0 0 8 0 8 0 0 0 0 0 0 0 0 0 0 0 0 0 0 8 8 8 8 0 0 8 8 8 8 8 
34:/usr/share/lua/5.1/busted/modules/output_handler_loader.lua
0 0 0 0 0 0 0 0 8 16 8 0 8 0 0 8 0 16 0 8 0 0 0 8 0 0 0 0 8 0 0 0 8 8 
101:/usr/share/lua/5.1/busted/modules/test_file_loader.lua
8 0 0 8 8 8 8 0 24 16 16 0 0 0 0 0 8 0 8 8 8 0 16 93 93 0 0 0 0 178 93 8 0 0 85 16 0 16 8 0 0 8 0 16 0 0 0 0 0 8 8 8 0 0 8 16 8 0 8 8 0 0 0 8 8 8 0 0 8 0 0 8 0 16 8 0 8 16 8 8 8 8 0 0 8 0 0 0 8 0 0 0 0 0 0 0 8 8 0 8 8 
179:/usr/share/lua/5.1/busted/outputHandlers/base.lua
0 8 8 8 8 8 8 8 8 8 8 8 0 0 0 960 8 0 0 8 8 0 8 0 0 0 8 8 8 8 8 8 8 8 8 8 16 0 0 720 720 0 2160 2160 0 1440 1440 0 0 720 8 0 0 0 240 2697 2457 1977 0 0 240 240 0 240 240 240 240 240 240 240 0 240 0 240 8 0 0 0 0 0 0 0 8 0 0 8 8 8 8 0 0 0 0 0 0 0 0 0 0 0 0 0 8 0 0 8 8 8 8 0 0 240 240 8 0 0 0 0 240 179 179 61 0 0 61 0 3 3 58 0 58 58 0 0 179 0 179 179 179 0 0 0 179 0 0 179 0 179 8 0 0 0 0 0 0 8 0 0 3 3 8 0 0 58 58 58 8 0 0 61 0 0 0 0 61 8 0 8 8 
286:/usr/share/lua/5.1/busted/outputHandlers/gtest.lua
8 8 8 8 0 8 0 8 8 0 8 3117 0 1 0 0 0 8 8 0 8 8 8 8 8 8 8 8 8 8 8 8 8 8 0 8 8 8 8 8 8 0 8 8 8 8 8 0 8 8 8 8 8 0 0 8 8 8 8 8 8 8 0 0 0 0 0 0 0 0 0 0 0 0 8 0 0 61 61 61 0 0 0 0 0 0 61 0 61 0 0 0 61 8 0 0 541 541 541 541 0 541 8 0 0 24 24 24 9 9 9 0 9 9 70 61 61 61 0 0 0 0 0 24 8 0 0 24 24 24 9 9 9 0 24 8 0 0 8 8 0 8 8 8 0 8 8 8 8 0 8 8 0 0 480 8 0 0 0 0 0 0 0 0 0 0 0 8 0 0 8 0 0 8 0 0 8 8 8 0 8 8 0 0 8 8 8 8 8 8 8 0 8 8 0 0 8 8 8 8 8 0 0 8 8 8 8 8 8 8 0 0 240 240 0 240 8 0 0 240 240 0 240 240 240 179 179 61 0 0 61 3 3 58 58 58 0 0 240 240 0 240 8 0 0 3 3 3 0 3 8 0 0 58 58 58 0 58 8 0 0 61 0 0 0 0 0 0 0 61 8 0 8 8 8 8 8 8 8 8 8 8 8 0 8 8 
206:/usr/share/lua/5.1/busted/runner.lua
0 0 0 0 0 0 0 0 0 0 0 0 0 0 0 0 0 0 0 0 0 0 0 0 0 0 0 0 0 0 0 0 0 0 0 0 0 0 0 0 0 0 0 0 0 0 0 0 0 0 0 0 0 0 0 0 0 0 0 8 0 0 0 0 0 0 8 0 0 0 0 8 0 0 0 0 0 8 8 0 0 8 8 0 0 0 8 8 0 0 0 0 0 8 8 8 0 16 0 0 8 0 16 0 0 8 0 16 58 58 58 8 0 16 3 3 0 0 0 3 3 8 0 0 8 8 8 0 0 16 8 8 8 8 8 8 8 0 0 0 8 8 0 0 0 0 0 0 0 0 0 0 0 0 0 0 0 0 0 8 0 0 0 0 0 0 0 0 16 8 8 8 8 8 8 8 0 0 8 0 8 8 8 16 8 8 8 8 0 0 0 0 0 0 8 8 16 8 8 8 0 0 8 0 8 8 
42:/usr/share/lua/5.1/busted/status.lua
0 1648 1648 1648 1648 1648 1648 1648 1648 0 1648 0 0 0 1408 1408 2048 1408 1408 1408 0 0 0 1408 0 0 0 1408 0 0 0 240 240 240 0 1648 0 0 2816 1408 1888 1408 
35:/usr/share/lua/5.1/busted/utils.lua
0 0 0 8 8 24 16 16 0 0 8 0 0 0 0 0 0 0 0 0 0 0 0 0 0 0 8 8 8 8 8 40 32 0 8 
177:/usr/share/lua/5.1/luassert/assert.lua
0 0 0 0 0 0 0 0 0 0 0 3 0 3 0 0 3 3 0 0 3 0 0 0 0 0 330 0 330 0 660 330 0 0 330 660 330 0 0 0 0 330 330 330 0 330 3 3 0 0 3 3 0 0 327 0 0 327 0 0 0 0 0 0 0 0 0 0 0 0 0 0 0 0 762 381 0 0 381 0 0 0 0 381 0 0 0 8 8 0 0 8 8 8 8 8 8 8 0 0 0 0 0 0 0 0 0 0 0 0 0 0 0 0 0 0 0 0 0 0 0 3 3 9 6 6 6 6 6 0 0 3 0 0 0 0 0 0 0 0 0 0 0 0 0 0 0 0 0 0 0 0 0 0 0 0 0 0 0 0 0 0 0 0 0 0 0 0 330 0 0 0 330 0 0 0 381 
120:/usr/share/lua/5.1/luassert/assertions.lua
0 0 0 0 0 0 0 0 0 0 0 0 0 0 0 0 0 0 330 0 0 330 0 0 0 0 0 0 0 0 0 0 0 0 0 0 0 0 0 0 0 0 0 0 0 0 0 0 0 0 0 0 0 0 0 0 0 0 0 0 0 0 0 0 0 0 0 0 0 0 0 0 0 0 0 0 0 0 0 0 0 0 0 0 0 0 0 0 0 0 0 0 0 0 0 0 0 0 0 0 0 0 0 0 0 0 0 0 0 0 0 0 330 330 330 330 0 330 330 330 
202:/usr/share/lua/5.1/luassert/formatters/init.lua
0 0 0 0 0 0 0 0 0 0 0 0 0 0 0 0 0 0 0 0 0 0 0 0 0 0 0 0 6 0 0 0 6 0 6 0 6 0 0 0 6 0 6 0 0 0 0 0 6 0 0 0 6 6 0 0 0 0 6 0 0 6 0 0 6 0 0 6 0 0 0 0 0 0 0 0 0 0 0 0 0 0 0 0 0 0 0 0 0 0 0 0 0 0 0 0 0 0 0 0 0 0 0 0 0 0 0 0 0 0 0 0 0 0 0 6 6 0 0 0 0 0 0 0 0 0 0 0 0 0 0 0 0 0 0 0 0 0 0 0 0 0 0 0 0 0 0 0 0 0 0 0 0 0 0 0 0 0 0 0 0 0 0 0 0 0 0 0 0 0 0 0 0 0 0 0 0 0 0 0 0 0 0 0 0 6 0 0 0 6 0 0 6 0 0 6 0 0 6 0 0 6 
92:/usr/share/lua/5.1/luassert/state.lua
0 0 0 0 0 0 0 0 0 0 0 0 0 0 0 0 0 0 0 0 0 0 0 0 0 0 0 0 0 0 0 0 0 0 0 0 0 0 0 0 0 0 0 0 0 0 0 0 0 0 0 0 0 0 0 0 0 0 0 0 0 0 0 0 0 0 0 0 0 0 0 0 0 0 0 0 0 0 0 0 0 0 0 0 0 0 0 0 6 42 42 42 
283:/usr/share/lua/5.1/luassert/util.lua
0 0 0 0 0 0 0 0 0 0 0 0 0 0 0 0 0 0 0 0 0 0 0 0 0 0 0 0 0 0 0 0 0 0 0 0 0 0 0 0 0 0 0 0 0 0 0 0 0 0 0 0 0 0 0 0 0 0 0 0 0 0 0 0 0 0 0 0 0 0 0 0 0 0 0 0 0 0 0 0 0 0 0 0 0 0 0 0 0 0 0 0 0 0 0 0 0 0 0 0 0 0 0 0 0 0 0 0 0 0 0 0 0 0 0 0 0 0 0 0 0 0 0 0 0 0 0 0 0 0 0 0 0 0 0 0 0 0 0 0 0 0 0 0 0 0 0 0 0 0 0 0 0 330 330 330 330 330 330 0 0 0 0 330 330 0 330 0 0 0 0 0 660 330 0 0 330 330 0 0 0 0 0 0 0 0 0 330 330 0 330 0 0 0 0 0 330 0 660 330 0 0 330 330 330 0 0 0 0 0 0 0 0 0 0 0 0 0 0 0 0 0 0 3 0 0 0 0 0 0 0 0 333 333 333 333 666 333 333 333 0 333 333 0 0 0 0 0 0 0 0 330 0 0 330 330 330 660 330 330 0 0 330 330 0 0 0 0 0 0 330 330 330 0 330 0 0 0 330 0 0 0 330 
154:/usr/share/lua/5.1/mediator.lua
0 280 0 0 0 280 280 280 280 0 0 0 0 0 280 0 280 280 0 0 0 0 0 168 168 168 168 168 168 0 0 280 280 0 280 0 280 160 160 0 152 0 0 280 0 280 168 0 0 0 0 0 0 0 0 0 0 0 0 168 0 0 0 0 0 0 0 0 168 0 0 168 168 168 0 0 0 168 0 0 2394 168 0 0 0 0 0 0 0 0 0 0 0 168 0 0 4616 2641 0 0 2641 0 2641 0 2641 2641 0 0 0 1975 1314 0 661 0 168 168 0 0 0 0 0 0 0 0 0 0 0 0 0 0 0 1229 0 3623 2394 0 0 1229 0 0 0 280 0 0 0 0 0 0 0 0 0 0 0 949 
476:/usr/share/lua/5.1/pl/dir.lua
0 0 0 0 0 0 8 8 8 8 8 8 8 8 8 8 8 8 8 8 8 8 0 8 0 0 8 16 0 0 0 8 0 0 93 93 8 0 0 0 0 0 0 0 8 0 0 0 8 0 0 0 0 0 0 0 8 0 0 0 0 0 0 0 0 8 0 0 0 0 0 0 0 0 0 0 0 0 0 0 8 0 0 0 0 0 0 8 0 0 0 0 0 0 0 0 0 0 8 0 0 0 0 0 8 0 0 8 0 0 0 0 0 0 0 0 8 0 0 8 0 0 0 0 0 0 0 0 0 0 0 8 0 0 0 0 0 0 0 0 0 0 0 0 0 0 0 0 0 0 0 0 0 0 0 0 0 0 0 0 0 0 0 0 0 0 0 0 0 0 0 0 0 0 0 0 0 0 0 0 0 0 0 0 0 0 0 0 0 8 0 0 0 8 0 0 0 0 0 0 0 0 0 0 0 0 0 0 0 0 0 0 0 0 0 0 0 0 0 0 0 0 0 0 0 0 0 0 0 0 0 0 0 0 8 0 0 0 0 0 0 0 8 0 0 0 0 8 0 0 0 0 0 0 8 0 0 0 8 0 0 0 0 0 0 0 0 0 0 0 0 0 0 0 0 8 0 0 0 0 0 0 0 0 0 8 0 0 0 0 0 0 0 0 0 0 0 0 0 0 8 0 0 0 0 0 0 0 0 8 0 0 0 0 0 0 8 0 0 0 0 0 0 0 0 0 8 0 8 8 0 0 8 0 0 8 0 0 0 0 0 0 0 0 0 0 0 0 0 8 0 0 0 0 0 0 8 0 0 8 0 0 0 0 0 0 0 0 0 0 0 0 0 0 8 0 0 0 0 0 0 0 0 0 0 0 0 0 0 0 0 0 0 0 0 0 0 0 0 0 0 0 0 0 0 0 0 0 0 0 0 0 0 0 0 0 8 0 0 0 0 0 8 8 8 8 0 8 8 0 0 0 0 149 133 101 101 101 101 101 8 0 0 0 0 24 0 16 8 0 0 0 0 0 0 0 0 8 8 8 0 8 8 109 101 93 93 93 0 0 0 0 8 8 0 8 
276:/usr/share/lua/5.1/pl/path.lua
0 0 0 0 0 0 0 0 0 0 0 0 0 0 0 0 0 0 0 0 0 0 0 0 0 0 0 0 0 0 0 0 0 0 0 0 0 0 0 0 0 0 0 0 0 0 0 0 0 0 0 0 0 0 0 0 117 117 0 0 117 0 0 0 0 0 8 8 0 0 0 0 0 0 0 0 0 0 0 0 0 0 0 0 0 0 0 0 0 0 0 0 101 101 0 0 0 0 0 0 0 0 0 0 0 0 0 0 0 0 0 0 0 0 0 0 0 0 12392 0 0 0 0 0 0 0 0 0 0 0 0 0 0 0 0 0 0 0 0 0 0 0 0 0 0 0 0 0 0 0 778 778 778 12360 11582 11582 0 778 0 0 778 0 0 0 0 0 0 0 0 0 0 0 0 0 0 0 0 0 0 0 0 0 0 0 0 0 0 0 8 8 8 32 24 0 0 24 24 0 8 0 0 8 0 0 0 0 0 0 685 685 685 0 0 0 0 0 93 93 93 0 0 0 0 0 8 8 8 0 0 0 0 0 0 0 0 0 0 0 0 0 0 0 0 0 0 0 0 0 0 0 0 0 0 0 0 0 0 0 0 0 0 0 0 0 0 0 0 0 0 0 0 93 93 0 0 93 
793:/usr/share/lua/5.1/pl/tablex.lua
0 0 0 0 0 0 0 0 0 0 0 0 0 0 0 0 0 0 0 0 0 0 0 0 16 16 0 0 0 0 0 0 0 0 0 0 0 16 0 0 16 0 0 16 0 0 16 0 0 0 0 0 0 0 0 0 0 0 0 0 0 0 0 0 0 0 0 0 0 0 0 0 0 0 0 0 0 0 0 0 0 0 0 0 0 0 0 0 16 16 720 704 0 16 0 0 0 0 0 0 0 0 0 0 0 0 0 0 0 0 0 0 0 0 0 0 0 0 0 0 0 0 0 0 0 0 0 0 0 0 0 0 0 0 0 0 0 0 0 0 0 0 0 0 0 0 0 0 0 0 0 0 0 0 0 0 0 0 0 0 0 0 0 0 0 0 0 0 0 0 0 0 0 0 0 0 0 0 0 0 0 0 0 0 0 0 0 0 0 0 0 0 0 0 0 0 0 0 0 0 0 0 0 0 0 0 0 0 0 0 0 0 0 0 0 0 0 0 0 0 0 0 0 0 0 0 0 0 0 0 0 0 0 0 0 0 0 0 0 0 0 0 0 0 0 0 0 0 0 0 0 0 0 0 0 0 0 0 0 0 0 0 0 0 0 0 0 0 0 0 0 0 0 0 0 0 0 0 0 0 0 0 0 0 0 0 0 0 0 0 0 0 0 0 0 0 0 0 0 0 0 0 0 0 0 0 0 0 0 0 0 0 0 0 0 0 0 0 0 0 0 0 0 0 0 0 0 0 0 0 0 0 0 0 0 0 0 0 0 0 0 0 0 0 0 0 0 0 0 0 0 0 0 0 0 0 0 0 0 0 0 0 0 0 0 0 0 0 0 0 0 0 0 0 0 0 0 0 0 0 0 0 0 0 0 0 0 0 0 0 0 0 0 0 0 0 0 0 0 0 0 0 0 0 0 0 0 0 0 0 0 0 0 0 0 0 0 0 0 0 0 0 0 0 0 0 0 0 0 0 0 0 0 0 0 0 0 0 0 0 0 0 0 0 0 0 0 0 0 0 0 0 0 0 0 0 0 0 0 0 0 0 0 0 0 0 0 0 0 0 0 0 0 0 0 0 0 0 0 0 0 0 0 0 0 0 0 0 0 0 0 0 0 0 0 0 0 0 0 0 0 0 0 0 0 0 0 0 0 0 0 0 0 0 0 0 0 0 0 0 0 0 0 0 0 0 0 0 0 0 0 0 0 0 0 0 0 0 0 0 0 0 0 0 0 0 0 0 0 0 0 0 0 0 0 0 0 0 0 0 0 0 0 0 0 0 0 0 0 0 0 0 0 0 0 0 0 0 0 0 0 0 0 0 0 0 0 0 0 0 0 0 0 0 0 0 0 0 0 0 0 0 0 0 0 0 0 0 0 0 0 0 0 0 0 0 0 0 0 0 0 0 0 0 0 0 0 0 16 16 16 117 101 101 16 16 0 0 16 0 0 0 0 0 0 0 0 0 0 0 0 0 0 0 0 0 0 0 0 0 0 0 0 0 0 0 0 0 0 0 0 0 0 0 0 0 0 0 0 0 0 0 0 0 0 0 0 0 0 0 0 0 0 0 0 0 0 0 0 0 0 0 0 0 0 0 0 0 0 0 0 0 0 0 0 0 0 0 0 0 0 0 0 0 0 0 0 0 0 0 0 0 0 0 0 0 0 0 0 0 0 0 0 0 0 0 0 0 0 0 0 0 0 0 0 0 0 0 0 0 0 0 0 0 0 0 0 0 0 0 0 0 0 0 0 0 8 8 8 8 0 0 0 8 8 0 0 8 16 8 0 0 8 
81:/usr/share/lua/5.1/pl/types.lua
0 0 0 0 0 0 0 0 0 0 0 0 0 0 0 0 0 0 0 0 0 0 0 0 0 0 0 0 0 0 0 0 0 0 0 0 0 0 0 0 0 0 0 0 0 0 0 0 0 0 0 0 0 0 0 0 0 0 0 0 0 0 0 0 32 0 0 0 0 0 0 16 16 0 0 0 0 0 0 16 16 
401:/usr/share/lua/5.1/pl/utils.lua
0 0 0 0 0 0 0 0 0 0 0 0 0 0 0 0 0 0 0 0 0 0 0 0 0 0 0 0 0 0 0 0 0 0 0 0 0 0 0 0 0 0 0 0 0 0 0 0 0 0 0 0 0 0 0 0 0 0 0 0 0 0 0 0 0 0 0 0 0 0 0 0 0 0 0 0 0 0 0 0 0 0 0 0 0 0 0 0 0 0 0 0 0 0 0 0 0 0 0 0 0 93 93 0 0 0 0 0 0 0 0 0 0 0 0 0 0 0 0 0 0 0 0 0 0 0 0 0 0 0 0 0 0 0 0 0 0 0 0 0 0 0 0 0 0 0 0 0 0 0 0 0 0 0 0 0 0 0 0 0 0 0 0 0 0 0 0 0 0 0 0 0 0 0 0 0 0 0 0 0 0 0 0 0 0 0 0 0 0 0 0 0 0 0 0 0 0 0 0 0 0 0 0 0 0 0 0 0 0 0 0 0 0 0 0 0 0 0 0 0 0 0 0 0 0 0 0 0 0 0 0 0 0 0 0 0 0 0 0 0 0 0 0 0 0 0 0 0 0 0 0 0 0 0 0 0 0 0 0 0 0 0 0 0 0 0 0 0 0 0 0 0 0 0 0 0 0 0 0 0 0 0 0 0 0 0 0 0 0 0 0 0 0 0 0 0 0 0 0 0 0 0 0 0 0 0 0 0 0 0 0 0 0 0 0 0 0 0 0 0 0 0 0 16 16 16 0 0 0 0 0 0 0 0 0 0 0 0 0 0 0 0 0 0 0 0 0 0 0 0 0 0 0 0 0 0 0 0 0 0 0 0 0 0 0 0 0 0 0 0 0 0 0 0 0 0 0 0 0 0 0 0 0 0 0 0 2016 0 0 2016 0 0 2016 0 0 0 0 0 0 1984 1984 
48:/usr/share/lua/5.1/say/init.lua
0 0 0 0 0 0 0 0 0 0 0 0 0 8 8 0 0 8 0 0 0 0 0 0 0 0 0 168 168 0 0 0 0 333 0 333 0 333 0 0 333 333 0 1329 996 0 0 333 
39:/usr/share/lua/5.1/term/colors.lua
0 0 0 0 0 0 0 0 0 0 0 0 0 0 0 0 0 0 0 0 0 0 0 0 0 0 0 0 0 0 440 0 0 0 440 0 0 0 220 
15:assertions.lua
8 8 0 0 0 0 0 0 0 0 8 0 8 8 8 
46:dnd-character.lua
4 528 0 524 1891 0 1364 1187 0 2540 2708 1 2535 2536 350 1199 680 181 177 1 166 3 138 4 168 169 112 196 168 196 196 196 196 196 32 112 3 31 8 7 8 8 8 5 1 1 
189:dnd-character_spec.lua
8 8 0 16 16 16 8 16 0 16 8 16 0 16 8 16 0 16 8 16 0 16 8 16 0 16 8 16 0 16 8 16 0 16 8 16 0 16 8 16 0 16 8 16 0 16 8 16 0 16 8 16 0 16 8 16 0 16 8 16 0 16 8 16 0 16 8 16 16 0 16 16 8 15 0 16 8 15 0 16 8 15 0 16 8 16 0 16 8 16 16 0 16 16 8 8 8 8 8 0 0 0 0 8 16 0 16 16 8 8 8 8 8 20 19 7 9 7 9 8 1 8 79 73 0 14 0 16 8 7 7 0 0 0 8 0 16 8 7 7 0 0 0 8 0 16 8 7 7 0 0 0 8 0 16 8 7 7 0 0 0 8 0 16 8 7 7 0 0 0 8 0 16 18 16 16 0 2 2 10 0 14 67 61 60 0 13 14 21 
