163:/usr/share/lua/5.1/busted/block.lua
0 0 0 0 0 0 0 0 0 0 0 0 0 0 0 5 5 0 5 1360 0 1360 1365 0 5 80 80 1440 1360 1280 0 0 85 0 0 0 0 0 0 5 0 5 240 0 240 160 160 0 0 0 0 240 15 0 240 240 225 0 0 15 15 0 0 0 0 0 0 15 0 15 5 0 5 255 0 255 160 160 0 0 0 0 255 0 255 255 0 0 0 0 0 255 5 0 5 270 270 0 270 270 0 0 0 0 0 0 270 160 0 0 0 270 5 0 5 80 5 0 5 15 15 15 0 20 0 5 15 5 0 5 15 5 0 5 10 0 10 10 10 0 0 0 0 10 0 10 10 0 10 0 0 0 0 10 10 0 0 10 10 0 15 0 5 
38:/usr/share/lua/5.1/busted/compatibility.lua
0 0 0 0 0 0 0 0 0 0 0 0 0 0 0 0 0 0 0 0 0 0 0 0 0 0 0 0 0 0 0 0 0 0 0 0 3 3 
124:/usr/share/lua/5.1/busted/context.lua
0 0 0 5 210 205 0 5 5 5 5 5 0 0 0 5 210 205 0 445 440 0 5 0 0 0 0 0 0 0 0 0 0 0 0 0 0 0 0 0 0 0 0 0 0 0 0 0 0 0 0 0 0 0 0 0 0 0 90 90 5 85 0 85 0 0 90 90 0 0 90 90 0 0 90 5 0 90 0 0 1745 0 0 0 0 0 0 0 0 0 0 0 0 0 0 0 0 0 90 90 90 90 0 0 20 0 0 0 6110 0 0 0 370 370 370 370 370 0 0 370 370 370 370 370 
315:/usr/share/lua/5.1/busted/core.lua
0 0 0 0 0 0 0 0 0 0 6 0 0 0 0 0 0 0 0 0 0 0 0 0 0 0 42 42 6 36 0 0 36 0 0 0 48 0 0 0 5 0 0 0 0 0 0 0 0 0 0 0 0 0 0 0 0 0 0 0 0 0 0 0 0 0 0 0 0 127 127 0 127 127 145 133 18 18 0 0 127 127 0 127 127 0 0 0 42 42 42 42 0 42 42 0 0 0 0 0 42 0 0 0 327 0 0 0 175 0 0 0 0 0 0 0 169 0 253 253 5 5 5 5 5 5 0 0 248 164 164 164 164 164 0 0 84 0 0 0 0 0 0 6 6 6 6 6 6 0 0 0 0 0 0 0 0 0 0 0 0 0 0 0 0 0 5 0 5 0 5 0 0 370 370 370 0 740 42 42 42 782 0 370 42 0 0 0 42 0 0 0 0 0 0 0 0 0 0 0 42 0 370 0 370 370 0 0 0 190 190 190 95 95 95 95 95 95 0 380 190 380 190 0 0 0 0 0 0 0 0 0 0 0 0 0 0 0 0 0 0 0 0 0 0 0 0 0 0 0 0 0 0 0 0 0 0 0 90 0 0 0 0 90 0 90 90 85 0 0 0 90 180 0 90 90 0 0 0 0 0 0 90 90 90 90 90 90 90 90 90 90 90 90 0 0 90 0 90 15 0 75 0 90 0 0 0 15 105 90 90 180 90 0 15 
31:/usr/share/lua/5.1/busted/environment.lua
0 0 0 0 0 0 0 5785 0 5780 4315 5780 0 0 0 0 0 0 0 0 1470 0 0 0 0 0 0 0 0 0 5 
72:/usr/share/lua/5.1/busted/execute.lua
5 5 5 0 0 0 0 0 0 0 0 0 5 0 0 5 0 0 5 5 0 0 0 0 0 0 0 0 0 0 0 0 0 0 0 0 0 0 5 0 10 5 0 0 0 0 0 5 0 5 0 0 0 0 5 5 5 5 0 5 5 0 5 0 5 0 0 0 10 0 5 5 
127:/usr/share/lua/5.1/busted/init.lua
0 0 0 0 5 5 5 0 5 5 0 0 5 5 5 0 5 5 0 0 80 80 0 80 0 0 0 0 80 0 80 80 80 0 80 0 80 80 80 80 80 0 0 0 0 0 0 80 0 0 80 80 0 0 0 0 0 0 0 0 0 0 0 0 0 0 0 0 0 0 0 0 0 0 0 0 0 0 0 0 0 0 0 0 0 0 0 0 0 0 0 0 0 0 0 0 0 0 0 0 0 0 0 0 0 0 0 0 0 0 0 0 0 0 0 0 0 0 0 0 0 0 0 0 0 0 585 
50:/usr/share/lua/5.1/busted/languages/en.lua
5 0 5 0 0 5 5 5 5 0 5 5 5 5 0 5 5 5 5 0 5 5 5 5 0 5 0 5 5 0 0 5 5 5 5 5 5 5 5 5 0 5 5 5 5 5 5 0 5 5 
23:/usr/share/lua/5.1/busted/modules/files/lua.lua
5 0 5 0 0 127 127 127 5 0 0 5 5 0 0 5 5 0 0 5 5 0 5 
107:/usr/share/lua/5.1/busted/modules/files/moonscript.lua
5 0 10 5 5 0 5 0 0 0 0 0 0 0 0 0 0 5 0 0 0 0 0 0 0 0 0 0 0 0 5 0 0 0 0 0 5 0 0 0 0 0 0 0 0 0 0 0 0 0 0 0 0 0 0 0 0 0 0 0 0 0 0 0 0 0 5 0 5 0 0 0 0 0 0 0 0 0 0 0 5 0 0 0 0 0 0 0 0 0 0 0 5 0 0 0 5 0 0 0 0 0 0 0 5 0 5 
129:/usr/share/lua/5.1/busted/modules/filter_loader.lua
0 0 0 80 80 0 160 160 80 80 0 0 80 5 0 0 0 0 5 0 0 85 0 0 0 0 85 5 0 0 80 80 0 0 0 0 80 5 0 0 85 0 0 0 0 85 5 0 0 80 0 0 0 0 80 5 0 0 0 0 0 0 0 0 0 0 0 5 0 0 0 5 0 5 0 0 0 0 0 0 5 0 0 0 5 0 0 40 70 50 0 0 45 0 0 0 0 0 0 0 0 5 0 5 0 0 0 0 0 0 0 0 0 0 0 0 0 0 5 5 5 5 0 0 5 5 5 5 5 
34:/usr/share/lua/5.1/busted/modules/output_handler_loader.lua
0 0 0 0 0 0 0 0 5 10 5 0 5 0 0 5 0 10 0 5 0 0 0 5 0 0 0 0 5 0 0 0 5 5 
101:/usr/share/lua/5.1/busted/modules/test_file_loader.lua
5 0 0 5 5 5 5 0 15 10 10 0 0 0 0 0 5 0 5 5 5 0 10 44 44 0 0 0 0 83 44 5 0 0 39 10 0 10 5 0 0 5 0 10 0 0 0 0 0 5 5 5 0 0 5 10 5 0 5 5 0 0 0 5 5 5 0 0 5 0 0 5 0 10 5 0 5 10 5 5 5 5 0 0 5 0 0 0 5 0 0 0 0 0 0 0 5 5 0 5 5 
179:/usr/share/lua/5.1/busted/outputHandlers/base.lua
0 5 5 5 5 5 5 5 5 5 5 5 0 0 0 320 5 0 0 5 5 0 5 0 0 0 5 5 5 5 5 5 5 5 5 5 10 0 0 240 240 0 480 480 0 240 240 0 0 240 5 0 0 0 80 834 754 594 0 0 80 80 0 80 80 80 80 80 80 80 0 80 0 80 5 0 0 0 0 0 0 0 5 0 0 5 5 5 5 0 0 0 0 0 0 0 0 0 0 0 0 0 5 0 0 5 5 5 5 0 0 80 80 5 0 0 0 0 80 38 38 42 0 0 42 0 6 6 36 0 36 36 0 0 38 0 38 38 38 0 0 0 38 0 0 38 0 38 5 0 0 0 0 0 0 5 0 0 6 6 5 0 0 36 36 36 5 0 0 42 0 0 0 0 42 5 0 5 5 
286:/usr/share/lua/5.1/busted/outputHandlers/gtest.lua
5 5 5 5 0 5 0 5 5 0 5 231 0 4 0 0 0 5 5 0 5 5 5 5 5 5 5 5 5 5 5 5 5 5 0 5 5 5 5 5 5 0 5 5 5 5 5 0 5 5 5 5 5 0 0 5 5 5 5 5 5 5 0 0 0 0 0 0 0 0 0 0 0 0 5 0 0 42 42 42 0 0 0 0 0 0 42 0 42 0 0 0 42 5 0 0 202 202 202 202 0 202 5 0 0 15 15 15 6 6 6 0 6 6 48 42 42 42 0 0 0 0 0 15 5 0 0 15 15 15 6 6 6 0 15 5 0 0 5 5 0 5 5 5 0 5 5 5 5 0 5 5 0 0 160 5 0 0 0 0 0 0 0 0 0 0 0 5 0 0 5 0 0 5 0 0 5 5 5 0 5 5 0 0 5 5 5 5 5 5 5 0 5 5 0 0 5 5 5 5 5 0 0 5 5 5 5 5 5 5 0 0 80 80 0 80 5 0 0 80 80 0 80 80 80 38 38 42 0 0 42 6 6 36 36 36 0 0 80 80 0 80 5 0 0 6 6 6 0 6 5 0 0 36 36 36 0 36 5 0 0 42 0 0 0 0 0 0 0 42 5 0 5 5 5 5 5 5 5 5 5 5 5 0 5 5 
208:/usr/share/lua/5.1/busted/runner.lua
0 0 0 0 0 0 0 0 0 0 0 0 0 0 0 0 0 0 0 0 0 0 0 0 0 0 0 0 0 0 0 0 0 0 0 0 0 0 0 0 0 0 0 0 0 0 0 0 0 0 0 0 0 0 0 0 0 0 0 5 0 0 0 0 0 0 5 0 0 0 0 5 0 0 0 0 0 5 5 0 0 5 5 0 0 0 5 5 0 0 0 0 0 5 5 5 0 10 0 0 5 0 10 0 0 5 0 10 36 36 36 5 0 10 6 6 0 0 0 6 6 5 0 0 5 5 5 0 0 10 5 5 5 5 5 5 5 0 0 0 5 5 0 0 0 0 0 0 0 0 0 0 0 0 0 0 0 0 0 5 0 0 0 0 0 0 0 0 10 5 5 5 5 5 5 5 0 0 5 0 5 5 5 10 5 5 5 5 0 0 0 0 0 0 5 5 10 5 5 5 0 0 5 0 5 3 0 2 
42:/usr/share/lua/5.1/busted/status.lua
0 530 530 530 530 530 530 530 530 0 530 0 0 0 450 450 650 450 450 450 0 0 0 450 0 0 0 450 0 0 0 80 80 80 0 530 0 0 900 450 610 450 
35:/usr/share/lua/5.1/busted/utils.lua
0 0 0 5 5 15 10 10 0 0 5 0 0 0 0 0 0 0 0 0 0 0 0 0 0 0 5 5 5 5 5 25 20 0 5 
177:/usr/share/lua/5.1/luassert/assert.lua
0 0 0 0 0 0 0 0 0 0 0 6 0 6 0 0 6 6 0 0 6 0 0 0 0 0 64 0 64 0 192 128 0 0 64 192 128 64 0 0 0 64 64 64 0 64 6 6 0 0 6 6 0 0 58 34 0 24 0 0 0 0 0 0 0 0 0 0 0 0 0 0 0 0 360 200 0 0 160 0 0 0 0 100 0 0 0 0 0 0 0 0 0 0 0 0 0 0 0 0 0 0 0 0 0 0 0 0 0 0 0 0 0 0 0 0 0 0 0 0 0 6 6 18 12 12 12 12 12 0 0 6 0 0 0 0 0 0 0 0 0 0 0 0 0 0 0 0 0 0 0 0 0 0 0 0 0 0 0 0 0 0 0 0 0 0 0 0 64 0 0 0 64 0 0 0 100 
184:/usr/share/lua/5.1/luassert/assertions.lua
0 0 0 0 0 0 0 0 0 0 0 0 0 0 0 0 0 0 64 0 0 64 0 0 0 0 0 0 0 0 0 0 0 0 0 0 0 0 0 0 0 0 0 0 0 0 0 0 0 0 0 0 0 0 0 0 0 0 0 0 0 0 0 0 0 0 0 0 0 0 0 0 0 0 0 0 0 0 0 0 0 0 0 0 0 0 0 0 0 0 0 0 0 0 0 0 0 0 0 0 0 0 0 0 0 0 0 0 0 0 0 0 0 0 0 0 0 0 0 0 0 0 0 24 24 24 24 24 0 24 24 24 24 24 24 0 0 0 0 0 0 0 0 0 0 0 0 0 0 0 0 0 0 40 40 40 40 40 40 40 40 0 40 0 40 40 40 40 40 40 40 40 0 40 0 0 40 0 40 40 40 0 40 40 
202:/usr/share/lua/5.1/luassert/formatters/init.lua
0 0 0 0 0 0 0 0 0 0 0 0 0 0 0 0 0 0 0 0 0 12 12 0 0 0 0 0 0 0 0 0 0 0 0 0 0 0 0 0 0 0 0 0 0 0 0 0 0 0 0 0 12 0 0 12 0 0 12 0 0 12 0 0 12 0 0 12 0 0 0 0 0 0 0 0 0 0 0 0 0 0 0 0 0 0 0 0 0 0 0 0 0 0 0 0 0 0 0 0 0 0 0 0 0 0 0 0 0 0 0 0 0 0 0 12 12 0 0 0 0 0 0 0 0 0 0 0 0 0 0 0 0 0 0 0 0 0 0 0 0 0 0 0 0 0 0 0 0 0 0 0 0 0 0 0 0 0 0 0 0 0 0 0 0 0 0 0 0 0 0 0 0 0 0 0 0 0 0 0 0 0 0 0 0 12 0 0 0 12 0 0 12 0 0 12 0 0 12 0 0 12 
5:/usr/share/lua/5.1/luassert/modifiers.lua
0 0 0 0 64 
92:/usr/share/lua/5.1/luassert/state.lua
0 0 0 0 0 0 0 0 0 0 0 0 0 0 0 0 0 0 0 0 0 0 0 0 0 0 0 0 0 0 0 0 0 0 0 0 0 0 0 0 0 0 0 0 0 0 0 0 0 0 0 0 0 0 0 0 0 0 0 0 0 0 0 0 0 0 0 0 0 0 0 0 0 0 0 0 0 0 0 0 0 0 0 0 0 0 0 0 12 96 96 96 
283:/usr/share/lua/5.1/luassert/util.lua
0 0 78 78 0 78 24 24 0 24 0 0 0 24 0 0 0 24 24 24 24 24 0 0 0 24 0 0 0 24 24 0 78 54 54 0 0 0 54 54 0 0 0 0 0 78 0 0 54 0 0 24 24 0 24 0 0 0 40 40 160 120 0 40 0 0 0 0 0 0 0 0 0 0 0 0 0 0 0 0 0 0 0 0 0 0 0 0 0 0 0 0 0 0 0 0 0 0 0 0 0 0 0 0 0 0 0 0 0 0 0 0 0 0 0 0 0 0 0 0 0 0 0 0 0 0 0 0 0 0 0 0 0 0 0 0 0 0 0 0 0 0 0 0 0 0 0 0 0 0 0 0 0 24 24 24 24 24 24 0 0 0 0 24 24 0 24 0 0 0 0 0 48 24 0 0 24 24 0 0 0 0 0 0 0 0 0 24 24 0 24 0 0 0 0 0 24 0 48 24 0 0 24 24 24 0 0 0 0 0 0 0 0 0 40 0 0 0 0 0 0 0 0 46 0 0 0 0 0 0 0 0 70 70 70 70 140 70 70 70 0 70 70 0 0 0 0 0 0 0 0 64 0 0 64 64 64 192 128 128 0 0 128 128 0 0 0 0 0 0 128 128 128 0 128 0 0 0 64 0 0 0 64 
154:/usr/share/lua/5.1/mediator.lua
0 175 0 0 0 175 175 175 175 0 0 0 0 0 175 0 175 175 0 0 0 0 0 105 105 105 105 105 105 0 0 175 175 0 175 0 175 100 100 0 95 0 0 175 0 175 105 0 0 0 0 0 0 0 0 0 0 0 0 105 0 0 0 0 0 0 0 0 105 0 0 105 105 105 0 0 0 105 0 0 964 105 0 0 0 0 0 0 0 0 0 0 0 105 0 0 1686 980 0 0 980 0 980 0 980 980 0 0 0 706 469 0 237 0 105 105 0 0 0 0 0 0 0 0 0 0 0 0 0 0 0 502 0 1466 964 0 0 502 0 0 0 175 0 0 0 0 0 0 0 0 0 0 0 327 
476:/usr/share/lua/5.1/pl/dir.lua
0 0 0 0 0 0 5 5 5 5 5 5 5 5 5 5 5 5 5 5 5 5 0 5 0 0 5 10 0 0 0 5 0 0 44 44 5 0 0 0 0 0 0 0 5 0 0 0 5 0 0 0 0 0 0 0 5 0 0 0 0 0 0 0 0 5 0 0 0 0 0 0 0 0 0 0 0 0 0 0 5 0 0 0 0 0 0 5 0 0 0 0 0 0 0 0 0 0 5 0 0 0 0 0 5 0 0 5 0 0 0 0 0 0 0 0 5 0 0 5 0 0 0 0 0 0 0 0 0 0 0 5 0 0 0 0 0 0 0 0 0 0 0 0 0 0 0 0 0 0 0 0 0 0 0 0 0 0 0 0 0 0 0 0 0 0 0 0 0 0 0 0 0 0 0 0 0 0 0 0 0 0 0 0 0 0 0 0 0 5 0 0 0 5 0 0 0 0 0 0 0 0 0 0 0 0 0 0 0 0 0 0 0 0 0 0 0 0 0 0 0 0 0 0 0 0 0 0 0 0 0 0 0 0 5 0 0 0 0 0 0 0 5 0 0 0 0 5 0 0 0 0 0 0 5 0 0 0 5 0 0 0 0 0 0 0 0 0 0 0 0 0 0 0 0 5 0 0 0 0 0 0 0 0 0 5 0 0 0 0 0 0 0 0 0 0 0 0 0 0 5 0 0 0 0 0 0 0 0 5 0 0 0 0 0 0 5 0 0 0 0 0 0 0 0 0 5 0 5 5 0 0 5 0 0 5 0 0 0 0 0 0 0 0 0 0 0 0 0 5 0 0 0 0 0 0 5 0 0 5 0 0 0 0 0 0 0 0 0 0 0 0 0 0 5 0 0 0 0 0 0 0 0 0 0 0 0 0 0 0 0 0 0 0 0 0 0 0 0 0 0 0 0 0 0 0 0 0 0 0 0 0 0 0 0 0 5 0 0 0 0 0 5 5 5 5 0 5 5 0 0 0 0 79 69 49 49 49 49 49 5 0 0 0 0 15 0 10 5 0 0 0 0 0 0 0 0 5 5 5 0 5 5 54 49 44 44 44 0 0 0 0 5 5 0 5 
276:/usr/share/lua/5.1/pl/path.lua
0 0 0 0 0 0 0 0 0 0 0 0 0 0 0 0 0 0 0 0 0 0 0 0 0 0 0 0 0 0 0 0 0 0 0 0 0 0 0 0 0 0 0 0 0 0 0 0 0 0 0 0 0 0 0 0 59 59 0 0 59 0 0 0 0 0 5 5 0 0 0 0 0 0 0 0 0 0 0 0 0 0 0 0 0 0 0 0 0 0 0 0 49 49 0 0 0 0 0 0 0 0 0 0 0 0 0 0 0 0 0 0 0 0 0 0 0 0 4601 0 0 0 0 0 0 0 0 0 0 0 0 0 0 0 0 0 0 0 0 0 0 0 0 0 0 0 0 0 0 0 304 304 304 4581 4277 4277 0 304 0 0 304 0 0 0 0 0 0 0 0 0 0 0 0 0 0 0 0 0 0 0 0 0 0 0 0 0 0 0 5 5 5 20 15 0 0 15 15 0 5 0 0 5 0 0 0 0 0 0 260 260 260 0 0 0 0 0 44 44 44 0 0 0 0 0 5 5 5 0 0 0 0 0 0 0 0 0 0 0 0 0 0 0 0 0 0 0 0 0 0 0 0 0 0 0 0 0 0 0 0 0 0 0 0 0 0 0 0 0 0 0 0 44 44 0 0 44 
793:/usr/share/lua/5.1/pl/tablex.lua
0 0 0 0 0 0 0 0 0 0 0 0 0 0 0 0 0 0 0 0 0 0 0 0 10 10 0 0 0 0 0 0 0 0 0 0 0 10 0 0 10 0 0 10 0 0 10 0 0 0 0 0 0 0 0 0 0 0 0 0 0 0 0 0 0 0 0 0 0 0 0 0 0 0 0 0 0 0 0 0 0 0 0 0 0 0 0 0 10 10 450 440 0 10 0 0 0 0 0 0 0 0 0 0 0 0 0 0 0 0 0 0 0 0 0 0 0 0 0 0 0 0 0 0 0 0 0 0 0 0 0 0 0 0 0 0 0 0 0 0 0 0 0 0 0 0 0 0 0 0 0 0 0 0 0 0 0 0 0 0 0 0 0 0 0 0 0 0 0 0 0 0 0 0 0 0 0 0 0 0 0 0 0 0 0 0 0 0 0 0 0 0 0 0 0 0 0 0 0 0 0 0 0 0 0 0 0 0 0 0 0 0 0 0 0 0 0 0 0 0 0 0 0 0 0 0 0 0 0 0 0 0 0 0 0 0 0 0 0 0 0 0 0 0 0 0 0 0 0 0 0 0 0 0 0 0 0 0 0 0 0 0 0 0 0 0 0 0 0 0 0 0 0 0 0 0 0 0 0 0 0 0 0 0 0 0 0 0 0 0 0 0 0 0 0 0 0 0 0 0 0 0 0 0 0 0 0 0 0 0 0 0 0 0 0 0 0 0 0 0 0 0 0 0 0 0 0 0 0 0 0 0 0 0 0 0 0 0 0 0 0 0 0 0 0 0 0 0 0 0 0 0 0 0 0 0 0 0 0 0 0 0 0 0 0 0 0 0 0 0 0 0 0 0 0 0 0 0 0 0 0 0 0 0 0 0 0 0 0 0 0 0 0 0 0 0 0 0 0 0 0 0 0 0 0 0 0 0 0 0 0 0 0 0 0 0 0 0 0 0 0 0 0 0 0 0 0 0 0 0 0 0 0 0 0 0 0 0 0 0 0 0 0 0 0 0 0 0 0 0 0 0 0 0 0 0 0 0 0 0 0 0 0 0 0 0 0 0 0 0 0 0 0 0 0 0 0 0 0 0 0 0 0 0 0 0 0 0 0 0 0 0 0 0 0 0 0 0 0 0 0 0 0 0 0 0 0 0 0 0 0 0 0 0 0 0 0 0 0 0 0 0 0 0 0 0 0 0 0 0 0 0 0 0 0 0 0 0 0 0 0 0 0 0 0 0 0 0 0 0 0 0 0 0 0 0 0 0 0 0 0 0 0 0 0 0 0 0 0 0 0 0 0 0 0 0 0 0 0 0 0 0 0 0 0 0 0 0 0 0 0 0 0 0 0 0 0 0 0 0 0 0 0 0 0 0 0 0 0 0 0 0 0 0 0 0 0 0 0 0 0 0 0 0 0 0 0 0 10 10 10 59 49 49 10 10 0 0 10 0 0 0 0 0 0 0 0 0 0 0 0 0 0 0 0 0 0 0 0 0 0 0 0 0 0 0 0 0 0 0 0 0 0 0 0 0 0 0 0 0 0 0 0 0 0 0 0 0 0 0 0 0 0 0 0 0 0 0 0 0 0 0 0 0 0 0 0 0 0 0 0 0 0 0 0 0 0 0 0 0 0 0 0 0 0 0 0 0 0 0 0 0 0 0 0 0 0 0 0 0 0 0 0 0 0 0 0 0 0 0 0 0 0 0 0 0 0 0 0 0 0 0 0 0 0 0 0 0 0 0 0 0 0 0 0 0 5 5 5 5 0 0 0 5 5 0 0 5 10 5 0 0 5 
81:/usr/share/lua/5.1/pl/types.lua
0 0 0 0 0 0 0 0 0 0 0 0 0 0 0 0 0 0 0 0 0 0 0 0 0 0 0 0 0 0 0 0 0 0 0 0 0 0 0 0 0 0 0 0 0 0 0 0 0 0 0 0 0 0 0 0 0 0 0 0 0 0 0 0 20 0 0 0 0 0 0 10 10 0 0 0 0 0 0 10 10 
401:/usr/share/lua/5.1/pl/utils.lua
0 0 0 0 0 0 0 0 0 0 0 0 0 0 0 0 0 0 0 0 0 0 0 0 0 0 0 0 0 0 0 0 0 0 0 0 0 0 0 0 0 0 0 0 0 0 0 0 0 0 0 0 0 0 0 0 0 0 0 0 0 0 0 0 0 0 0 0 0 0 0 0 0 0 0 0 0 0 0 0 0 0 0 0 0 0 0 0 0 0 0 0 0 0 0 0 0 0 0 0 0 44 44 0 0 0 0 0 0 0 0 0 0 0 0 0 0 0 0 0 0 0 0 0 0 0 0 0 0 0 0 0 0 0 0 0 0 0 0 0 0 0 0 0 0 0 0 0 0 0 0 0 0 0 0 0 0 0 0 0 0 0 0 0 0 0 0 0 0 0 0 0 0 0 0 0 0 0 0 0 0 0 0 0 0 0 0 0 0 0 0 0 0 0 0 0 0 0 0 0 0 0 0 0 0 0 0 0 0 0 0 0 0 0 0 0 0 0 0 0 0 0 0 0 0 0 0 0 0 0 0 0 0 0 0 0 0 0 0 0 0 0 0 0 0 0 0 0 0 0 0 0 0 0 0 0 0 0 0 0 0 0 0 0 0 0 0 0 0 0 0 0 0 0 0 0 0 0 0 0 0 0 0 0 0 0 0 0 0 0 0 0 0 0 0 0 0 0 0 0 0 0 0 0 0 0 0 0 0 0 0 0 0 0 0 0 0 0 0 0 0 0 0 10 10 10 0 0 0 0 0 0 0 0 0 0 0 0 0 0 0 0 0 0 0 0 0 0 0 0 0 0 0 0 0 0 0 0 0 0 0 0 0 0 0 0 0 0 0 0 0 0 0 0 0 0 0 0 0 0 0 0 0 0 0 0 839 0 0 839 0 0 839 0 0 0 0 0 0 819 819 
48:/usr/share/lua/5.1/say/init.lua
0 0 0 0 0 0 0 0 0 0 0 0 0 5 5 0 0 5 0 0 0 0 0 0 0 0 0 95 95 0 0 0 0 70 0 70 0 70 0 0 70 70 0 314 244 0 0 70 
39:/usr/share/lua/5.1/term/colors.lua
0 0 0 0 0 0 0 0 0 0 0 0 0 0 0 0 0 0 0 0 0 0 0 0 0 0 0 0 0 0 1172 0 0 0 1172 0 0 0 586 
48:all-your-base.lua
5 0 0 28 0 88 64 62 0 60 60 0 0 24 5 0 0 66 0 114 76 0 48 0 48 0 0 24 7 0 18 0 24 0 0 17 80 14 17 68 17 57 68 1 68 4 0 4 
91:all-your-base_spec.lua
5 0 10 10 5 7 0 10 5 7 0 10 5 7 0 10 5 7 0 10 5 7 0 10 5 7 0 10 5 7 0 10 5 7 0 10 5 7 0 10 5 7 0 10 5 7 0 10 5 7 0 10 10 5 5 7 0 10 10 5 5 7 0 10 10 5 5 0 10 5 5 0 10 5 5 10 0 10 10 5 5 0 10 5 5 0 10 5 5 10 15 
