mode: count
cipher/simple_cipher.go:18.25,24.2 3 3
cipher/simple_cipher.go:27.36,28.54 1 9
cipher/simple_cipher.go:28.54,30.3 1 5
cipher/simple_cipher.go:32.2,36.15 3 4
cipher/simple_cipher.go:40.44,41.17 1 26
cipher/simple_cipher.go:41.17,43.3 1 2
cipher/simple_cipher.go:45.2,51.29 4 24
cipher/simple_cipher.go:51.29,55.17 2 379
cipher/simple_cipher.go:55.17,57.4 1 10
cipher/simple_cipher.go:59.3,60.33 2 379
cipher/simple_cipher.go:63.2,63.24 1 24
cipher/simple_cipher.go:67.45,68.18 1 26
cipher/simple_cipher.go:68.18,70.3 1 4
cipher/simple_cipher.go:72.2,78.29 4 22
cipher/simple_cipher.go:78.29,82.17 2 379
cipher/simple_cipher.go:82.17,84.4 1 18
cipher/simple_cipher.go:86.3,87.33 2 379
cipher/simple_cipher.go:90.2,90.24 1 22
cipher/simple_cipher.go:94.37,95.15 1 13
cipher/simple_cipher.go:95.15,97.3 1 1
cipher/simple_cipher.go:99.2,101.16 3 12
cipher/simple_cipher.go:101.16,102.13 1 0
cipher/simple_cipher.go:106.2,106.11 1 12
cipher/simple_cipher.go:106.11,108.3 1 2
cipher/simple_cipher.go:110.2,113.16 3 10
cipher/simple_cipher.go:113.16,114.13 1 0
cipher/simple_cipher.go:118.2,118.12 1 10
cipher/simple_cipher.go:118.12,120.3 1 4
cipher/simple_cipher.go:122.2,126.15 2 6
cipher/simple_cipher.go:130.47,131.17 1 7
cipher/simple_cipher.go:131.17,133.3 1 0
cipher/simple_cipher.go:135.2,141.27 4 7
cipher/simple_cipher.go:141.27,146.19 3 90
cipher/simple_cipher.go:146.19,148.4 1 19
cipher/simple_cipher.go:150.3,150.33 1 90
cipher/simple_cipher.go:153.2,153.24 1 7
cipher/simple_cipher.go:157.48,158.18 1 7
cipher/simple_cipher.go:158.18,160.3 1 0
cipher/simple_cipher.go:162.2,168.27 4 7
cipher/simple_cipher.go:168.27,173.18 3 90
cipher/simple_cipher.go:173.18,175.4 1 19
cipher/simple_cipher.go:177.3,177.32 1 90
cipher/simple_cipher.go:180.2,180.23 1 7
cipher/simple_cipher.go:183.36,184.16 1 33
cipher/simple_cipher.go:184.16,186.3 1 0
cipher/simple_cipher.go:188.2,192.16 4 33
cipher/simple_cipher.go:192.16,193.13 1 0
cipher/simple_cipher.go:196.2,199.15 3 33
cipher/simple_cipher.go:202.45,203.15 1 15
cipher/simple_cipher.go:203.15,205.3 1 0
cipher/simple_cipher.go:207.2,209.25 2 15
cipher/simple_cipher.go:209.25,211.3 1 5
cipher/simple_cipher.go:213.2,215.15 2 15
