163:/usr/share/lua/5.1/busted/block.lua
0 0 0 0 0 0 0 0 0 0 0 0 0 0 0 10 10 0 10 2040 0 2040 2050 0 10 120 120 2160 2040 1920 0 0 130 0 0 0 0 0 0 10 0 10 360 0 360 240 240 0 0 0 0 360 30 0 360 360 330 0 0 30 30 0 0 0 0 0 0 30 0 30 10 0 10 390 0 390 240 240 0 0 0 0 390 0 390 390 0 0 0 0 0 390 10 0 10 420 420 0 420 420 0 0 0 0 0 0 420 240 0 0 0 420 10 0 10 120 10 0 10 30 30 30 0 40 0 10 30 10 0 10 30 10 0 10 20 0 20 20 20 0 0 0 0 20 0 20 20 0 20 0 0 0 0 20 20 0 0 20 20 0 30 0 10 
38:/usr/share/lua/5.1/busted/compatibility.lua
0 0 0 0 0 0 0 0 0 0 0 0 0 0 0 0 0 0 0 0 0 0 0 0 0 0 0 0 0 0 0 0 0 0 0 0 8 8 
124:/usr/share/lua/5.1/busted/context.lua
0 0 0 10 420 410 0 10 10 10 10 10 0 0 0 10 420 410 0 890 880 0 10 0 0 0 0 0 0 0 0 0 0 0 0 0 0 0 0 0 0 0 0 0 0 0 0 0 0 0 0 0 0 0 0 0 0 0 140 140 10 130 0 130 0 0 140 140 0 0 140 140 0 0 140 10 0 140 0 0 2610 0 0 0 0 0 0 0 0 0 0 0 0 0 0 0 0 0 140 140 140 140 0 0 40 0 0 0 8915 0 0 0 580 580 580 580 580 0 0 580 580 580 580 580 
315:/usr/share/lua/5.1/busted/core.lua
0 0 0 0 0 0 0 0 0 0 16 0 0 0 0 0 0 0 0 0 0 0 0 0 0 0 23 23 16 7 0 0 7 0 0 0 39 0 0 0 10 0 0 0 0 0 0 0 0 0 0 0 0 0 0 0 0 0 0 0 0 0 0 0 0 0 0 0 0 153 153 0 153 153 201 169 48 48 0 0 153 153 0 153 153 0 0 0 23 23 23 23 0 23 23 0 0 0 0 0 23 0 0 0 473 0 0 0 350 0 0 0 0 0 0 0 176 0 222 222 10 10 10 10 10 10 0 0 212 166 166 166 166 166 0 0 46 0 0 0 0 0 0 16 16 16 16 16 16 0 0 0 0 0 0 0 0 0 0 0 0 0 0 0 0 0 10 0 10 0 10 0 0 580 580 580 0 1160 23 23 23 1183 0 580 23 0 0 0 23 0 0 0 0 0 0 0 0 0 0 0 23 0 580 0 580 580 0 0 0 300 300 300 150 150 150 150 150 150 0 600 300 600 300 0 0 0 0 0 0 0 0 0 0 0 0 0 0 0 0 0 0 0 0 0 0 0 0 0 0 0 0 0 0 0 0 0 0 0 140 0 0 0 0 140 0 140 140 130 0 0 0 140 280 0 140 140 0 0 0 0 0 0 140 140 140 140 140 140 140 140 140 140 140 140 0 0 140 0 140 30 0 110 0 140 0 0 0 30 170 140 140 280 140 0 30 
31:/usr/share/lua/5.1/busted/environment.lua
0 0 0 0 0 0 0 8570 0 8560 6390 8560 0 0 0 0 0 0 0 0 2180 0 0 0 0 0 0 0 0 0 10 
72:/usr/share/lua/5.1/busted/execute.lua
10 10 10 0 0 0 0 0 0 0 0 0 10 0 0 10 0 0 10 10 0 0 0 0 0 0 0 0 0 0 0 0 0 0 0 0 0 0 10 0 20 10 0 0 0 0 0 10 0 10 0 0 0 0 10 10 10 10 0 10 10 0 10 0 10 0 0 0 20 0 10 10 
127:/usr/share/lua/5.1/busted/init.lua
0 0 0 0 10 10 10 0 10 10 0 0 10 10 10 0 10 10 0 0 120 120 0 120 0 0 0 0 120 0 120 120 120 0 120 0 120 120 120 120 120 0 0 0 0 0 0 120 0 0 120 120 0 0 0 0 0 0 0 0 0 0 0 0 0 0 0 0 0 0 0 0 0 0 0 0 0 0 0 0 0 0 0 0 0 0 0 0 0 0 0 0 0 0 0 0 0 0 0 0 0 0 0 0 0 0 0 0 0 0 0 0 0 0 0 0 0 0 0 0 0 0 0 0 0 0 930 
50:/usr/share/lua/5.1/busted/languages/en.lua
10 0 10 0 0 10 10 10 10 0 10 10 10 10 0 10 10 10 10 0 10 10 10 10 0 10 0 10 10 0 0 10 10 10 10 10 10 10 10 10 0 10 10 10 10 10 10 0 10 10 
23:/usr/share/lua/5.1/busted/modules/files/lua.lua
10 0 10 0 0 153 153 153 10 0 0 10 10 0 0 10 10 0 0 10 10 0 10 
107:/usr/share/lua/5.1/busted/modules/files/moonscript.lua
10 0 20 10 10 0 10 0 0 0 0 0 0 0 0 0 0 10 0 0 0 0 0 0 0 0 0 0 0 0 10 0 0 0 0 0 10 0 0 0 0 0 0 0 0 0 0 0 0 0 0 0 0 0 0 0 0 0 0 0 0 0 0 0 0 0 10 0 10 0 0 0 0 0 0 0 0 0 0 0 10 0 0 0 0 0 0 0 0 0 0 0 10 0 0 0 10 0 0 0 0 0 0 0 10 0 10 
129:/usr/share/lua/5.1/busted/modules/filter_loader.lua
0 0 0 120 120 0 240 240 120 120 0 0 120 10 0 0 0 0 10 0 0 130 0 0 0 0 130 10 0 0 120 120 0 0 0 0 120 10 0 0 130 0 0 0 0 130 10 0 0 120 0 0 0 0 120 10 0 0 0 0 0 0 0 0 0 0 0 10 0 0 0 10 0 10 0 0 0 0 0 0 10 0 0 0 10 0 0 80 140 100 0 0 90 0 0 0 0 0 0 0 0 10 0 10 0 0 0 0 0 0 0 0 0 0 0 0 0 0 10 10 10 10 0 0 10 10 10 10 10 
34:/usr/share/lua/5.1/busted/modules/output_handler_loader.lua
0 0 0 0 0 0 0 0 10 20 10 0 10 0 0 10 0 20 0 10 0 0 0 10 0 0 0 0 10 0 0 0 10 10 
101:/usr/share/lua/5.1/busted/modules/test_file_loader.lua
10 0 0 10 10 10 10 0 30 20 20 0 0 0 0 0 10 0 10 10 10 0 20 119 119 0 0 0 0 223 119 15 0 0 104 20 0 20 15 0 0 15 0 20 0 0 0 0 0 10 10 10 0 0 10 20 10 0 10 10 0 0 0 10 10 10 0 0 10 0 0 10 0 20 10 0 10 20 10 10 10 10 0 0 10 0 0 0 10 0 0 0 0 0 0 0 10 10 0 10 10 
179:/usr/share/lua/5.1/busted/outputHandlers/base.lua
0 10 10 10 10 10 10 10 10 10 10 10 0 0 0 480 10 0 0 10 10 0 10 0 0 0 10 10 10 10 10 10 10 10 10 10 20 0 0 360 360 0 720 720 0 360 360 0 0 360 10 0 0 0 120 1371 1251 1011 0 0 120 120 0 120 120 120 120 120 120 120 0 120 0 120 10 0 0 0 0 0 0 0 10 0 0 10 10 10 10 0 0 0 0 0 0 0 0 0 0 0 0 0 10 0 0 10 10 10 10 0 0 120 120 10 0 0 0 0 120 97 97 23 0 0 23 0 16 16 7 0 7 7 0 0 97 0 97 97 97 0 0 0 97 0 0 97 0 97 10 0 0 0 0 0 0 10 0 0 16 16 10 0 0 7 7 7 10 0 0 23 0 0 0 0 23 10 0 10 10 
286:/usr/share/lua/5.1/busted/outputHandlers/gtest.lua
10 10 10 10 0 10 0 10 10 0 10 603 0 7 0 0 0 10 10 0 10 10 10 10 10 10 10 10 10 10 10 10 10 10 0 10 10 10 10 10 10 0 10 10 10 10 10 0 10 10 10 10 10 0 0 10 10 10 10 10 10 10 0 0 0 0 0 0 0 0 0 0 0 0 10 0 0 23 23 23 0 0 0 0 0 0 23 0 23 0 0 0 23 10 0 0 263 263 263 263 0 263 10 0 0 30 30 30 8 8 8 0 8 8 31 23 23 23 0 0 0 0 0 30 10 0 0 30 30 30 8 8 8 0 30 10 0 0 10 10 0 10 10 10 0 10 10 10 10 0 10 10 0 0 240 10 0 0 0 0 0 0 0 0 0 0 0 10 0 0 10 0 0 10 0 0 10 10 10 0 10 10 0 0 10 10 10 10 10 10 10 0 10 10 0 0 10 10 10 10 10 0 0 10 10 10 10 10 10 10 0 0 120 120 0 120 10 0 0 120 120 0 120 120 120 97 97 23 0 0 23 16 16 7 7 7 0 0 120 120 0 120 10 0 0 16 16 16 0 16 10 0 0 7 7 7 0 7 10 0 0 23 0 0 0 0 0 0 0 23 10 0 10 10 10 10 10 10 10 10 10 10 10 0 10 10 
208:/usr/share/lua/5.1/busted/runner.lua
0 0 0 0 0 0 0 0 0 0 0 0 0 0 0 0 0 0 0 0 0 0 0 0 0 0 0 0 0 0 0 0 0 0 0 0 0 0 0 0 0 0 0 0 0 0 0 0 0 0 0 0 0 0 0 0 0 0 0 10 0 0 0 0 0 0 10 0 0 0 0 10 0 0 0 0 0 10 10 0 0 10 10 0 0 0 10 10 0 0 0 0 0 10 10 10 0 20 0 0 10 0 20 0 0 10 0 20 7 7 7 10 0 20 16 16 0 0 0 16 16 10 0 0 10 10 10 0 0 20 10 10 10 10 10 10 10 0 0 0 10 10 0 0 0 0 0 0 0 0 0 0 0 0 0 0 0 0 0 10 0 0 0 0 0 0 0 0 20 10 10 10 10 10 10 10 0 0 10 0 10 10 10 20 10 10 10 10 0 0 0 0 0 0 10 10 20 10 10 10 0 0 10 0 10 8 0 2 
42:/usr/share/lua/5.1/busted/status.lua
0 820 820 820 820 820 820 820 820 0 820 0 0 0 700 700 1020 700 700 700 0 0 0 700 0 0 0 700 0 0 0 120 120 120 0 820 0 0 1400 700 940 700 
35:/usr/share/lua/5.1/busted/utils.lua
0 0 0 10 10 30 20 20 0 0 10 0 0 0 0 0 0 0 0 0 0 0 0 0 0 0 10 10 10 10 10 50 40 0 10 
177:/usr/share/lua/5.1/luassert/assert.lua
0 0 0 0 0 0 0 0 0 0 0 16 0 16 0 0 16 16 0 0 16 0 0 0 0 0 113 0 113 0 349 236 0 0 113 349 236 123 0 0 0 113 113 113 0 113 16 16 0 0 16 16 0 0 97 46 0 51 0 0 0 0 0 0 0 0 0 0 0 0 0 0 0 0 370 250 0 0 120 0 0 0 0 120 0 0 0 0 0 0 0 0 0 0 0 0 0 0 0 0 0 0 0 0 0 0 0 0 0 0 0 0 0 0 0 0 0 0 0 0 0 16 16 48 32 24 24 24 24 0 0 16 0 0 0 0 0 0 0 0 0 0 0 0 0 0 0 0 0 0 0 0 0 0 0 0 0 0 0 0 0 0 0 0 0 0 0 0 50 0 0 0 50 0 0 0 120 
267:/usr/share/lua/5.1/luassert/assertions.lua
0 0 0 0 0 0 0 0 0 0 0 0 0 0 0 0 0 0 113 0 0 113 0 0 0 0 0 0 0 0 0 0 0 0 0 0 0 0 0 0 0 0 0 0 0 0 0 0 0 0 0 0 0 0 0 0 0 0 0 0 0 0 0 0 0 0 0 0 0 0 0 0 0 0 0 0 0 0 0 0 0 0 0 0 0 0 0 0 0 0 0 0 0 0 0 0 0 0 0 0 0 0 0 0 0 0 0 0 0 0 0 0 0 0 0 0 0 0 0 0 0 0 0 0 0 0 0 0 0 0 0 0 0 0 0 0 0 0 0 0 0 0 0 0 0 0 0 0 0 0 0 0 0 50 50 50 50 50 50 50 50 0 36 0 50 50 50 50 50 50 50 50 0 50 50 0 0 0 0 0 0 0 0 0 0 0 0 0 0 0 0 0 0 0 0 0 0 0 0 0 0 0 0 0 0 0 0 0 0 0 0 0 0 0 0 0 0 0 0 0 0 0 0 0 0 0 0 0 0 0 0 0 0 0 0 0 0 0 0 0 0 0 0 0 0 0 0 0 0 0 0 0 0 0 0 0 0 0 54 54 54 0 0 0 9 9 9 
202:/usr/share/lua/5.1/luassert/formatters/init.lua
0 0 0 0 0 0 0 0 0 0 0 0 0 0 0 0 0 0 0 0 0 0 0 0 0 0 0 0 0 0 0 0 0 0 0 0 0 0 0 0 0 0 0 0 0 0 0 0 0 0 0 0 0 0 0 0 0 0 24 24 0 0 0 0 24 0 0 24 0 0 0 0 0 0 0 0 0 0 0 0 0 0 0 0 0 0 0 0 0 0 0 0 0 0 0 0 0 0 0 0 0 0 0 0 0 0 0 0 0 0 0 0 0 0 0 24 24 0 0 0 0 0 0 0 0 0 0 0 0 0 0 0 0 0 0 0 0 0 0 0 0 0 0 0 0 0 0 0 0 0 0 0 0 0 0 0 0 0 0 0 0 0 0 0 0 0 0 0 0 0 0 0 0 0 0 0 0 0 0 0 0 0 0 0 0 24 0 0 0 24 0 0 24 0 0 24 0 0 24 0 0 24 
10:/usr/share/lua/5.1/luassert/modifiers.lua
0 0 0 0 113 0 0 0 10 10 
92:/usr/share/lua/5.1/luassert/state.lua
0 0 0 0 0 0 0 0 0 0 0 0 0 0 0 0 0 0 0 0 0 0 0 0 0 0 0 0 0 0 0 0 0 0 0 0 0 0 0 0 0 0 0 0 0 0 0 0 0 0 0 0 0 0 0 0 0 0 0 0 0 0 0 0 0 0 0 0 0 0 0 0 0 0 0 0 0 0 0 0 0 0 0 0 0 0 0 0 24 144 144 144 
283:/usr/share/lua/5.1/luassert/util.lua
0 0 0 0 0 0 0 0 0 0 0 0 0 0 0 0 0 0 0 0 0 0 0 0 0 0 0 0 0 0 0 0 0 0 0 0 0 0 0 0 0 0 0 0 0 0 0 0 0 0 0 0 0 0 0 0 0 0 50 50 150 100 0 50 0 0 0 0 0 0 0 0 0 0 0 0 0 0 0 0 0 0 0 0 0 0 0 0 0 0 0 0 0 0 0 0 0 0 0 0 0 0 0 0 0 0 0 0 0 0 0 0 0 0 0 0 0 0 0 0 0 0 0 0 0 0 0 0 0 0 0 0 0 0 0 0 0 0 0 0 0 0 0 0 0 0 0 0 0 0 0 0 0 63 63 63 63 63 63 0 0 0 0 63 63 0 63 0 0 0 0 0 63 0 0 0 63 63 0 0 0 0 0 0 0 0 0 0 0 0 0 0 0 0 0 0 0 0 0 0 0 0 0 0 0 0 0 0 0 0 0 0 0 0 50 0 0 0 0 0 0 0 0 16 0 0 0 0 0 0 0 0 129 129 129 129 258 129 129 129 0 129 129 0 0 0 0 0 0 0 0 113 0 0 113 113 113 349 236 236 0 0 236 236 0 0 0 0 0 0 236 236 236 0 236 0 0 0 113 0 0 0 113 
154:/usr/share/lua/5.1/mediator.lua
0 350 0 0 0 350 350 350 350 0 0 0 0 0 350 0 350 350 0 0 0 0 0 210 210 210 210 210 210 0 0 350 350 0 350 0 350 200 200 0 190 0 0 350 0 350 210 0 0 0 0 0 0 0 0 0 0 0 0 210 0 0 0 0 0 0 0 0 210 0 0 210 210 210 0 0 0 210 0 0 1566 210 0 0 0 0 0 0 0 0 0 0 0 210 0 0 2284 1295 0 0 1295 0 1295 0 1295 1295 0 0 0 989 656 0 333 0 210 210 0 0 0 0 0 0 0 0 0 0 0 0 0 0 0 823 0 2389 1566 0 0 823 0 0 0 350 0 0 0 0 0 0 0 0 0 0 0 473 
476:/usr/share/lua/5.1/pl/dir.lua
0 0 0 0 0 0 10 10 10 10 10 10 10 10 10 10 10 10 10 10 10 10 0 10 0 0 10 20 0 0 0 10 0 0 119 119 10 0 0 0 0 0 0 0 10 0 0 0 10 0 0 0 0 0 0 0 10 0 0 0 0 0 0 0 0 10 0 0 0 0 0 0 0 0 0 0 0 0 0 0 10 0 0 0 0 0 0 10 0 0 0 0 0 0 0 0 0 0 10 0 0 0 0 0 10 0 0 10 0 0 0 0 0 0 0 0 10 0 0 10 0 0 0 0 0 0 0 0 0 0 0 10 0 0 0 0 0 0 0 0 0 0 0 0 0 0 0 0 0 0 0 0 0 0 0 0 0 0 0 0 0 0 0 0 0 0 0 0 0 0 0 0 0 0 0 0 0 0 0 0 0 0 0 0 0 0 0 0 0 10 0 0 0 10 0 0 0 0 0 0 0 0 0 0 0 0 0 0 0 0 0 0 0 0 0 0 0 0 0 0 0 0 0 0 0 0 0 0 0 0 0 0 0 0 10 0 0 0 0 0 0 0 10 0 0 0 0 10 0 0 0 0 0 0 10 0 0 0 10 0 0 0 0 0 0 0 0 0 0 0 0 0 0 0 0 10 0 0 0 0 0 0 0 0 0 10 0 0 0 0 0 0 0 0 0 0 0 0 0 0 10 0 0 0 0 0 0 0 0 10 0 0 0 0 0 0 10 0 0 0 0 0 0 0 0 0 10 0 10 10 0 0 10 0 0 10 0 0 0 0 0 0 0 0 0 0 0 0 0 10 0 0 0 0 0 0 10 0 0 10 0 0 0 0 0 0 0 0 0 0 0 0 0 0 10 0 0 0 0 0 0 0 0 0 0 0 0 0 0 0 0 0 0 0 0 0 0 0 0 0 0 0 0 0 0 0 0 0 0 0 0 0 0 0 0 0 10 0 0 0 0 0 10 10 10 10 0 10 10 0 0 0 0 189 169 129 129 129 129 129 10 0 0 0 0 30 0 20 10 0 0 0 0 0 0 0 0 10 10 10 0 10 10 139 129 119 119 119 0 0 0 0 10 10 0 10 
276:/usr/share/lua/5.1/pl/path.lua
0 0 0 0 0 0 0 0 0 0 0 0 0 0 0 0 0 0 0 0 0 0 0 0 0 0 0 0 0 0 0 0 0 0 0 0 0 0 0 0 0 0 0 0 0 0 0 0 0 0 0 0 0 0 0 0 149 149 0 0 149 0 0 0 0 0 10 10 0 0 0 0 0 0 0 0 0 0 0 0 0 0 0 0 0 0 0 0 0 0 0 0 129 129 0 0 0 0 0 0 0 0 0 0 0 0 0 0 0 0 0 0 0 0 0 0 0 0 6802 0 0 0 0 0 0 0 0 0 0 0 0 0 0 0 0 0 0 0 0 0 0 0 0 0 0 0 0 0 0 0 441 441 441 6762 6321 6321 0 441 0 0 441 0 0 0 0 0 0 0 0 0 0 0 0 0 0 0 0 0 0 0 0 0 0 0 0 0 0 0 10 10 10 40 30 0 0 30 30 0 10 0 0 10 0 0 0 0 0 0 322 322 322 0 0 0 0 0 119 119 119 0 0 0 0 0 10 10 10 0 0 0 0 0 0 0 0 0 0 0 0 0 0 0 0 0 0 0 0 0 0 0 0 0 0 0 0 0 0 0 0 0 0 0 0 0 0 0 0 0 0 0 0 119 119 0 0 119 
793:/usr/share/lua/5.1/pl/tablex.lua
0 0 0 0 0 0 0 0 0 0 0 0 0 0 0 0 0 0 0 0 0 0 0 0 20 20 0 0 0 0 0 0 0 0 0 0 0 20 0 0 20 0 0 20 0 0 20 0 0 0 0 0 0 0 0 0 0 0 0 0 0 0 0 0 0 0 0 0 0 0 0 0 0 0 0 0 0 0 0 0 0 0 0 0 0 0 0 0 20 20 900 880 0 20 0 0 0 0 0 0 0 0 0 0 0 0 0 0 0 0 0 0 0 0 0 0 0 0 0 0 0 0 0 0 0 0 0 0 0 0 0 0 0 0 0 0 0 0 0 0 0 0 0 0 0 0 0 0 0 0 0 0 0 0 0 0 0 0 0 0 0 0 0 0 0 0 0 0 0 0 0 0 0 0 0 0 0 0 0 0 0 0 0 0 0 0 0 0 0 0 0 0 0 0 0 0 0 0 0 0 0 0 0 0 0 0 0 0 0 0 0 0 0 0 0 0 0 0 0 0 0 0 0 0 0 0 0 0 0 0 0 0 0 0 0 0 0 0 0 0 0 0 0 0 0 0 0 0 0 0 0 0 0 0 0 0 0 0 0 0 0 0 0 0 0 0 0 0 0 0 0 0 0 0 0 0 0 0 0 0 0 0 0 0 0 0 0 0 0 0 0 0 0 0 0 0 0 0 0 0 0 0 0 0 0 0 0 0 0 0 0 0 0 0 0 0 0 0 0 0 0 0 0 0 0 0 0 0 0 0 0 0 0 0 0 0 0 0 0 0 0 0 0 0 0 0 0 0 0 0 0 0 0 0 0 0 0 0 0 0 0 0 0 0 0 0 0 0 0 0 0 0 0 0 0 0 0 0 0 0 0 0 0 0 0 0 0 0 0 0 0 0 0 0 0 0 0 0 0 0 0 0 0 0 0 0 0 0 0 0 0 0 0 0 0 0 0 0 0 0 0 0 0 0 0 0 0 0 0 0 0 0 0 0 0 0 0 0 0 0 0 0 0 0 0 0 0 0 0 0 0 0 0 0 0 0 0 0 0 0 0 0 0 0 0 0 0 0 0 0 0 0 0 0 0 0 0 0 0 0 0 0 0 0 0 0 0 0 0 0 0 0 0 0 0 0 0 0 0 0 0 0 0 0 0 0 0 0 0 0 0 0 0 0 0 0 0 0 0 0 0 0 0 0 0 0 0 0 0 0 0 0 0 0 0 0 0 0 0 0 0 0 0 0 0 0 0 0 0 0 0 0 0 0 0 0 0 0 0 0 0 0 0 0 0 0 0 0 0 0 0 0 0 0 0 0 0 0 0 0 0 0 0 0 0 0 0 0 0 0 0 0 0 0 0 0 0 0 0 0 0 0 0 0 0 0 0 0 0 0 0 0 0 0 0 0 0 0 0 0 0 0 0 0 0 0 0 0 20 20 20 154 134 134 25 25 0 0 20 0 0 0 0 0 0 0 0 0 0 0 0 0 0 0 0 0 0 0 0 0 0 0 0 0 0 0 0 0 0 0 0 0 0 0 0 0 0 0 0 0 0 0 0 0 0 0 0 0 0 0 0 0 0 0 0 0 0 0 0 0 0 0 0 0 0 0 0 0 0 0 0 0 0 0 0 0 0 0 0 0 0 0 0 0 0 0 0 0 0 0 0 0 0 0 0 0 0 0 0 0 0 0 0 0 0 0 0 0 0 0 0 0 0 0 0 0 0 0 0 0 0 0 0 0 0 0 0 0 0 0 0 0 0 0 0 0 10 10 10 10 0 0 0 10 10 0 0 10 20 10 0 0 10 
81:/usr/share/lua/5.1/pl/types.lua
0 0 0 0 0 0 0 0 0 0 0 0 0 0 0 0 0 0 0 0 0 0 0 0 0 0 0 0 0 0 0 0 0 0 0 0 0 0 0 0 0 0 0 0 0 0 0 0 0 0 0 0 0 0 0 0 0 0 0 0 0 0 0 0 40 0 0 0 0 0 0 20 20 0 0 0 0 0 0 20 20 
401:/usr/share/lua/5.1/pl/utils.lua
0 0 0 0 0 0 0 0 0 0 0 0 0 0 0 0 0 0 0 0 0 0 0 0 0 0 0 0 0 0 0 0 0 0 0 0 0 0 0 0 0 0 0 0 0 0 0 0 0 0 0 0 0 0 0 0 0 0 0 0 0 0 0 0 0 0 0 0 0 0 0 0 0 0 0 0 0 0 0 0 0 0 0 0 0 0 0 0 0 0 0 0 0 0 0 0 0 0 0 0 0 119 119 0 0 0 0 0 0 0 0 0 0 0 0 0 0 0 0 0 0 0 0 0 0 0 0 0 0 0 0 0 0 0 0 0 0 0 0 0 0 0 0 0 0 0 0 0 0 0 0 0 0 0 0 0 0 0 0 0 0 0 0 0 0 0 0 0 0 0 0 0 0 0 0 0 0 0 0 0 0 0 0 0 0 0 0 0 0 0 0 0 0 0 0 0 0 0 0 0 0 0 0 0 0 0 0 0 0 0 0 0 0 0 0 0 0 0 0 0 0 0 0 0 0 0 0 0 0 0 0 0 0 0 0 0 0 0 0 0 0 0 0 0 0 0 0 0 0 0 0 0 0 0 0 0 0 0 0 0 0 0 0 0 0 0 0 0 0 0 0 0 0 0 0 0 0 0 0 0 0 0 0 0 0 0 0 0 0 0 0 0 0 0 0 0 0 0 0 0 0 0 0 0 0 0 0 0 0 0 0 0 0 0 0 0 0 0 0 0 0 0 0 20 20 20 0 0 0 0 0 0 0 0 0 0 0 0 0 0 0 0 0 0 0 0 0 0 0 0 0 0 0 0 0 0 0 0 0 0 0 0 0 0 0 0 0 0 0 0 0 0 0 0 0 0 0 0 0 0 0 0 0 0 0 0 1468 0 0 1468 0 0 1468 0 0 0 0 0 0 1428 1428 
48:/usr/share/lua/5.1/say/init.lua
0 0 0 0 0 0 0 0 0 0 0 0 0 10 10 0 0 10 0 0 0 0 0 0 0 0 0 190 190 0 0 0 0 66 0 66 0 66 0 0 66 66 0 298 232 0 0 66 
39:/usr/share/lua/5.1/term/colors.lua
0 0 0 0 0 0 0 0 0 0 0 0 0 0 0 0 0 0 0 0 0 0 0 0 0 0 0 0 0 0 1358 0 0 0 1358 0 0 0 679 
19:queen-attack.lua
0 190 170 0 0 42 122 60 94 154 154 60 42 63 100 146 80 19 1 
75:queen-attack_spec.lua
10 0 20 20 20 10 20 20 0 20 20 10 10 20 0 20 20 10 10 20 0 20 20 10 10 20 0 20 20 10 14 16 0 20 10 10 10 19 0 20 10 10 10 13 0 20 10 10 10 17 0 20 10 10 10 18 0 20 10 10 10 18 0 20 10 10 10 18 0 20 10 10 10 18 30 
