mode: count
resistorcolortrio/resistor_color_trio.go:60.32,61.36 1 814
resistorcolortrio/resistor_color_trio.go:61.36,63.3 1 810
resistorcolortrio/resistor_color_trio.go:65.2,65.30 1 4
resistorcolortrio/resistor_color_trio.go:70.26,71.36 1 12
resistorcolortrio/resistor_color_trio.go:71.36,73.3 1 10
resistorcolortrio/resistor_color_trio.go:75.2,75.23 1 2
resistorcolortrio/resistor_color_trio.go:106.39,107.50 1 30
resistorcolortrio/resistor_color_trio.go:107.50,109.3 1 26
resistorcolortrio/resistor_color_trio.go:111.2,111.36 1 4
resistorcolortrio/resistor_color_trio.go:115.33,116.50 1 58
resistorcolortrio/resistor_color_trio.go:116.50,118.3 1 56
resistorcolortrio/resistor_color_trio.go:120.2,120.22 1 2
resistorcolortrio/resistor_color_trio.go:123.39,125.2 1 54
resistorcolortrio/resistor_color_trio.go:133.24,141.51 3 77
resistorcolortrio/resistor_color_trio.go:141.51,143.3 1 770
resistorcolortrio/resistor_color_trio.go:145.2,145.15 1 77
resistorcolortrio/resistor_color_trio.go:152.34,153.36 1 75
resistorcolortrio/resistor_color_trio.go:153.36,154.20 1 364
resistorcolortrio/resistor_color_trio.go:154.20,156.4 1 74
resistorcolortrio/resistor_color_trio.go:159.2,159.24 1 1
resistorcolortrio/resistor_color_trio.go:163.33,170.21 1 3
resistorcolortrio/resistor_color_trio.go:170.21,172.3 1 1
resistorcolortrio/resistor_color_trio.go:174.2,182.14 4 2
resistorcolortrio/resistor_color_trio.go:186.29,190.9 2 20
resistorcolortrio/resistor_color_trio.go:191.35,192.29 1 3
resistorcolortrio/resistor_color_trio.go:193.35,194.29 1 4
resistorcolortrio/resistor_color_trio.go:195.35,196.29 1 7
resistorcolortrio/resistor_color_trio.go:197.10,198.18 1 6
resistorcolortrio/resistor_color_trio.go:201.2,203.13 2 20
resistorcolortrio/resistor_color_trio.go:209.36,210.21 1 22
resistorcolortrio/resistor_color_trio.go:210.21,212.3 1 2
resistorcolortrio/resistor_color_trio.go:214.2,229.36 6 20
resistorcolortrio/resistor_color_trio.go:229.36,231.3 1 24
resistorcolortrio/resistor_color_trio.go:233.2,238.14 3 20
resistorcolortrio/resistor_color_trio.go:238.14,240.3 1 0
resistorcolortrio/resistor_color_trio.go:242.2,245.14 2 20
resistorcolortrio/resistor_color_trio.go:245.14,247.3 1 0
resistorcolortrio/resistor_color_trio.go:249.2,249.20 1 20
