mode: count
lsproduct/largest_series_product.go:13.67,14.14 1 16
lsproduct/largest_series_product.go:18.2,18.24 1 15
lsproduct/largest_series_product.go:22.2,22.22 1 13
lsproduct/largest_series_product.go:26.2,26.34 1 12
lsproduct/largest_series_product.go:30.2,31.14 2 11
lsproduct/largest_series_product.go:34.2,34.8 1 11
lsproduct/largest_series_product.go:38.2,39.14 2 10
lsproduct/largest_series_product.go:42.2,42.7 1 10
lsproduct/largest_series_product.go:46.2,47.14 2 9
lsproduct/largest_series_product.go:50.2,50.7 1 9
lsproduct/largest_series_product.go:54.2,55.26 2 9
lsproduct/largest_series_product.go:76.2,76.20 1 9
lsproduct/largest_series_product.go:14.14,16.3 1 1
lsproduct/largest_series_product.go:18.24,20.3 1 2
lsproduct/largest_series_product.go:22.22,24.3 1 1
lsproduct/largest_series_product.go:26.34,28.3 1 1
lsproduct/largest_series_product.go:31.14,33.3 1 0
lsproduct/largest_series_product.go:34.8,36.3 1 1
lsproduct/largest_series_product.go:39.14,41.3 1 0
lsproduct/largest_series_product.go:42.7,44.3 1 1
lsproduct/largest_series_product.go:47.14,49.3 1 0
lsproduct/largest_series_product.go:50.7,52.3 1 0
lsproduct/largest_series_product.go:55.26,57.39 2 96
lsproduct/largest_series_product.go:64.3,67.29 3 96
lsproduct/largest_series_product.go:71.3,71.23 1 96
lsproduct/largest_series_product.go:57.39,59.16 2 417
lsproduct/largest_series_product.go:62.4,62.44 1 417
lsproduct/largest_series_product.go:59.16,61.5 1 0
lsproduct/largest_series_product.go:67.29,69.4 1 417
lsproduct/largest_series_product.go:71.23,73.4 1 40
