mode: count
gross/gross_store.go:4.29,15.2 2 6
gross/gross_store.go:18.31,22.2 2 14
gross/gross_store.go:25.50,29.2 2 77
gross/gross_store.go:32.66,38.11 4 15
gross/gross_store.go:38.11,41.12 2 11
gross/gross_store.go:41.12,43.4 1 2
gross/gross_store.go:43.9,45.4 1 9
gross/gross_store.go:46.8,48.3 1 4
gross/gross_store.go:50.2,50.15 1 15
gross/gross_store.go:54.69,57.45 2 20
gross/gross_store.go:57.45,62.22 3 15
gross/gross_store.go:62.22,64.4 1 5
gross/gross_store.go:64.9,64.29 1 10
gross/gross_store.go:64.29,66.4 1 3
gross/gross_store.go:66.9,68.4 1 7
gross/gross_store.go:69.8,71.3 1 5
gross/gross_store.go:73.2,73.15 1 20
gross/gross_store.go:77.60,81.23 3 9
gross/gross_store.go:81.23,84.3 2 7
gross/gross_store.go:84.8,86.3 1 2
gross/gross_store.go:88.2,88.25 1 9
