mode: count
parsinglogfiles/parsing_log_files.go:8.36,13.18 3 10
parsinglogfiles/parsing_log_files.go:13.18,14.15 1 0
parsinglogfiles/parsing_log_files.go:17.2,17.16 1 10
parsinglogfiles/parsing_log_files.go:21.41,26.18 3 6
parsinglogfiles/parsing_log_files.go:26.18,27.15 1 0
parsinglogfiles/parsing_log_files.go:30.2,32.15 2 6
parsinglogfiles/parsing_log_files.go:36.47,42.18 4 3
parsinglogfiles/parsing_log_files.go:42.18,43.15 1 0
parsinglogfiles/parsing_log_files.go:46.2,46.29 1 3
parsinglogfiles/parsing_log_files.go:46.29,48.3 1 10
parsinglogfiles/parsing_log_files.go:50.2,50.14 1 3
parsinglogfiles/parsing_log_files.go:54.46,60.18 4 2
parsinglogfiles/parsing_log_files.go:60.18,61.15 1 0
parsinglogfiles/parsing_log_files.go:64.2,66.20 2 2
parsinglogfiles/parsing_log_files.go:70.47,75.18 3 2
parsinglogfiles/parsing_log_files.go:75.18,76.15 1 0
parsinglogfiles/parsing_log_files.go:79.2,79.33 1 2
parsinglogfiles/parsing_log_files.go:79.33,81.3 1 8
parsinglogfiles/parsing_log_files.go:83.2,83.14 1 2
