mode: count
markdown/markdown.go:12.37,23.6 11 18
markdown/markdown.go:80.2,80.9 1 18
markdown/markdown.go:86.2,86.14 1 10
markdown/markdown.go:89.2,89.35 1 7
markdown/markdown.go:92.2,92.30 1 6
markdown/markdown.go:23.6,25.18 2 620
markdown/markdown.go:42.3,43.69 2 604
markdown/markdown.go:57.3,57.19 1 595
markdown/markdown.go:74.3,76.27 3 575
markdown/markdown.go:25.18,26.20 1 16
markdown/markdown.go:31.4,31.19 1 16
markdown/markdown.go:39.4,40.12 2 16
markdown/markdown.go:26.20,30.5 3 39
markdown/markdown.go:31.19,33.5 1 1
markdown/markdown.go:33.10,33.17 1 15
markdown/markdown.go:33.17,36.5 2 5
markdown/markdown.go:36.10,38.5 1 10
markdown/markdown.go:43.69,44.17 1 9
markdown/markdown.go:47.4,48.19 2 9
markdown/markdown.go:54.4,55.12 2 9
markdown/markdown.go:44.17,46.5 1 4
markdown/markdown.go:48.19,51.5 2 8
markdown/markdown.go:51.10,53.5 1 1
markdown/markdown.go:57.19,58.134 1 20
markdown/markdown.go:63.4,63.30 1 20
markdown/markdown.go:67.4,67.18 1 20
markdown/markdown.go:71.4,72.12 2 20
markdown/markdown.go:58.134,62.5 3 1
markdown/markdown.go:63.30,66.5 2 4
markdown/markdown.go:67.18,70.5 2 5
markdown/markdown.go:76.27,77.9 1 18
markdown/markdown.go:81.19,82.23 1 1
markdown/markdown.go:83.18,84.46 1 7
markdown/markdown.go:86.14,88.3 1 3
markdown/markdown.go:89.35,91.3 1 1
