mode: count
tournament/tournament.go:23.54,34.18 8 6
tournament/tournament.go:55.2,55.21 1 6
tournament/tournament.go:59.2,59.29 1 2
tournament/tournament.go:143.2,157.26 4 2
tournament/tournament.go:162.2,162.11 1 2
tournament/tournament.go:167.2,167.30 1 2
tournament/tournament.go:172.2,172.30 1 2
tournament/tournament.go:177.2,177.12 1 2
tournament/tournament.go:34.18,40.15 3 707
tournament/tournament.go:40.15,45.20 2 701
tournament/tournament.go:51.4,51.24 1 687
tournament/tournament.go:45.20,48.13 3 14
tournament/tournament.go:55.21,57.3 1 4
tournament/tournament.go:59.29,68.23 2 14
tournament/tournament.go:72.3,77.38 4 12
tournament/tournament.go:85.3,85.38 1 12
tournament/tournament.go:106.3,106.17 1 12
tournament/tournament.go:133.3,140.23 5 12
tournament/tournament.go:68.23,69.12 1 2
tournament/tournament.go:77.38,79.4 1 8
tournament/tournament.go:79.9,82.4 2 4
tournament/tournament.go:85.38,87.4 1 8
tournament/tournament.go:87.9,90.4 2 4
tournament/tournament.go:107.14,114.16 3 6
tournament/tournament.go:115.15,122.21 3 4
tournament/tournament.go:123.15,131.18 4 2
tournament/tournament.go:157.26,160.3 2 8
tournament/tournament.go:162.11,165.3 2 1
tournament/tournament.go:167.30,170.3 2 114
tournament/tournament.go:172.30,175.3 2 456
