mode: count
stringset/custom_set.go:19.16,21.2 1 133
stringset/custom_set.go:24.38,27.25 2 106
stringset/custom_set.go:31.2,31.10 1 106
stringset/custom_set.go:27.25,29.3 1 186
stringset/custom_set.go:35.30,36.17 1 30
stringset/custom_set.go:40.2,48.22 5 27
stringset/custom_set.go:52.2,54.25 2 27
stringset/custom_set.go:66.2,68.20 2 27
stringset/custom_set.go:36.17,38.3 1 3
stringset/custom_set.go:48.22,50.3 1 71
stringset/custom_set.go:54.25,55.13 1 71
stringset/custom_set.go:61.3,63.22 3 71
stringset/custom_set.go:55.13,57.4 1 44
stringset/custom_set.go:57.9,59.4 1 27
stringset/custom_set.go:72.29,74.2 1 11
stringset/custom_set.go:77.36,81.2 2 78
stringset/custom_set.go:84.31,87.2 1 218
stringset/custom_set.go:90.30,92.34 1 7
stringset/custom_set.go:97.2,97.33 1 6
stringset/custom_set.go:102.2,102.33 1 5
stringset/custom_set.go:106.2,106.23 1 4
stringset/custom_set.go:112.2,112.13 1 2
stringset/custom_set.go:92.34,94.3 1 1
stringset/custom_set.go:97.33,99.3 1 1
stringset/custom_set.go:102.33,104.3 1 1
stringset/custom_set.go:106.23,107.17 1 11
stringset/custom_set.go:107.17,109.4 1 2
stringset/custom_set.go:116.32,118.2 1 7
stringset/custom_set.go:121.29,122.24 1 24
stringset/custom_set.go:126.2,126.23 1 21
stringset/custom_set.go:132.2,132.13 1 19
stringset/custom_set.go:122.24,124.3 1 3
stringset/custom_set.go:126.23,127.17 1 31
stringset/custom_set.go:127.17,129.4 1 2
stringset/custom_set.go:136.35,139.23 2 13
stringset/custom_set.go:143.2,143.23 1 13
stringset/custom_set.go:149.2,149.10 1 13
stringset/custom_set.go:139.23,141.3 1 3
stringset/custom_set.go:143.23,144.16 1 19
stringset/custom_set.go:144.16,146.4 1 5
stringset/custom_set.go:153.33,156.23 2 5
stringset/custom_set.go:162.2,162.10 1 5
stringset/custom_set.go:156.23,157.17 1 10
stringset/custom_set.go:157.17,159.4 1 8
stringset/custom_set.go:166.28,169.23 2 5
stringset/custom_set.go:173.2,173.23 1 5
stringset/custom_set.go:177.2,177.10 1 5
stringset/custom_set.go:169.23,171.3 1 7
stringset/custom_set.go:173.23,175.3 1 6
