mode: count
cryptosquare/crypto_square.go:14.34,15.17 1 20
cryptosquare/crypto_square.go:15.17,17.3 1 1
cryptosquare/crypto_square.go:19.2,19.15 1 19
cryptosquare/crypto_square.go:19.15,21.3 1 0
cryptosquare/crypto_square.go:23.2,25.15 2 19
cryptosquare/crypto_square.go:25.15,27.3 1 0
cryptosquare/crypto_square.go:29.2,31.15 2 19
cryptosquare/crypto_square.go:31.15,33.3 1 0
cryptosquare/crypto_square.go:35.2,37.15 2 19
cryptosquare/crypto_square.go:37.15,39.3 1 0
cryptosquare/crypto_square.go:41.2,43.15 2 19
cryptosquare/crypto_square.go:49.40,50.16 1 42
cryptosquare/crypto_square.go:50.16,52.3 1 0
cryptosquare/crypto_square.go:54.2,58.16 4 42
cryptosquare/crypto_square.go:58.16,59.13 1 0
cryptosquare/crypto_square.go:63.2,67.15 3 42
cryptosquare/crypto_square.go:71.55,74.15 2 23
cryptosquare/crypto_square.go:74.15,76.3 1 0
cryptosquare/crypto_square.go:78.2,78.15 1 23
cryptosquare/crypto_square.go:78.15,81.3 2 1
cryptosquare/crypto_square.go:83.2,83.29 1 22
cryptosquare/crypto_square.go:83.29,84.29 1 101
cryptosquare/crypto_square.go:84.29,85.41 1 2542
cryptosquare/crypto_square.go:85.41,88.5 2 22
cryptosquare/crypto_square.go:92.2,92.8 1 0
cryptosquare/crypto_square.go:96.38,97.16 1 21
cryptosquare/crypto_square.go:97.16,99.3 1 0
cryptosquare/crypto_square.go:101.2,107.28 5 21
cryptosquare/crypto_square.go:107.28,112.19 3 411
cryptosquare/crypto_square.go:112.19,116.4 3 68
cryptosquare/crypto_square.go:120.2,120.29 1 21
cryptosquare/crypto_square.go:120.29,122.3 1 11
cryptosquare/crypto_square.go:126.2,126.30 1 21
cryptosquare/crypto_square.go:126.30,128.3 1 11
cryptosquare/crypto_square.go:130.2,130.15 1 21
cryptosquare/crypto_square.go:134.45,135.22 1 21
cryptosquare/crypto_square.go:135.22,137.3 1 0
cryptosquare/crypto_square.go:139.2,143.42 3 21
cryptosquare/crypto_square.go:143.42,144.30 1 100
cryptosquare/crypto_square.go:144.30,145.22 1 456
cryptosquare/crypto_square.go:145.22,147.5 1 431
cryptosquare/crypto_square.go:152.3,152.27 1 100
cryptosquare/crypto_square.go:152.27,154.4 1 92
cryptosquare/crypto_square.go:155.3,155.13 1 100
cryptosquare/crypto_square.go:158.2,158.15 1 21
