mode: count
bottlesong/bottle_song.go:51.33,53.2 1 126
bottlesong/bottle_song.go:56.27,58.2 1 325
bottlesong/bottle_song.go:61.45,68.35 5 44
bottlesong/bottle_song.go:68.35,70.3 1 1
bottlesong/bottle_song.go:72.2,72.35 1 43
bottlesong/bottle_song.go:72.35,74.3 1 1
bottlesong/bottle_song.go:76.2,76.35 1 42
bottlesong/bottle_song.go:76.35,78.3 1 36
bottlesong/bottle_song.go:80.2,87.64 5 42
bottlesong/bottle_song.go:87.64,89.3 1 37
bottlesong/bottle_song.go:89.8,91.3 1 5
bottlesong/bottle_song.go:93.2,96.31 2 42
bottlesong/bottle_song.go:96.31,99.3 2 6
bottlesong/bottle_song.go:101.2,103.43 2 42
bottlesong/bottle_song.go:107.50,110.22 2 19
bottlesong/bottle_song.go:110.22,112.3 1 1
bottlesong/bottle_song.go:114.2,114.79 1 18
bottlesong/bottle_song.go:114.79,120.16 3 39
bottlesong/bottle_song.go:120.16,122.4 1 21
bottlesong/bottle_song.go:125.2,125.20 1 18
bottlesong/bottle_song.go:129.50,130.70 1 20
bottlesong/bottle_song.go:130.70,132.3 1 1
bottlesong/bottle_song.go:134.2,134.62 1 19
bottlesong/bottle_song.go:134.62,136.3 1 1
bottlesong/bottle_song.go:138.2,141.29 3 18
