mode: count
romannumerals/roman_numerals.go:10.48,11.16 1 44
romannumerals/roman_numerals.go:16.2,16.19 1 41
romannumerals/roman_numerals.go:33.2,65.31 8 39
romannumerals/roman_numerals.go:126.2,126.20 1 39
romannumerals/roman_numerals.go:11.16,13.3 1 3
romannumerals/roman_numerals.go:16.19,18.3 1 2
romannumerals/roman_numerals.go:65.31,67.21 1 244
romannumerals/roman_numerals.go:71.3,73.20 2 227
romannumerals/roman_numerals.go:67.21,68.9 1 17
romannumerals/roman_numerals.go:73.20,76.14 2 172
romannumerals/roman_numerals.go:80.4,80.32 1 172
romannumerals/roman_numerals.go:105.4,105.12 1 172
romannumerals/roman_numerals.go:76.14,78.5 1 19
romannumerals/roman_numerals.go:80.32,85.15 2 13
romannumerals/roman_numerals.go:89.5,93.15 3 13
romannumerals/roman_numerals.go:97.5,101.25 3 13
romannumerals/roman_numerals.go:85.15,87.6 1 3
romannumerals/roman_numerals.go:93.15,95.6 1 0
romannumerals/roman_numerals.go:107.9,111.14 2 55
romannumerals/roman_numerals.go:116.4,122.12 4 55
romannumerals/roman_numerals.go:111.14,113.5 1 0
