163:/usr/share/lua/5.1/busted/block.lua
0 0 0 0 0 0 0 0 0 0 0 0 0 0 0 2 2 0 2 136 0 136 138 0 2 8 8 144 136 128 0 0 10 0 0 0 0 0 0 2 0 2 24 0 24 16 16 0 0 0 0 24 6 0 24 24 18 0 0 6 6 0 0 0 0 0 0 6 0 6 2 0 2 30 0 30 16 16 0 0 0 0 30 0 30 30 0 0 0 0 0 30 2 0 2 36 36 0 36 36 0 0 0 0 0 0 36 16 0 0 0 36 2 0 2 8 2 0 2 6 6 6 0 8 0 2 6 2 0 2 6 2 0 2 4 0 4 4 4 0 0 0 0 4 0 4 4 0 4 0 0 0 0 4 4 0 0 4 4 0 6 0 2 
38:/usr/share/lua/5.1/busted/compatibility.lua
0 0 0 0 0 0 0 0 0 0 0 0 0 0 0 0 0 0 0 0 0 0 0 0 0 0 0 0 0 0 0 0 0 0 0 0 1 1 
124:/usr/share/lua/5.1/busted/context.lua
0 0 0 2 84 82 0 2 2 2 2 2 0 0 0 2 84 82 0 178 176 0 2 0 0 0 0 0 0 0 0 0 0 0 0 0 0 0 0 0 0 0 0 0 0 0 0 0 0 0 0 0 0 0 0 0 0 0 12 12 2 10 0 10 0 0 12 12 0 0 12 12 0 0 12 2 0 12 0 0 210 0 0 0 0 0 0 0 0 0 0 0 0 0 0 0 0 0 12 12 12 12 0 0 8 0 0 0 724 0 0 0 52 52 52 52 52 0 0 52 52 52 52 52 
315:/usr/share/lua/5.1/busted/core.lua
0 0 0 0 0 0 0 0 0 0 4 0 0 0 0 0 0 0 0 0 0 0 0 0 0 0 4 4 4 0 0 0 0 0 0 0 8 0 0 0 2 0 0 0 0 0 0 0 0 0 0 0 0 0 0 0 0 0 0 0 0 0 0 0 0 0 0 0 0 14 14 0 14 14 26 18 12 12 0 0 14 14 0 14 14 0 0 0 4 4 4 4 0 4 4 0 0 0 0 0 4 0 0 0 46 0 0 0 70 0 0 0 0 0 0 0 18 0 26 26 2 2 2 2 2 2 0 0 24 16 16 16 16 16 0 0 8 0 0 0 0 0 0 4 4 4 4 4 4 0 0 0 0 0 0 0 0 0 0 0 0 0 0 0 0 0 2 0 2 0 2 0 0 52 52 52 0 104 4 4 4 108 0 52 4 0 0 0 4 0 0 0 0 0 0 0 0 0 0 0 4 0 52 0 52 52 0 0 0 28 28 28 14 14 14 14 14 14 0 56 28 56 28 0 0 0 0 0 0 0 0 0 0 0 0 0 0 0 0 0 0 0 0 0 0 0 0 0 0 0 0 0 0 0 0 0 0 0 12 0 0 0 0 12 0 12 12 10 0 0 0 12 24 0 12 12 0 0 0 0 0 0 12 12 12 12 12 12 12 12 12 12 12 12 0 0 12 0 12 6 0 6 0 12 0 0 0 6 18 12 12 24 12 0 6 
31:/usr/share/lua/5.1/busted/environment.lua
0 0 0 0 0 0 0 698 0 672 526 672 0 0 0 0 0 0 0 0 172 0 0 0 0 0 0 0 0 0 2 
72:/usr/share/lua/5.1/busted/execute.lua
2 2 2 0 0 0 0 0 0 0 0 0 2 0 0 2 0 0 2 2 0 0 0 0 0 0 0 0 0 0 0 0 0 0 0 0 0 0 2 0 4 2 0 0 0 0 0 2 0 2 0 0 0 0 2 2 2 2 0 2 2 0 2 0 2 0 0 0 4 0 2 2 
127:/usr/share/lua/5.1/busted/init.lua
0 0 0 0 2 2 2 0 2 2 0 0 2 2 2 0 2 2 0 0 8 8 0 8 0 0 0 0 8 0 8 8 8 0 8 0 8 8 8 8 8 0 0 0 0 0 0 8 0 0 8 8 0 0 0 0 0 0 0 0 0 0 0 0 0 0 0 0 0 0 0 0 0 0 0 0 0 0 0 0 0 0 0 0 0 0 0 0 0 0 0 0 0 0 0 0 0 0 0 0 0 0 0 0 0 0 0 0 0 0 0 0 0 0 0 0 0 0 0 0 0 0 0 0 0 0 90 
50:/usr/share/lua/5.1/busted/languages/en.lua
2 0 2 0 0 2 2 2 2 0 2 2 2 2 0 2 2 2 2 0 2 2 2 2 0 2 0 2 2 0 0 2 2 2 2 2 2 2 2 2 0 2 2 2 2 2 2 0 2 2 
23:/usr/share/lua/5.1/busted/modules/files/lua.lua
2 0 2 0 0 14 14 14 2 0 0 2 2 0 0 2 2 0 0 2 2 0 2 
107:/usr/share/lua/5.1/busted/modules/files/moonscript.lua
2 0 4 2 2 0 2 0 0 0 0 0 0 0 0 0 0 2 0 0 0 0 0 0 0 0 0 0 0 0 2 0 0 0 0 0 2 0 0 0 0 0 0 0 0 0 0 0 0 0 0 0 0 0 0 0 0 0 0 0 0 0 0 0 0 0 2 0 2 0 0 0 0 0 0 0 0 0 0 0 2 0 0 0 0 0 0 0 0 0 0 0 2 0 0 0 2 0 0 0 0 0 0 0 2 0 2 
129:/usr/share/lua/5.1/busted/modules/filter_loader.lua
0 0 0 8 8 0 16 16 8 8 0 0 8 2 0 0 0 0 2 0 0 10 0 0 0 0 10 2 0 0 8 8 0 0 0 0 8 2 0 0 10 0 0 0 0 10 2 0 0 8 0 0 0 0 8 2 0 0 0 0 0 0 0 0 0 0 0 2 0 0 0 2 0 2 0 0 0 0 0 0 2 0 0 0 2 0 0 16 28 20 0 0 18 0 0 0 0 0 0 0 0 2 0 2 0 0 0 0 0 0 0 0 0 0 0 0 0 0 2 2 2 2 0 0 2 2 2 2 2 
34:/usr/share/lua/5.1/busted/modules/output_handler_loader.lua
0 0 0 0 0 0 0 0 2 4 2 0 2 0 0 2 0 4 0 2 0 0 0 2 0 0 0 0 2 0 0 0 2 2 
101:/usr/share/lua/5.1/busted/modules/test_file_loader.lua
2 0 0 2 2 2 2 0 6 4 4 0 0 0 0 0 2 0 2 2 2 0 4 19 19 0 0 0 0 36 19 2 0 0 17 4 0 4 2 0 0 2 0 4 0 0 0 0 0 2 2 2 0 0 2 4 2 0 2 2 0 0 0 2 2 2 0 0 2 0 0 2 0 4 2 0 2 4 2 2 2 2 0 0 2 0 0 0 2 0 0 0 0 0 0 0 2 2 0 2 2 
179:/usr/share/lua/5.1/busted/outputHandlers/base.lua
0 2 2 2 2 2 2 2 2 2 2 2 0 0 0 32 2 0 0 2 2 0 2 0 0 0 2 2 2 2 2 2 2 2 2 2 4 0 0 24 24 0 48 48 0 24 24 0 0 24 2 0 0 0 8 84 76 60 0 0 8 8 0 8 8 8 8 8 8 8 0 8 0 8 2 0 0 0 0 0 0 0 2 0 0 2 2 2 2 0 0 0 0 0 0 0 0 0 0 0 0 0 2 0 0 2 2 2 2 0 0 8 8 2 0 0 0 0 8 4 4 4 0 0 4 0 4 4 0 0 0 0 0 0 4 0 4 4 4 0 0 0 4 0 0 4 0 4 2 0 0 0 0 0 0 2 0 0 4 4 2 0 0 0 0 0 2 0 0 4 0 0 0 0 4 2 0 2 2 
286:/usr/share/lua/5.1/busted/outputHandlers/gtest.lua
2 2 2 2 0 2 0 2 2 0 2 198 0 0 0 0 0 2 2 0 2 2 2 2 2 2 2 2 2 2 2 2 2 2 0 2 2 2 2 2 2 0 2 2 2 2 2 0 2 2 2 2 2 0 0 2 2 2 2 2 2 2 0 0 0 0 0 0 0 0 0 0 0 0 2 0 0 4 4 4 0 0 0 0 0 0 4 0 4 0 0 0 4 2 0 0 20 20 20 20 0 20 2 0 0 6 6 6 1 1 1 0 1 1 5 4 4 4 0 0 0 0 0 6 2 0 0 6 6 6 1 1 1 0 6 2 0 0 2 2 0 2 2 2 0 2 2 2 2 0 2 2 0 0 16 2 0 0 0 0 0 0 0 0 0 0 0 2 0 0 2 0 0 2 0 0 2 2 2 0 2 2 0 0 2 2 2 2 2 2 2 0 2 2 0 0 2 2 2 2 2 0 0 2 2 2 2 2 2 2 0 0 8 8 0 8 2 0 0 8 8 0 8 8 8 4 4 4 0 0 4 4 4 0 0 0 0 0 8 8 0 8 2 0 0 4 4 4 0 4 2 0 0 0 0 0 0 0 2 0 0 4 0 0 0 0 0 0 0 4 2 0 2 2 2 2 2 2 2 2 2 2 2 0 2 2 
208:/usr/share/lua/5.1/busted/runner.lua
0 0 0 0 0 0 0 0 0 0 0 0 0 0 0 0 0 0 0 0 0 0 0 0 0 0 0 0 0 0 0 0 0 0 0 0 0 0 0 0 0 0 0 0 0 0 0 0 0 0 0 0 0 0 0 0 0 0 0 2 0 0 0 0 0 0 2 0 0 0 0 2 0 0 0 0 0 2 2 0 0 2 2 0 0 0 2 2 0 0 0 0 0 2 2 2 0 4 0 0 2 0 4 0 0 2 0 4 0 0 0 2 0 4 4 4 0 0 0 4 4 2 0 0 2 2 2 0 0 4 2 2 2 2 2 2 2 0 0 0 2 2 0 0 0 0 0 0 0 0 0 0 0 0 0 0 0 0 0 2 0 0 0 0 0 0 0 0 4 2 2 2 2 2 2 2 0 0 2 0 2 2 2 4 2 2 2 2 0 0 0 0 0 0 2 2 4 2 2 2 0 0 2 0 2 1 0 1 
42:/usr/share/lua/5.1/busted/status.lua
0 68 68 68 68 68 68 68 68 0 68 0 0 0 60 60 92 60 60 60 0 0 0 60 0 0 0 60 0 0 0 8 8 8 0 68 0 0 120 60 76 60 
35:/usr/share/lua/5.1/busted/utils.lua
0 0 0 2 2 6 4 4 0 0 2 0 0 0 0 0 0 0 0 0 0 0 0 0 0 0 2 2 2 2 2 10 8 0 2 
177:/usr/share/lua/5.1/luassert/assert.lua
0 0 0 0 0 0 0 0 0 0 0 4 0 4 0 0 4 4 0 0 4 0 0 0 0 0 8 0 8 0 24 16 0 0 8 24 16 8 0 0 0 8 8 8 0 8 4 4 0 0 4 4 0 0 4 0 0 4 0 0 0 0 0 0 0 0 0 0 0 0 0 0 0 0 32 16 0 0 16 0 0 0 0 8 0 0 0 0 0 0 0 0 0 0 0 0 0 0 0 0 0 0 0 0 0 0 0 0 0 0 0 0 0 0 0 0 0 0 0 0 0 4 4 12 8 8 8 8 8 0 0 4 0 0 0 0 0 0 0 0 0 0 0 0 0 0 0 0 0 0 0 0 0 0 0 0 0 0 0 0 0 0 0 0 0 0 0 0 8 0 0 0 8 0 0 0 8 
120:/usr/share/lua/5.1/luassert/assertions.lua
0 0 0 0 0 0 0 0 0 0 0 0 0 0 0 0 0 0 8 0 0 8 0 0 0 0 0 0 0 0 0 0 0 0 0 0 0 0 0 0 0 0 0 0 0 0 0 0 0 0 0 0 0 0 0 0 0 0 0 0 0 0 0 0 0 0 0 0 0 0 0 0 0 0 0 0 0 0 0 0 0 0 0 0 0 0 0 0 0 0 0 0 0 0 0 0 0 0 0 0 0 0 0 0 0 0 0 0 0 0 0 0 8 8 8 8 0 8 8 8 
202:/usr/share/lua/5.1/luassert/formatters/init.lua
0 0 0 0 0 0 0 0 0 0 0 0 0 0 0 0 0 0 0 0 0 4 4 0 0 0 0 0 4 0 0 0 4 0 4 0 4 0 0 0 4 0 4 0 0 0 0 0 4 0 0 0 8 4 0 4 0 0 8 0 0 8 0 0 8 0 0 8 0 0 0 0 0 0 0 0 0 0 0 0 0 0 0 0 0 0 0 0 0 0 0 0 0 0 0 0 0 0 0 0 0 0 0 0 0 0 0 0 0 0 0 0 0 0 0 8 8 0 0 0 0 0 0 0 0 0 0 0 0 0 0 0 0 0 0 0 0 0 0 0 0 0 0 0 0 0 0 0 0 0 0 0 0 0 0 0 0 0 0 0 0 0 0 0 0 0 0 0 0 0 0 0 0 0 0 0 0 0 0 0 0 0 0 0 0 8 0 0 0 8 0 0 8 0 0 8 0 0 8 0 0 8 
5:/usr/share/lua/5.1/luassert/modifiers.lua
0 0 0 0 8 
92:/usr/share/lua/5.1/luassert/state.lua
0 0 0 0 0 0 0 0 0 0 0 0 0 0 0 0 0 0 0 0 0 0 0 0 0 0 0 0 0 0 0 0 0 0 0 0 0 0 0 0 0 0 0 0 0 0 0 0 0 0 0 0 0 0 0 0 0 0 0 0 0 0 0 0 0 0 0 0 0 0 0 0 0 0 0 0 0 0 0 0 0 0 0 0 0 0 0 0 8 60 60 60 
283:/usr/share/lua/5.1/luassert/util.lua
0 0 0 0 0 0 0 0 0 0 0 0 0 0 0 0 0 0 0 0 0 0 0 0 0 0 0 0 0 0 0 0 0 0 0 0 0 0 0 0 0 0 0 0 0 0 0 0 0 0 0 0 0 0 0 0 0 0 0 0 0 0 0 0 0 0 0 0 0 0 0 0 0 0 0 0 0 0 0 0 0 0 0 0 0 0 0 0 0 0 0 0 0 0 0 0 0 0 0 0 0 0 0 0 0 0 0 0 0 0 0 0 0 0 0 0 0 0 0 0 0 0 0 0 0 0 0 0 0 0 0 0 0 0 0 0 0 0 0 0 0 0 0 0 0 0 0 0 0 0 0 0 0 8 8 8 8 8 8 0 0 0 0 8 8 0 8 0 0 0 0 0 16 8 0 0 8 8 0 0 0 0 0 0 0 0 0 8 8 0 8 0 0 0 0 0 8 0 16 8 0 0 8 8 8 0 0 0 0 0 0 0 0 0 0 0 0 0 0 0 0 0 0 4 0 0 0 0 0 0 0 0 12 12 12 12 24 12 12 12 0 12 12 0 0 0 0 0 0 0 0 8 0 0 8 8 8 24 16 16 0 0 16 16 0 0 0 0 0 0 16 16 16 0 16 0 0 0 8 0 0 0 8 
154:/usr/share/lua/5.1/mediator.lua
0 70 0 0 0 70 70 70 70 0 0 0 0 0 70 0 70 70 0 0 0 0 0 42 42 42 42 42 42 0 0 70 70 0 70 0 70 40 40 0 38 0 0 70 0 70 42 0 0 0 0 0 0 0 0 0 0 0 0 42 0 0 0 0 0 0 0 0 42 0 0 42 42 42 0 0 0 42 0 0 216 42 0 0 0 0 0 0 0 0 0 0 0 42 0 0 212 112 0 0 112 0 112 0 112 112 0 0 0 100 66 0 34 0 42 42 0 0 0 0 0 0 0 0 0 0 0 0 0 0 0 116 0 332 216 0 0 116 0 0 0 70 0 0 0 0 0 0 0 0 0 0 0 46 
476:/usr/share/lua/5.1/pl/dir.lua
0 0 0 0 0 0 2 2 2 2 2 2 2 2 2 2 2 2 2 2 2 2 0 2 0 0 2 4 0 0 0 2 0 0 19 19 2 0 0 0 0 0 0 0 2 0 0 0 2 0 0 0 0 0 0 0 2 0 0 0 0 0 0 0 0 2 0 0 0 0 0 0 0 0 0 0 0 0 0 0 2 0 0 0 0 0 0 2 0 0 0 0 0 0 0 0 0 0 2 0 0 0 0 0 2 0 0 2 0 0 0 0 0 0 0 0 2 0 0 2 0 0 0 0 0 0 0 0 0 0 0 2 0 0 0 0 0 0 0 0 0 0 0 0 0 0 0 0 0 0 0 0 0 0 0 0 0 0 0 0 0 0 0 0 0 0 0 0 0 0 0 0 0 0 0 0 0 0 0 0 0 0 0 0 0 0 0 0 0 2 0 0 0 2 0 0 0 0 0 0 0 0 0 0 0 0 0 0 0 0 0 0 0 0 0 0 0 0 0 0 0 0 0 0 0 0 0 0 0 0 0 0 0 0 2 0 0 0 0 0 0 0 2 0 0 0 0 2 0 0 0 0 0 0 2 0 0 0 2 0 0 0 0 0 0 0 0 0 0 0 0 0 0 0 0 2 0 0 0 0 0 0 0 0 0 2 0 0 0 0 0 0 0 0 0 0 0 0 0 0 2 0 0 0 0 0 0 0 0 2 0 0 0 0 0 0 2 0 0 0 0 0 0 0 0 0 2 0 2 2 0 0 2 0 0 2 0 0 0 0 0 0 0 0 0 0 0 0 0 2 0 0 0 0 0 0 2 0 0 2 0 0 0 0 0 0 0 0 0 0 0 0 0 0 2 0 0 0 0 0 0 0 0 0 0 0 0 0 0 0 0 0 0 0 0 0 0 0 0 0 0 0 0 0 0 0 0 0 0 0 0 0 0 0 0 0 2 0 0 0 0 0 2 2 2 2 0 2 2 0 0 0 0 33 29 21 21 21 21 21 2 0 0 0 0 6 0 4 2 0 0 0 0 0 0 0 0 2 2 2 0 2 2 23 21 19 19 19 0 0 0 0 2 2 0 2 
276:/usr/share/lua/5.1/pl/path.lua
0 0 0 0 0 0 0 0 0 0 0 0 0 0 0 0 0 0 0 0 0 0 0 0 0 0 0 0 0 0 0 0 0 0 0 0 0 0 0 0 0 0 0 0 0 0 0 0 0 0 0 0 0 0 0 0 25 25 0 0 25 0 0 0 0 0 2 2 0 0 0 0 0 0 0 0 0 0 0 0 0 0 0 0 0 0 0 0 0 0 0 0 21 21 0 0 0 0 0 0 0 0 0 0 0 0 0 0 0 0 0 0 0 0 0 0 0 0 719 0 0 0 0 0 0 0 0 0 0 0 0 0 0 0 0 0 0 0 0 0 0 0 0 0 0 0 0 0 0 0 51 51 51 711 660 660 0 51 0 0 51 0 0 0 0 0 0 0 0 0 0 0 0 0 0 0 0 0 0 0 0 0 0 0 0 0 0 0 2 2 2 8 6 0 0 6 6 0 2 0 0 2 0 0 0 0 0 0 32 32 32 0 0 0 0 0 19 19 19 0 0 0 0 0 2 2 2 0 0 0 0 0 0 0 0 0 0 0 0 0 0 0 0 0 0 0 0 0 0 0 0 0 0 0 0 0 0 0 0 0 0 0 0 0 0 0 0 0 0 0 0 19 19 0 0 19 
793:/usr/share/lua/5.1/pl/tablex.lua
0 0 0 0 0 0 0 0 0 0 0 0 0 0 0 0 0 0 0 0 0 0 0 0 4 4 0 0 0 0 0 0 0 0 0 0 0 4 0 0 4 0 0 4 0 0 4 0 0 0 0 0 0 0 0 0 0 0 0 0 0 0 0 0 0 0 0 0 0 0 0 0 0 0 0 0 0 0 0 0 0 0 0 0 0 0 0 0 4 4 180 176 0 4 0 0 0 0 0 0 0 0 0 0 0 0 0 0 0 0 0 0 0 0 0 0 0 0 0 0 0 0 0 0 0 0 0 0 0 0 0 0 0 0 0 0 0 0 0 0 0 0 0 0 0 0 0 0 0 0 0 0 0 0 0 0 0 0 0 0 0 0 0 0 0 0 0 0 0 0 0 0 0 0 0 0 0 0 0 0 0 0 0 0 0 0 0 0 0 0 0 0 0 0 0 0 0 0 0 0 0 0 0 0 0 0 0 0 0 0 0 0 0 0 0 0 0 0 0 0 0 0 0 0 0 0 0 0 0 0 0 0 0 0 0 0 0 0 0 0 0 0 0 0 0 0 0 0 0 0 0 0 0 0 0 0 0 0 0 0 0 0 0 0 0 0 0 0 0 0 0 0 0 0 0 0 0 0 0 0 0 0 0 0 0 0 0 0 0 0 0 0 0 0 0 0 0 0 0 0 0 0 0 0 0 0 0 0 0 0 0 0 0 0 0 0 0 0 0 0 0 0 0 0 0 0 0 0 0 0 0 0 0 0 0 0 0 0 0 0 0 0 0 0 0 0 0 0 0 0 0 0 0 0 0 0 0 0 0 0 0 0 0 0 0 0 0 0 0 0 0 0 0 0 0 0 0 0 0 0 0 0 0 0 0 0 0 0 0 0 0 0 0 0 0 0 0 0 0 0 0 0 0 0 0 0 0 0 0 0 0 0 0 0 0 0 0 0 0 0 0 0 0 0 0 0 0 0 0 0 0 0 0 0 0 0 0 0 0 0 0 0 0 0 0 0 0 0 0 0 0 0 0 0 0 0 0 0 0 0 0 0 0 0 0 0 0 0 0 0 0 0 0 0 0 0 0 0 0 0 0 0 0 0 0 0 0 0 0 0 0 0 0 0 0 0 0 0 0 0 0 0 0 0 0 0 0 0 0 0 0 0 0 0 0 0 0 0 0 0 0 0 0 0 0 0 0 0 0 0 0 0 0 0 0 0 0 0 0 0 0 0 0 0 0 0 0 0 0 0 0 0 0 0 0 0 0 0 0 0 0 0 0 0 0 0 0 0 0 0 0 0 0 0 0 0 0 0 0 0 0 0 0 0 0 0 0 0 0 0 0 0 0 0 0 0 0 0 0 0 0 0 0 0 0 0 0 0 0 0 0 0 0 0 0 0 0 0 0 0 0 0 0 0 0 0 0 0 4 4 4 25 21 21 4 4 0 0 4 0 0 0 0 0 0 0 0 0 0 0 0 0 0 0 0 0 0 0 0 0 0 0 0 0 0 0 0 0 0 0 0 0 0 0 0 0 0 0 0 0 0 0 0 0 0 0 0 0 0 0 0 0 0 0 0 0 0 0 0 0 0 0 0 0 0 0 0 0 0 0 0 0 0 0 0 0 0 0 0 0 0 0 0 0 0 0 0 0 0 0 0 0 0 0 0 0 0 0 0 0 0 0 0 0 0 0 0 0 0 0 0 0 0 0 0 0 0 0 0 0 0 0 0 0 0 0 0 0 0 0 0 0 0 0 0 0 2 2 2 2 0 0 0 2 2 0 0 2 4 2 0 0 2 
81:/usr/share/lua/5.1/pl/types.lua
0 0 0 0 0 0 0 0 0 0 0 0 0 0 0 0 0 0 0 0 0 0 0 0 0 0 0 0 0 0 0 0 0 0 0 0 0 0 0 0 0 0 0 0 0 0 0 0 0 0 0 0 0 0 0 0 0 0 0 0 0 0 0 0 8 0 0 0 0 0 0 4 4 0 0 0 0 0 0 4 4 
401:/usr/share/lua/5.1/pl/utils.lua
0 0 0 0 0 0 0 0 0 0 0 0 0 0 0 0 0 0 0 0 0 0 0 0 0 0 0 0 0 0 0 0 0 0 0 0 0 0 0 0 0 0 0 0 0 0 0 0 0 0 0 0 0 0 0 0 0 0 0 0 0 0 0 0 0 0 0 0 0 0 0 0 0 0 0 0 0 0 0 0 0 0 0 0 0 0 0 0 0 0 0 0 0 0 0 0 0 0 0 0 0 19 19 0 0 0 0 0 0 0 0 0 0 0 0 0 0 0 0 0 0 0 0 0 0 0 0 0 0 0 0 0 0 0 0 0 0 0 0 0 0 0 0 0 0 0 0 0 0 0 0 0 0 0 0 0 0 0 0 0 0 0 0 0 0 0 0 0 0 0 0 0 0 0 0 0 0 0 0 0 0 0 0 0 0 0 0 0 0 0 0 0 0 0 0 0 0 0 0 0 0 0 0 0 0 0 0 0 0 0 0 0 0 0 0 0 0 0 0 0 0 0 0 0 0 0 0 0 0 0 0 0 0 0 0 0 0 0 0 0 0 0 0 0 0 0 0 0 0 0 0 0 0 0 0 0 0 0 0 0 0 0 0 0 0 0 0 0 0 0 0 0 0 0 0 0 0 0 0 0 0 0 0 0 0 0 0 0 0 0 0 0 0 0 0 0 0 0 0 0 0 0 0 0 0 0 0 0 0 0 0 0 0 0 0 0 0 0 0 0 0 0 0 4 4 4 0 0 0 0 0 0 0 0 0 0 0 0 0 0 0 0 0 0 0 0 0 0 0 0 0 0 0 0 0 0 0 0 0 0 0 0 0 0 0 0 0 0 0 0 0 0 0 0 0 0 0 0 0 0 0 0 0 0 0 0 200 0 0 200 0 0 200 0 0 0 0 0 0 192 192 
48:/usr/share/lua/5.1/say/init.lua
0 0 0 0 0 0 0 0 0 0 0 0 0 2 2 0 0 2 0 0 0 0 0 0 0 0 0 38 38 0 0 0 0 12 0 12 0 12 0 0 12 12 0 44 32 0 0 12 
9:gigasecond.lua
2 0 2 4 5 0 2 0 1 
27:gigasecond_spec.lua
2 0 4 4 2 2 2 3 0 4 2 2 2 3 0 4 2 2 2 3 0 4 2 2 2 3 6 
